------------------------------------------------------------------------------------------------------------------------

[2022-11-01 14:24:51 #1 store] 
Database 'C:\Users\MIKEL\git\betsProject\src\main\resources\bets.temp' has been recovered (tr. 4438-4452)

[2022-11-01 14:24:51 #2 store] 
Database 'C:\Users\MIKEL\git\betsProject\src\main\resources\bets.temp' is opened by 9148@DESKTOP-SLHH47P

[2022-11-01 14:24:51 #3 type] 
Type domain.Competicion is not enhanced.

[2022-11-01 14:24:51 #4 type] 
Type domain.Actor is not enhanced.

[2022-11-01 14:24:51 #5 type] 
Type domain.Evento is not enhanced.

[2022-11-01 14:24:51 #6 type] 
Type domain.Pregunta is not enhanced.

[2022-11-01 14:24:51 #7 type] 
Type domain.Pronostico is not enhanced.

[2022-11-01 14:24:51 #8 type] 
Type domain.Administrador is not enhanced.

[2022-11-01 14:24:51 #9 type] 
Type domain.Apuesta is not enhanced.

[2022-11-01 14:24:51 #10 type] 
Type domain.Usuario is not enhanced.

[2022-11-01 14:24:51 #11 type] 
Type domain.InformeError is not enhanced.

[2022-11-01 14:24:51 #12 type] 
Type domain.Promocion is not enhanced.

------------------------------------------------------------------------------------------------------------------------

[2022-11-01 16:54:51 #1 store] 
Database 'C:\Users\MIKEL\git\betsProject\src\main\resources\bets.temp' has been recovered (tr. 4453-4467)

[2022-11-01 16:54:51 #2 store] 
Database 'C:\Users\MIKEL\git\betsProject\src\main\resources\bets.temp' is opened by 3748@DESKTOP-SLHH47P

[2022-11-01 16:54:51 #3 type] 
Type domain.Competicion is not enhanced.

[2022-11-01 16:54:51 #4 type] 
Type domain.Actor is not enhanced.

[2022-11-01 16:54:51 #5 type] 
Type domain.Evento is not enhanced.

[2022-11-01 16:54:51 #6 type] 
Type domain.Pregunta is not enhanced.

[2022-11-01 16:54:51 #7 type] 
Type domain.Pronostico is not enhanced.

[2022-11-01 16:54:51 #8 type] 
Type domain.Administrador is not enhanced.

[2022-11-01 16:54:51 #9 type] 
Type domain.Apuesta is not enhanced.

[2022-11-01 16:54:51 #10 type] 
Type domain.Usuario is not enhanced.

[2022-11-01 16:54:51 #11 type] 
Type domain.InformeError is not enhanced.

[2022-11-01 16:54:51 #12 type] 
Type domain.Promocion is not enhanced.

------------------------------------------------------------------------------------------------------------------------

[2022-11-01 16:57:43 #1 store] 
Database 'C:\Users\MIKEL\git\betsProject\src\main\resources\bets.temp' has been recovered (tr. 4468-4482)

[2022-11-01 16:57:43 #2 store] 
Database 'C:\Users\MIKEL\git\betsProject\src\main\resources\bets.temp' is opened by 2668@DESKTOP-SLHH47P

[2022-11-01 16:57:43 #3 type] 
Type domain.Competicion is not enhanced.

[2022-11-01 16:57:43 #4 type] 
Type domain.Actor is not enhanced.

[2022-11-01 16:57:43 #5 type] 
Type domain.Evento is not enhanced.

[2022-11-01 16:57:43 #6 type] 
Type domain.Pregunta is not enhanced.

[2022-11-01 16:57:43 #7 type] 
Type domain.Pronostico is not enhanced.

[2022-11-01 16:57:43 #8 type] 
Type domain.Administrador is not enhanced.

[2022-11-01 16:57:43 #9 type] 
Type domain.Apuesta is not enhanced.

[2022-11-01 16:57:43 #10 type] 
Type domain.Usuario is not enhanced.

[2022-11-01 16:57:43 #11 type] 
Type domain.InformeError is not enhanced.

[2022-11-01 16:57:43 #12 type] 
Type domain.Promocion is not enhanced.

------------------------------------------------------------------------------------------------------------------------

[2022-11-01 17:13:44 #1 store] 
Database 'C:\Users\MIKEL\git\betsProject\src\main\resources\bets.temp' has been recovered (tr. 4483-4497)

[2022-11-01 17:13:44 #2 store] 
Database 'C:\Users\MIKEL\git\betsProject\src\main\resources\bets.temp' is opened by 8740@DESKTOP-SLHH47P

[2022-11-01 17:13:44 #3 type] 
Type domain.Competicion is not enhanced.

[2022-11-01 17:13:44 #4 type] 
Type domain.Actor is not enhanced.

[2022-11-01 17:13:44 #5 type] 
Type domain.Evento is not enhanced.

[2022-11-01 17:13:44 #6 type] 
Type domain.Pregunta is not enhanced.

[2022-11-01 17:13:44 #7 type] 
Type domain.Pronostico is not enhanced.

[2022-11-01 17:13:44 #8 type] 
Type domain.Administrador is not enhanced.

[2022-11-01 17:13:44 #9 type] 
Type domain.Apuesta is not enhanced.

[2022-11-01 17:13:44 #10 type] 
Type domain.Usuario is not enhanced.

[2022-11-01 17:13:44 #11 type] 
Type domain.InformeError is not enhanced.

[2022-11-01 17:13:44 #12 type] 
Type domain.Promocion is not enhanced.

------------------------------------------------------------------------------------------------------------------------

[2022-11-01 17:14:12 #1 store] 
Database 'C:\Users\MIKEL\git\betsProject\src\main\resources\bets.temp' has been recovered (tr. 4498-4499)

[2022-11-01 17:14:13 #2 store] 
Database 'C:\Users\MIKEL\git\betsProject\src\main\resources\bets.temp' is opened by 2656@DESKTOP-SLHH47P

[2022-11-01 17:14:13 #3 type] 
Type domain.Competicion is not enhanced.

[2022-11-01 17:14:13 #4 type] 
Type domain.Actor is not enhanced.

[2022-11-01 17:14:13 #5 type] 
Type domain.Evento is not enhanced.

[2022-11-01 17:14:13 #6 type] 
Type domain.Pregunta is not enhanced.

[2022-11-01 17:14:13 #7 type] 
Type domain.Pronostico is not enhanced.

[2022-11-01 17:14:13 #8 type] 
Type domain.Administrador is not enhanced.

[2022-11-01 17:14:13 #9 type] 
Type domain.Apuesta is not enhanced.

[2022-11-01 17:14:13 #10 type] 
Type domain.Usuario is not enhanced.

[2022-11-01 17:14:13 #11 type] 
Type domain.InformeError is not enhanced.

[2022-11-01 17:14:13 #12 type] 
Type domain.Promocion is not enhanced.

------------------------------------------------------------------------------------------------------------------------

[2022-11-01 17:24:07 #1 store] 
Database 'C:\Users\MIKEL\git\betsProject\src\main\resources\bets.temp' has been recovered (tr. 4500-4514)

[2022-11-01 17:24:07 #2 store] 
Database 'C:\Users\MIKEL\git\betsProject\src\main\resources\bets.temp' is opened by 16872@DESKTOP-SLHH47P

[2022-11-01 17:24:07 #3 type] 
Type domain.Competicion is not enhanced.

[2022-11-01 17:24:07 #4 type] 
Type domain.Actor is not enhanced.

[2022-11-01 17:24:07 #5 type] 
Type domain.Evento is not enhanced.

[2022-11-01 17:24:07 #6 type] 
Type domain.Pregunta is not enhanced.

[2022-11-01 17:24:07 #7 type] 
Type domain.Pronostico is not enhanced.

[2022-11-01 17:24:07 #8 type] 
Type domain.Administrador is not enhanced.

[2022-11-01 17:24:07 #9 type] 
Type domain.Apuesta is not enhanced.

[2022-11-01 17:24:08 #10 type] 
Type domain.Usuario is not enhanced.

[2022-11-01 17:24:08 #11 type] 
Type domain.InformeError is not enhanced.

[2022-11-01 17:24:08 #12 type] 
Type domain.Promocion is not enhanced.

------------------------------------------------------------------------------------------------------------------------

[2022-11-01 17:29:54 #1 store] 
Database 'C:\Users\MIKEL\git\betsProject\src\main\resources\bets.temp' has been recovered (tr. 4515-4530)

[2022-11-01 17:29:54 #2 store] 
Database 'C:\Users\MIKEL\git\betsProject\src\main\resources\bets.temp' is opened by 6464@DESKTOP-SLHH47P

[2022-11-01 17:29:54 #3 type] 
Type domain.Competicion is not enhanced.

[2022-11-01 17:29:54 #4 type] 
Type domain.Actor is not enhanced.

[2022-11-01 17:29:54 #5 type] 
Type domain.Evento is not enhanced.

[2022-11-01 17:29:54 #6 type] 
Type domain.Pregunta is not enhanced.

[2022-11-01 17:29:54 #7 type] 
Type domain.Pronostico is not enhanced.

[2022-11-01 17:29:54 #8 type] 
Type domain.Administrador is not enhanced.

[2022-11-01 17:29:54 #9 type] 
Type domain.Apuesta is not enhanced.

[2022-11-01 17:29:54 #10 type] 
Type domain.Usuario is not enhanced.

[2022-11-01 17:29:54 #11 type] 
Type domain.InformeError is not enhanced.

[2022-11-01 17:29:54 #12 type] 
Type domain.Promocion is not enhanced.

------------------------------------------------------------------------------------------------------------------------

[2022-11-01 17:32:18 #1 store] 
Database 'C:\Users\MIKEL\git\betsProject\src\main\resources\bets.temp' has been recovered (tr. 4531-4546)

[2022-11-01 17:32:18 #2 store] 
Database 'C:\Users\MIKEL\git\betsProject\src\main\resources\bets.temp' is opened by 13848@DESKTOP-SLHH47P

[2022-11-01 17:32:18 #3 type] 
Type domain.Competicion is not enhanced.

[2022-11-01 17:32:18 #4 type] 
Type domain.Actor is not enhanced.

[2022-11-01 17:32:18 #5 type] 
Type domain.Evento is not enhanced.

[2022-11-01 17:32:18 #6 type] 
Type domain.Pregunta is not enhanced.

[2022-11-01 17:32:18 #7 type] 
Type domain.Pronostico is not enhanced.

[2022-11-01 17:32:18 #8 type] 
Type domain.Administrador is not enhanced.

[2022-11-01 17:32:18 #9 type] 
Type domain.Apuesta is not enhanced.

[2022-11-01 17:32:18 #10 type] 
Type domain.Usuario is not enhanced.

[2022-11-01 17:32:18 #11 type] 
Type domain.InformeError is not enhanced.

[2022-11-01 17:32:18 #12 type] 
Type domain.Promocion is not enhanced.

------------------------------------------------------------------------------------------------------------------------

[2022-11-01 17:58:16 #1 store] 
Database 'C:\Users\MIKEL\git\betsProject\src\main\resources\bets.temp' has been recovered (tr. 4547-4562)

[2022-11-01 17:58:16 #2 store] 
Database 'C:\Users\MIKEL\git\betsProject\src\main\resources\bets.temp' is opened by 20620@DESKTOP-SLHH47P

[2022-11-01 17:58:17 #3 type] 
Type domain.Competicion is not enhanced.

[2022-11-01 17:58:17 #4 type] 
Type domain.Actor is not enhanced.

[2022-11-01 17:58:17 #5 type] 
Type domain.Evento is not enhanced.

[2022-11-01 17:58:17 #6 type] 
Type domain.Pregunta is not enhanced.

[2022-11-01 17:58:17 #7 type] 
Type domain.Pronostico is not enhanced.

[2022-11-01 17:58:17 #8 type] 
Type domain.Administrador is not enhanced.

[2022-11-01 17:58:17 #9 type] 
Type domain.Apuesta is not enhanced.

[2022-11-01 17:58:17 #10 type] 
Type domain.Usuario is not enhanced.

[2022-11-01 17:58:17 #11 type] 
Type domain.InformeError is not enhanced.

[2022-11-01 17:58:17 #12 type] 
Type domain.Promocion is not enhanced.

------------------------------------------------------------------------------------------------------------------------

[2022-11-01 18:00:26 #1 store] 
Database 'C:\Users\MIKEL\git\betsProject\src\main\resources\bets.temp' has been recovered (tr. 4563-4575)

[2022-11-01 18:00:26 #2 store] 
Database 'C:\Users\MIKEL\git\betsProject\src\main\resources\bets.temp' is opened by 9156@DESKTOP-SLHH47P

[2022-11-01 18:00:27 #3 type] 
Type domain.Competicion is not enhanced.

[2022-11-01 18:00:27 #4 type] 
Type domain.Actor is not enhanced.

[2022-11-01 18:00:27 #5 type] 
Type domain.Evento is not enhanced.

[2022-11-01 18:00:27 #6 type] 
Type domain.Pregunta is not enhanced.

[2022-11-01 18:00:27 #7 type] 
Type domain.Pronostico is not enhanced.

[2022-11-01 18:00:27 #8 type] 
Type domain.Administrador is not enhanced.

[2022-11-01 18:00:27 #9 type] 
Type domain.Apuesta is not enhanced.

[2022-11-01 18:00:27 #10 type] 
Type domain.Usuario is not enhanced.

[2022-11-01 18:00:27 #11 type] 
Type domain.InformeError is not enhanced.

[2022-11-01 18:00:27 #12 type] 
Type domain.Promocion is not enhanced.

------------------------------------------------------------------------------------------------------------------------

[2022-11-01 18:05:28 #1 store] 
Database 'C:\Users\MIKEL\git\betsProject\src\main\resources\bets.temp' has been recovered (tr. 4576-4585)

[2022-11-01 18:05:28 #2 store] 
Database 'C:\Users\MIKEL\git\betsProject\src\main\resources\bets.temp' is opened by 23164@DESKTOP-SLHH47P

[2022-11-01 18:05:28 #3 type] 
Type domain.Competicion is not enhanced.

[2022-11-01 18:05:28 #4 type] 
Type domain.Actor is not enhanced.

[2022-11-01 18:05:28 #5 type] 
Type domain.Evento is not enhanced.

[2022-11-01 18:05:28 #6 type] 
Type domain.Pregunta is not enhanced.

[2022-11-01 18:05:28 #7 type] 
Type domain.Pronostico is not enhanced.

[2022-11-01 18:05:28 #8 type] 
Type domain.Administrador is not enhanced.

[2022-11-01 18:05:28 #9 type] 
Type domain.Apuesta is not enhanced.

[2022-11-01 18:05:28 #10 type] 
Type domain.Usuario is not enhanced.

[2022-11-01 18:05:28 #11 type] 
Type domain.InformeError is not enhanced.

[2022-11-01 18:05:28 #12 type] 
Type domain.Promocion is not enhanced.

------------------------------------------------------------------------------------------------------------------------

[2022-11-01 18:07:22 #1 store] 
Database 'C:\Users\MIKEL\git\betsProject\src\main\resources\bets.temp' has been recovered (tr. 4586-4596)

[2022-11-01 18:07:23 #2 store] 
Database 'C:\Users\MIKEL\git\betsProject\src\main\resources\bets.temp' is opened by 8784@DESKTOP-SLHH47P

[2022-11-01 18:07:23 #3 type] 
Type domain.Competicion is not enhanced.

[2022-11-01 18:07:23 #4 type] 
Type domain.Actor is not enhanced.

[2022-11-01 18:07:23 #5 type] 
Type domain.Evento is not enhanced.

[2022-11-01 18:07:23 #6 type] 
Type domain.Pregunta is not enhanced.

[2022-11-01 18:07:23 #7 type] 
Type domain.Pronostico is not enhanced.

[2022-11-01 18:07:23 #8 type] 
Type domain.Administrador is not enhanced.

[2022-11-01 18:07:23 #9 type] 
Type domain.Apuesta is not enhanced.

[2022-11-01 18:07:23 #10 type] 
Type domain.Usuario is not enhanced.

[2022-11-01 18:07:23 #11 type] 
Type domain.InformeError is not enhanced.

[2022-11-01 18:07:23 #12 type] 
Type domain.Promocion is not enhanced.

