------------------------------------------------------------------------------------------------------------------------

[2022-10-19 11:18:39 #1 store] 
Database '/Users/and333r/git/betsProject/src/main/resources/bets.temp' has been recovered (tr. 4620-4657)

[2022-10-19 11:18:39 #2 store] 
Database '/Users/and333r/git/betsProject/src/main/resources/bets.temp' is opened by 796@MacBook-de-Ander.local

[2022-10-19 11:18:39 #3 type] 
Type domain.Competicion is not enhanced.

[2022-10-19 11:18:39 #4 type] 
Type domain.Actor is not enhanced.

[2022-10-19 11:18:39 #5 type] 
Type domain.Evento is not enhanced.

[2022-10-19 11:18:39 #6 type] 
Type domain.Pregunta is not enhanced.

[2022-10-19 11:18:39 #7 type] 
Type domain.Pronostico is not enhanced.

[2022-10-19 11:18:39 #8 type] 
Type domain.Administrador is not enhanced.

[2022-10-19 11:18:39 #9 type] 
Type domain.Apuesta is not enhanced.

[2022-10-19 11:18:39 #10 type] 
Type domain.Usuario is not enhanced.

[2022-10-19 11:18:39 #11 type] 
Type domain.InformeError is not enhanced.

[2022-10-19 11:18:39 #12 type] 
Type domain.Promocion is not enhanced.

------------------------------------------------------------------------------------------------------------------------

[2022-10-19 11:18:56 #1 store] 
Database '/Users/and333r/git/betsProject/src/main/resources/bets.temp' has been recovered (tr. 4658-4699)

[2022-10-19 11:18:56 #2 store] 
Database '/Users/and333r/git/betsProject/src/main/resources/bets.temp' is opened by 799@MacBook-de-Ander.local

[2022-10-19 11:18:56 #3 type] 
Type domain.Competicion is not enhanced.

[2022-10-19 11:18:56 #4 type] 
Type domain.Actor is not enhanced.

[2022-10-19 11:18:56 #5 type] 
Type domain.Evento is not enhanced.

[2022-10-19 11:18:56 #6 type] 
Type domain.Pregunta is not enhanced.

[2022-10-19 11:18:56 #7 type] 
Type domain.Pronostico is not enhanced.

[2022-10-19 11:18:56 #8 type] 
Type domain.Administrador is not enhanced.

[2022-10-19 11:18:56 #9 type] 
Type domain.Apuesta is not enhanced.

[2022-10-19 11:18:56 #10 type] 
Type domain.Usuario is not enhanced.

[2022-10-19 11:18:57 #11 type] 
Type domain.InformeError is not enhanced.

[2022-10-19 11:18:57 #12 type] 
Type domain.Promocion is not enhanced.

------------------------------------------------------------------------------------------------------------------------

[2022-10-19 11:19:06 #1 store] 
Database '/Users/and333r/git/betsProject/src/main/resources/bets.temp' has been recovered (tr. 4700-4741)

[2022-10-19 11:19:06 #2 store] 
Database '/Users/and333r/git/betsProject/src/main/resources/bets.temp' is opened by 805@MacBook-de-Ander.local

[2022-10-19 11:19:06 #3 type] 
Type domain.Competicion is not enhanced.

[2022-10-19 11:19:06 #4 type] 
Type domain.Actor is not enhanced.

[2022-10-19 11:19:06 #5 type] 
Type domain.Evento is not enhanced.

[2022-10-19 11:19:06 #6 type] 
Type domain.Pregunta is not enhanced.

[2022-10-19 11:19:06 #7 type] 
Type domain.Pronostico is not enhanced.

[2022-10-19 11:19:06 #8 type] 
Type domain.Administrador is not enhanced.

[2022-10-19 11:19:06 #9 type] 
Type domain.Apuesta is not enhanced.

[2022-10-19 11:19:06 #10 type] 
Type domain.Usuario is not enhanced.

[2022-10-19 11:19:06 #11 type] 
Type domain.InformeError is not enhanced.

[2022-10-19 11:19:06 #12 type] 
Type domain.Promocion is not enhanced.

