------------------------------------------------------------------------------------------------------------------------

[2022-10-09 00:56:49 #1 store] 
Database 'C:\Users\MIKEL\git\betsProject\src\main\resources\bets.temp' is opened by 29880@DESKTOP-SLHH47P

[2022-10-09 00:56:49 #2 type] 
Type domain.Competicion is not enhanced.

[2022-10-09 00:56:49 #3 type] 
Type domain.Actor is not enhanced.

[2022-10-09 00:56:49 #4 type] 
Type domain.Evento is not enhanced.

[2022-10-09 00:56:49 #5 type] 
Type domain.Pregunta is not enhanced.

[2022-10-09 00:56:49 #6 type] 
Type domain.Pronostico is not enhanced.

[2022-10-09 00:56:49 #7 type] 
Type domain.Administrador is not enhanced.

[2022-10-09 00:56:49 #8 type] 
Type domain.Apuesta is not enhanced.

[2022-10-09 00:56:49 #9 type] 
Type domain.Usuario is not enhanced.

[2022-10-09 00:56:49 #10 type] 
Type domain.InformeError is not enhanced.

[2022-10-09 00:56:49 #11 type] 
Type domain.Promocion is not enhanced.

------------------------------------------------------------------------------------------------------------------------

[2022-10-09 02:15:18 #1 store] 
Database 'C:\Users\MIKEL\git\betsProject\src\main\resources\bets.temp' has been recovered (tr. 25-25)

[2022-10-09 02:15:18 #2 store] 
Database 'C:\Users\MIKEL\git\betsProject\src\main\resources\bets.temp' is opened by 25688@DESKTOP-SLHH47P

[2022-10-09 02:15:18 #3 type] 
Type domain.Competicion is not enhanced.

[2022-10-09 02:15:18 #4 type] 
Type domain.Actor is not enhanced.

[2022-10-09 02:15:18 #5 type] 
Type domain.Evento is not enhanced.

[2022-10-09 02:15:18 #6 type] 
Type domain.Pregunta is not enhanced.

[2022-10-09 02:15:18 #7 type] 
Type domain.Pronostico is not enhanced.

[2022-10-09 02:15:18 #8 type] 
Type domain.Administrador is not enhanced.

[2022-10-09 02:15:18 #9 type] 
Type domain.Apuesta is not enhanced.

[2022-10-09 02:15:18 #10 type] 
Type domain.Usuario is not enhanced.

[2022-10-09 02:15:18 #11 type] 
Type domain.InformeError is not enhanced.

[2022-10-09 02:15:18 #12 type] 
Type domain.Promocion is not enhanced.

------------------------------------------------------------------------------------------------------------------------

[2022-10-09 02:35:12 #1 store] 
Database 'C:\Users\MIKEL\git\betsProject\src\main\resources\bets.temp' is opened by 31704@DESKTOP-SLHH47P

[2022-10-09 02:35:12 #2 type] 
Type domain.Competicion is not enhanced.

[2022-10-09 02:35:12 #3 type] 
Type domain.Actor is not enhanced.

[2022-10-09 02:35:12 #4 type] 
Type domain.Evento is not enhanced.

[2022-10-09 02:35:12 #5 type] 
Type domain.Pregunta is not enhanced.

[2022-10-09 02:35:12 #6 type] 
Type domain.Pronostico is not enhanced.

[2022-10-09 02:35:12 #7 type] 
Type domain.Administrador is not enhanced.

[2022-10-09 02:35:12 #8 type] 
Type domain.Apuesta is not enhanced.

[2022-10-09 02:35:12 #9 type] 
Type domain.Usuario is not enhanced.

[2022-10-09 02:35:12 #10 type] 
Type domain.InformeError is not enhanced.

[2022-10-09 02:35:12 #11 type] 
Type domain.Promocion is not enhanced.

------------------------------------------------------------------------------------------------------------------------

[2022-10-09 02:39:16 #1 store] 
Database 'C:\Users\MIKEL\git\betsProject\src\main\resources\bets.temp' has been recovered (tr. 26-28)

[2022-10-09 02:39:17 #2 store] 
Database 'C:\Users\MIKEL\git\betsProject\src\main\resources\bets.temp' is opened by 29556@DESKTOP-SLHH47P

[2022-10-09 02:39:17 #3 type] 
Type domain.Competicion is not enhanced.

[2022-10-09 02:39:17 #4 type] 
Type domain.Actor is not enhanced.

[2022-10-09 02:39:17 #5 type] 
Type domain.Evento is not enhanced.

[2022-10-09 02:39:17 #6 type] 
Type domain.Pregunta is not enhanced.

[2022-10-09 02:39:17 #7 type] 
Type domain.Pronostico is not enhanced.

[2022-10-09 02:39:17 #8 type] 
Type domain.Administrador is not enhanced.

[2022-10-09 02:39:17 #9 type] 
Type domain.Apuesta is not enhanced.

[2022-10-09 02:39:17 #10 type] 
Type domain.Usuario is not enhanced.

[2022-10-09 02:39:17 #11 type] 
Type domain.InformeError is not enhanced.

[2022-10-09 02:39:17 #12 type] 
Type domain.Promocion is not enhanced.

------------------------------------------------------------------------------------------------------------------------

[2022-10-09 02:42:14 #1 store] 
Database 'C:\Users\MIKEL\git\betsProject\src\main\resources\bets.temp' is opened by 26764@DESKTOP-SLHH47P

[2022-10-09 02:42:15 #2 type] 
Type domain.Competicion is not enhanced.

[2022-10-09 02:42:15 #3 type] 
Type domain.Actor is not enhanced.

[2022-10-09 02:42:15 #4 type] 
Type domain.Evento is not enhanced.

[2022-10-09 02:42:15 #5 type] 
Type domain.Pregunta is not enhanced.

[2022-10-09 02:42:15 #6 type] 
Type domain.Pronostico is not enhanced.

[2022-10-09 02:42:15 #7 type] 
Type domain.Administrador is not enhanced.

[2022-10-09 02:42:15 #8 type] 
Type domain.Apuesta is not enhanced.

[2022-10-09 02:42:15 #9 type] 
Type domain.Usuario is not enhanced.

[2022-10-09 02:42:15 #10 type] 
Type domain.InformeError is not enhanced.

[2022-10-09 02:42:15 #11 type] 
Type domain.Promocion is not enhanced.

------------------------------------------------------------------------------------------------------------------------

[2022-10-09 02:42:58 #1 store] 
Database 'C:\Users\MIKEL\git\betsProject\src\main\resources\bets.temp' is opened by 13588@DESKTOP-SLHH47P

[2022-10-09 02:42:58 #2 type] 
Type domain.Competicion is not enhanced.

[2022-10-09 02:42:58 #3 type] 
Type domain.Actor is not enhanced.

[2022-10-09 02:42:58 #4 type] 
Type domain.Evento is not enhanced.

[2022-10-09 02:42:58 #5 type] 
Type domain.Pregunta is not enhanced.

[2022-10-09 02:42:58 #6 type] 
Type domain.Pronostico is not enhanced.

[2022-10-09 02:42:58 #7 type] 
Type domain.Administrador is not enhanced.

[2022-10-09 02:42:58 #8 type] 
Type domain.Apuesta is not enhanced.

[2022-10-09 02:42:58 #9 type] 
Type domain.Usuario is not enhanced.

[2022-10-09 02:42:58 #10 type] 
Type domain.InformeError is not enhanced.

[2022-10-09 02:42:58 #11 type] 
Type domain.Promocion is not enhanced.

------------------------------------------------------------------------------------------------------------------------

[2022-10-09 02:43:24 #1 store] 
Database 'C:\Users\MIKEL\git\betsProject\src\main\resources\bets.temp' is opened by 29620@DESKTOP-SLHH47P

[2022-10-09 02:43:24 #2 type] 
Type domain.Competicion is not enhanced.

[2022-10-09 02:43:24 #3 type] 
Type domain.Actor is not enhanced.

[2022-10-09 02:43:24 #4 type] 
Type domain.Evento is not enhanced.

[2022-10-09 02:43:24 #5 type] 
Type domain.Pregunta is not enhanced.

[2022-10-09 02:43:24 #6 type] 
Type domain.Pronostico is not enhanced.

[2022-10-09 02:43:24 #7 type] 
Type domain.Administrador is not enhanced.

[2022-10-09 02:43:24 #8 type] 
Type domain.Apuesta is not enhanced.

[2022-10-09 02:43:24 #9 type] 
Type domain.Usuario is not enhanced.

[2022-10-09 02:43:24 #10 type] 
Type domain.InformeError is not enhanced.

[2022-10-09 02:43:24 #11 type] 
Type domain.Promocion is not enhanced.

------------------------------------------------------------------------------------------------------------------------

[2022-10-09 02:43:56 #1 store] 
Database 'C:\Users\MIKEL\git\betsProject\src\main\resources\bets.temp' is opened by 22508@DESKTOP-SLHH47P

[2022-10-09 02:43:56 #2 type] 
Type domain.Competicion is not enhanced.

[2022-10-09 02:43:56 #3 type] 
Type domain.Actor is not enhanced.

[2022-10-09 02:43:56 #4 type] 
Type domain.Evento is not enhanced.

[2022-10-09 02:43:56 #5 type] 
Type domain.Pregunta is not enhanced.

[2022-10-09 02:43:56 #6 type] 
Type domain.Pronostico is not enhanced.

[2022-10-09 02:43:56 #7 type] 
Type domain.Administrador is not enhanced.

[2022-10-09 02:43:56 #8 type] 
Type domain.Apuesta is not enhanced.

[2022-10-09 02:43:56 #9 type] 
Type domain.Usuario is not enhanced.

[2022-10-09 02:43:56 #10 type] 
Type domain.InformeError is not enhanced.

[2022-10-09 02:43:56 #11 type] 
Type domain.Promocion is not enhanced.

------------------------------------------------------------------------------------------------------------------------

[2022-10-09 02:45:07 #1 store] 
Database 'C:\Users\MIKEL\git\betsProject\src\main\resources\bets.temp' is opened by 27028@DESKTOP-SLHH47P

[2022-10-09 02:45:07 #2 type] 
Type domain.Competicion is not enhanced.

[2022-10-09 02:45:07 #3 type] 
Type domain.Actor is not enhanced.

[2022-10-09 02:45:07 #4 type] 
Type domain.Evento is not enhanced.

[2022-10-09 02:45:07 #5 type] 
Type domain.Pregunta is not enhanced.

[2022-10-09 02:45:07 #6 type] 
Type domain.Pronostico is not enhanced.

[2022-10-09 02:45:07 #7 type] 
Type domain.Administrador is not enhanced.

[2022-10-09 02:45:07 #8 type] 
Type domain.Apuesta is not enhanced.

[2022-10-09 02:45:07 #9 type] 
Type domain.Usuario is not enhanced.

[2022-10-09 02:45:07 #10 type] 
Type domain.InformeError is not enhanced.

[2022-10-09 02:45:07 #11 type] 
Type domain.Promocion is not enhanced.

------------------------------------------------------------------------------------------------------------------------

[2022-10-09 02:54:50 #1 store] 
Database 'C:\Users\MIKEL\git\betsProject\src\main\resources\bets.temp' is opened by 7128@DESKTOP-SLHH47P

[2022-10-09 02:54:50 #2 type] 
Type domain.Competicion is not enhanced.

[2022-10-09 02:54:50 #3 type] 
Type domain.Actor is not enhanced.

[2022-10-09 02:54:50 #4 type] 
Type domain.Evento is not enhanced.

[2022-10-09 02:54:50 #5 type] 
Type domain.Pregunta is not enhanced.

[2022-10-09 02:54:50 #6 type] 
Type domain.Pronostico is not enhanced.

[2022-10-09 02:54:50 #7 type] 
Type domain.Administrador is not enhanced.

[2022-10-09 02:54:50 #8 type] 
Type domain.Apuesta is not enhanced.

[2022-10-09 02:54:50 #9 type] 
Type domain.Usuario is not enhanced.

[2022-10-09 02:54:50 #10 type] 
Type domain.InformeError is not enhanced.

[2022-10-09 02:54:50 #11 type] 
Type domain.Promocion is not enhanced.

------------------------------------------------------------------------------------------------------------------------

[2022-10-09 02:56:06 #1 store] 
Database 'C:\Users\MIKEL\git\betsProject\src\main\resources\bets.temp' has been recovered (tr. 29-30)

[2022-10-09 02:56:06 #2 store] 
Database 'C:\Users\MIKEL\git\betsProject\src\main\resources\bets.temp' is opened by 15256@DESKTOP-SLHH47P

[2022-10-09 02:56:06 #3 type] 
Type domain.Competicion is not enhanced.

[2022-10-09 02:56:06 #4 type] 
Type domain.Actor is not enhanced.

[2022-10-09 02:56:06 #5 type] 
Type domain.Evento is not enhanced.

[2022-10-09 02:56:06 #6 type] 
Type domain.Pregunta is not enhanced.

[2022-10-09 02:56:06 #7 type] 
Type domain.Pronostico is not enhanced.

[2022-10-09 02:56:06 #8 type] 
Type domain.Administrador is not enhanced.

[2022-10-09 02:56:06 #9 type] 
Type domain.Apuesta is not enhanced.

[2022-10-09 02:56:06 #10 type] 
Type domain.Usuario is not enhanced.

[2022-10-09 02:56:06 #11 type] 
Type domain.InformeError is not enhanced.

[2022-10-09 02:56:06 #12 type] 
Type domain.Promocion is not enhanced.

------------------------------------------------------------------------------------------------------------------------

[2022-10-09 02:56:30 #1 store] 
Database 'C:\Users\MIKEL\git\betsProject\src\main\resources\bets.temp' has been recovered (tr. 31-31)

[2022-10-09 02:56:30 #2 store] 
Database 'C:\Users\MIKEL\git\betsProject\src\main\resources\bets.temp' is opened by 8688@DESKTOP-SLHH47P

[2022-10-09 02:56:30 #3 type] 
Type domain.Competicion is not enhanced.

[2022-10-09 02:56:30 #4 type] 
Type domain.Actor is not enhanced.

[2022-10-09 02:56:30 #5 type] 
Type domain.Evento is not enhanced.

[2022-10-09 02:56:30 #6 type] 
Type domain.Pregunta is not enhanced.

[2022-10-09 02:56:30 #7 type] 
Type domain.Pronostico is not enhanced.

[2022-10-09 02:56:30 #8 type] 
Type domain.Administrador is not enhanced.

[2022-10-09 02:56:30 #9 type] 
Type domain.Apuesta is not enhanced.

[2022-10-09 02:56:30 #10 type] 
Type domain.Usuario is not enhanced.

[2022-10-09 02:56:30 #11 type] 
Type domain.InformeError is not enhanced.

[2022-10-09 02:56:30 #12 type] 
Type domain.Promocion is not enhanced.

------------------------------------------------------------------------------------------------------------------------

[2022-10-09 03:01:57 #1 store] 
Database 'C:\Users\MIKEL\git\betsProject\src\main\resources\bets.temp' has been recovered (tr. 33-33)

[2022-10-09 03:01:57 #2 store] 
Database 'C:\Users\MIKEL\git\betsProject\src\main\resources\bets.temp' is opened by 20260@DESKTOP-SLHH47P

[2022-10-09 03:01:57 #3 type] 
Type domain.Competicion is not enhanced.

[2022-10-09 03:01:57 #4 type] 
Type domain.Actor is not enhanced.

[2022-10-09 03:01:57 #5 type] 
Type domain.Evento is not enhanced.

[2022-10-09 03:01:57 #6 type] 
Type domain.Pregunta is not enhanced.

[2022-10-09 03:01:57 #7 type] 
Type domain.Pronostico is not enhanced.

[2022-10-09 03:01:57 #8 type] 
Type domain.Administrador is not enhanced.

[2022-10-09 03:01:57 #9 type] 
Type domain.Apuesta is not enhanced.

[2022-10-09 03:01:57 #10 type] 
Type domain.Usuario is not enhanced.

[2022-10-09 03:01:57 #11 type] 
Type domain.InformeError is not enhanced.

[2022-10-09 03:01:57 #12 type] 
Type domain.Promocion is not enhanced.

------------------------------------------------------------------------------------------------------------------------

[2022-10-09 03:03:19 #1 store] 
Database 'C:\Users\MIKEL\git\betsProject\src\main\resources\bets.temp' is opened by 21180@DESKTOP-SLHH47P

[2022-10-09 03:03:19 #2 type] 
Type domain.Competicion is not enhanced.

[2022-10-09 03:03:19 #3 type] 
Type domain.Actor is not enhanced.

[2022-10-09 03:03:19 #4 type] 
Type domain.Evento is not enhanced.

[2022-10-09 03:03:19 #5 type] 
Type domain.Pregunta is not enhanced.

[2022-10-09 03:03:19 #6 type] 
Type domain.Pronostico is not enhanced.

[2022-10-09 03:03:19 #7 type] 
Type domain.Administrador is not enhanced.

[2022-10-09 03:03:19 #8 type] 
Type domain.Apuesta is not enhanced.

[2022-10-09 03:03:19 #9 type] 
Type domain.Usuario is not enhanced.

[2022-10-09 03:03:19 #10 type] 
Type domain.InformeError is not enhanced.

[2022-10-09 03:03:19 #11 type] 
Type domain.Promocion is not enhanced.

------------------------------------------------------------------------------------------------------------------------

[2022-10-09 03:05:18 #1 store] 
Database 'C:\Users\MIKEL\git\betsProject\src\main\resources\bets.temp' is opened by 29876@DESKTOP-SLHH47P

[2022-10-09 03:05:18 #2 type] 
Type domain.Competicion is not enhanced.

[2022-10-09 03:05:18 #3 type] 
Type domain.Actor is not enhanced.

[2022-10-09 03:05:18 #4 type] 
Type domain.Evento is not enhanced.

[2022-10-09 03:05:18 #5 type] 
Type domain.Pregunta is not enhanced.

[2022-10-09 03:05:18 #6 type] 
Type domain.Pronostico is not enhanced.

[2022-10-09 03:05:18 #7 type] 
Type domain.Administrador is not enhanced.

[2022-10-09 03:05:18 #8 type] 
Type domain.Apuesta is not enhanced.

[2022-10-09 03:05:18 #9 type] 
Type domain.Usuario is not enhanced.

[2022-10-09 03:05:18 #10 type] 
Type domain.InformeError is not enhanced.

[2022-10-09 03:05:18 #11 type] 
Type domain.Promocion is not enhanced.

------------------------------------------------------------------------------------------------------------------------

[2022-10-09 03:05:35 #1 store] 
Database 'C:\Users\MIKEL\git\betsProject\src\main\resources\bets.temp' is opened by 7772@DESKTOP-SLHH47P

[2022-10-09 03:05:35 #2 type] 
Type domain.Competicion is not enhanced.

[2022-10-09 03:05:35 #3 type] 
Type domain.Actor is not enhanced.

[2022-10-09 03:05:35 #4 type] 
Type domain.Evento is not enhanced.

[2022-10-09 03:05:35 #5 type] 
Type domain.Pregunta is not enhanced.

[2022-10-09 03:05:35 #6 type] 
Type domain.Pronostico is not enhanced.

[2022-10-09 03:05:35 #7 type] 
Type domain.Administrador is not enhanced.

[2022-10-09 03:05:35 #8 type] 
Type domain.Apuesta is not enhanced.

[2022-10-09 03:05:35 #9 type] 
Type domain.Usuario is not enhanced.

[2022-10-09 03:05:35 #10 type] 
Type domain.InformeError is not enhanced.

[2022-10-09 03:05:35 #11 type] 
Type domain.Promocion is not enhanced.

------------------------------------------------------------------------------------------------------------------------

[2022-10-09 03:25:21 #1 store] 
Database 'C:\Users\MIKEL\git\betsProject\src\main\resources\bets.temp' is opened by 17488@DESKTOP-SLHH47P

[2022-10-09 03:25:21 #2 type] 
Type domain.Competicion is not enhanced.

[2022-10-09 03:25:21 #3 type] 
Type domain.Actor is not enhanced.

[2022-10-09 03:25:21 #4 type] 
Type domain.Evento is not enhanced.

[2022-10-09 03:25:21 #5 type] 
Type domain.Pregunta is not enhanced.

[2022-10-09 03:25:21 #6 type] 
Type domain.Pronostico is not enhanced.

[2022-10-09 03:25:21 #7 type] 
Type domain.Administrador is not enhanced.

[2022-10-09 03:25:21 #8 type] 
Type domain.Apuesta is not enhanced.

[2022-10-09 03:25:21 #9 type] 
Type domain.Usuario is not enhanced.

[2022-10-09 03:25:21 #10 type] 
Type domain.InformeError is not enhanced.

[2022-10-09 03:25:21 #11 type] 
Type domain.Promocion is not enhanced.

------------------------------------------------------------------------------------------------------------------------

[2022-10-09 03:32:26 #1 store] 
Database 'C:\Users\MIKEL\git\betsProject\src\main\resources\bets.temp' is opened by 25396@DESKTOP-SLHH47P

[2022-10-09 03:32:26 #2 type] 
Type domain.Competicion is not enhanced.

[2022-10-09 03:32:26 #3 type] 
Type domain.Actor is not enhanced.

[2022-10-09 03:32:26 #4 type] 
Type domain.Evento is not enhanced.

[2022-10-09 03:32:26 #5 type] 
Type domain.Pregunta is not enhanced.

[2022-10-09 03:32:26 #6 type] 
Type domain.Pronostico is not enhanced.

[2022-10-09 03:32:26 #7 type] 
Type domain.Administrador is not enhanced.

[2022-10-09 03:32:26 #8 type] 
Type domain.Apuesta is not enhanced.

[2022-10-09 03:32:26 #9 type] 
Type domain.Usuario is not enhanced.

[2022-10-09 03:32:26 #10 type] 
Type domain.InformeError is not enhanced.

[2022-10-09 03:32:26 #11 type] 
Type domain.Promocion is not enhanced.

------------------------------------------------------------------------------------------------------------------------

[2022-10-09 03:38:59 #1 store] 
Database 'C:\Users\MIKEL\git\betsProject\src\main\resources\bets.temp' is opened by 5884@DESKTOP-SLHH47P

[2022-10-09 03:38:59 #2 type] 
Type domain.Competicion is not enhanced.

[2022-10-09 03:38:59 #3 type] 
Type domain.Actor is not enhanced.

[2022-10-09 03:38:59 #4 type] 
Type domain.Evento is not enhanced.

[2022-10-09 03:38:59 #5 type] 
Type domain.Pregunta is not enhanced.

[2022-10-09 03:38:59 #6 type] 
Type domain.Pronostico is not enhanced.

[2022-10-09 03:38:59 #7 type] 
Type domain.Administrador is not enhanced.

[2022-10-09 03:38:59 #8 type] 
Type domain.Apuesta is not enhanced.

[2022-10-09 03:38:59 #9 type] 
Type domain.Usuario is not enhanced.

[2022-10-09 03:38:59 #10 type] 
Type domain.InformeError is not enhanced.

[2022-10-09 03:38:59 #11 type] 
Type domain.Promocion is not enhanced.

------------------------------------------------------------------------------------------------------------------------

[2022-10-09 03:40:54 #1 store] 
Database 'C:\Users\MIKEL\git\betsProject\src\main\resources\bets.temp' is opened by 15492@DESKTOP-SLHH47P

[2022-10-09 03:40:54 #2 type] 
Type domain.Competicion is not enhanced.

[2022-10-09 03:40:54 #3 type] 
Type domain.Actor is not enhanced.

[2022-10-09 03:40:54 #4 type] 
Type domain.Evento is not enhanced.

[2022-10-09 03:40:54 #5 type] 
Type domain.Pregunta is not enhanced.

[2022-10-09 03:40:54 #6 type] 
Type domain.Pronostico is not enhanced.

[2022-10-09 03:40:54 #7 type] 
Type domain.Administrador is not enhanced.

[2022-10-09 03:40:54 #8 type] 
Type domain.Apuesta is not enhanced.

[2022-10-09 03:40:54 #9 type] 
Type domain.Usuario is not enhanced.

[2022-10-09 03:40:54 #10 type] 
Type domain.InformeError is not enhanced.

[2022-10-09 03:40:54 #11 type] 
Type domain.Promocion is not enhanced.

------------------------------------------------------------------------------------------------------------------------

[2022-10-09 03:41:48 #1 store] 
Database 'C:\Users\MIKEL\git\betsProject\src\main\resources\bets.temp' is opened by 10268@DESKTOP-SLHH47P

[2022-10-09 03:41:48 #2 type] 
Type domain.Competicion is not enhanced.

[2022-10-09 03:41:48 #3 type] 
Type domain.Actor is not enhanced.

[2022-10-09 03:41:48 #4 type] 
Type domain.Evento is not enhanced.

[2022-10-09 03:41:48 #5 type] 
Type domain.Pregunta is not enhanced.

[2022-10-09 03:41:48 #6 type] 
Type domain.Pronostico is not enhanced.

[2022-10-09 03:41:48 #7 type] 
Type domain.Administrador is not enhanced.

[2022-10-09 03:41:48 #8 type] 
Type domain.Apuesta is not enhanced.

[2022-10-09 03:41:48 #9 type] 
Type domain.Usuario is not enhanced.

[2022-10-09 03:41:48 #10 type] 
Type domain.InformeError is not enhanced.

[2022-10-09 03:41:48 #11 type] 
Type domain.Promocion is not enhanced.

------------------------------------------------------------------------------------------------------------------------

[2022-10-09 12:39:40 #1 store] 
Database '/Users/and333r/git/betsProject/src/main/resources/bets.temp' is opened by 1428@macbook-de-ander.home

[2022-10-09 12:39:40 #2 type] 
Type domain.Competicion is not enhanced.

[2022-10-09 12:39:40 #3 type] 
Type domain.Actor is not enhanced.

[2022-10-09 12:39:40 #4 type] 
Type domain.Evento is not enhanced.

[2022-10-09 12:39:40 #5 type] 
Type domain.Pregunta is not enhanced.

[2022-10-09 12:39:40 #6 type] 
Type domain.Pronostico is not enhanced.

[2022-10-09 12:39:40 #7 type] 
Type domain.Administrador is not enhanced.

[2022-10-09 12:39:40 #8 type] 
Type domain.Apuesta is not enhanced.

[2022-10-09 12:39:40 #9 type] 
Type domain.Usuario is not enhanced.

[2022-10-09 12:39:40 #10 type] 
Type domain.InformeError is not enhanced.

[2022-10-09 12:39:40 #11 type] 
Type domain.Promocion is not enhanced.

------------------------------------------------------------------------------------------------------------------------

[2022-10-09 13:02:06 #1 store] 
Database '/Users/and333r/git/betsProject/src/main/resources/bets.temp' is opened by 1668@macbook-de-ander.home

[2022-10-09 13:02:06 #2 type] 
Type domain.Competicion is not enhanced.

[2022-10-09 13:02:06 #3 type] 
Type domain.Actor is not enhanced.

[2022-10-09 13:02:06 #4 type] 
Type domain.Evento is not enhanced.

[2022-10-09 13:02:06 #5 type] 
Type domain.Pregunta is not enhanced.

[2022-10-09 13:02:06 #6 type] 
Type domain.Pronostico is not enhanced.

[2022-10-09 13:02:06 #7 type] 
Type domain.Administrador is not enhanced.

[2022-10-09 13:02:06 #8 type] 
Type domain.Apuesta is not enhanced.

[2022-10-09 13:02:06 #9 type] 
Type domain.Usuario is not enhanced.

[2022-10-09 13:02:06 #10 type] 
Type domain.InformeError is not enhanced.

[2022-10-09 13:02:06 #11 type] 
Type domain.Promocion is not enhanced.

------------------------------------------------------------------------------------------------------------------------

[2022-10-09 13:55:26 #1 store] 
Database '/Users/and333r/git/betsProject/src/main/resources/bets.temp' is opened by 2235@macbook-de-ander.home

[2022-10-09 13:55:26 #2 type] 
Type domain.Competicion is not enhanced.

[2022-10-09 13:55:26 #3 type] 
Type domain.Actor is not enhanced.

[2022-10-09 13:55:26 #4 type] 
Type domain.Evento is not enhanced.

[2022-10-09 13:55:26 #5 type] 
Type domain.Pregunta is not enhanced.

[2022-10-09 13:55:26 #6 type] 
Type domain.Pronostico is not enhanced.

[2022-10-09 13:55:26 #7 type] 
Type domain.Administrador is not enhanced.

[2022-10-09 13:55:26 #8 type] 
Type domain.Apuesta is not enhanced.

[2022-10-09 13:55:26 #9 type] 
Type domain.Usuario is not enhanced.

[2022-10-09 13:55:26 #10 type] 
Type domain.InformeError is not enhanced.

[2022-10-09 13:55:26 #11 type] 
Type domain.Promocion is not enhanced.

------------------------------------------------------------------------------------------------------------------------

[2022-10-09 13:56:21 #1 store] 
Database '/Users/and333r/git/betsProject/src/main/resources/bets.temp' is opened by 2237@macbook-de-ander.home

[2022-10-09 13:56:21 #2 type] 
Type domain.Competicion is not enhanced.

[2022-10-09 13:56:21 #3 type] 
Type domain.Actor is not enhanced.

[2022-10-09 13:56:21 #4 type] 
Type domain.Evento is not enhanced.

[2022-10-09 13:56:21 #5 type] 
Type domain.Pregunta is not enhanced.

[2022-10-09 13:56:21 #6 type] 
Type domain.Pronostico is not enhanced.

[2022-10-09 13:56:21 #7 type] 
Type domain.Administrador is not enhanced.

[2022-10-09 13:56:21 #8 type] 
Type domain.Apuesta is not enhanced.

[2022-10-09 13:56:21 #9 type] 
Type domain.Usuario is not enhanced.

[2022-10-09 13:56:21 #10 type] 
Type domain.InformeError is not enhanced.

[2022-10-09 13:56:21 #11 type] 
Type domain.Promocion is not enhanced.

------------------------------------------------------------------------------------------------------------------------

[2022-10-09 14:01:38 #1 store] 
Database '/Users/and333r/git/betsProject/src/main/resources/bets.temp' is opened by 2246@macbook-de-ander.home

[2022-10-09 14:01:38 #2 type] 
Type domain.Competicion is not enhanced.

[2022-10-09 14:01:38 #3 type] 
Type domain.Actor is not enhanced.

[2022-10-09 14:01:38 #4 type] 
Type domain.Evento is not enhanced.

[2022-10-09 14:01:38 #5 type] 
Type domain.Pregunta is not enhanced.

[2022-10-09 14:01:38 #6 type] 
Type domain.Pronostico is not enhanced.

[2022-10-09 14:01:38 #7 type] 
Type domain.Administrador is not enhanced.

[2022-10-09 14:01:38 #8 type] 
Type domain.Apuesta is not enhanced.

[2022-10-09 14:01:38 #9 type] 
Type domain.Usuario is not enhanced.

[2022-10-09 14:01:38 #10 type] 
Type domain.InformeError is not enhanced.

[2022-10-09 14:01:38 #11 type] 
Type domain.Promocion is not enhanced.

------------------------------------------------------------------------------------------------------------------------

[2022-10-09 14:02:08 #1 store] 
Database '/Users/and333r/git/betsProject/src/main/resources/bets.temp' is opened by 2248@macbook-de-ander.home

[2022-10-09 14:02:09 #2 type] 
Type domain.Competicion is not enhanced.

[2022-10-09 14:02:09 #3 type] 
Type domain.Actor is not enhanced.

[2022-10-09 14:02:09 #4 type] 
Type domain.Evento is not enhanced.

[2022-10-09 14:02:09 #5 type] 
Type domain.Pregunta is not enhanced.

[2022-10-09 14:02:09 #6 type] 
Type domain.Pronostico is not enhanced.

[2022-10-09 14:02:09 #7 type] 
Type domain.Administrador is not enhanced.

[2022-10-09 14:02:09 #8 type] 
Type domain.Apuesta is not enhanced.

[2022-10-09 14:02:09 #9 type] 
Type domain.Usuario is not enhanced.

[2022-10-09 14:02:09 #10 type] 
Type domain.InformeError is not enhanced.

[2022-10-09 14:02:09 #11 type] 
Type domain.Promocion is not enhanced.

------------------------------------------------------------------------------------------------------------------------

[2022-10-09 14:02:25 #1 store] 
Database '/Users/and333r/git/betsProject/src/main/resources/bets.temp' is opened by 2249@macbook-de-ander.home

[2022-10-09 14:02:25 #2 type] 
Type domain.Competicion is not enhanced.

[2022-10-09 14:02:25 #3 type] 
Type domain.Actor is not enhanced.

[2022-10-09 14:02:25 #4 type] 
Type domain.Evento is not enhanced.

[2022-10-09 14:02:25 #5 type] 
Type domain.Pregunta is not enhanced.

[2022-10-09 14:02:25 #6 type] 
Type domain.Pronostico is not enhanced.

[2022-10-09 14:02:25 #7 type] 
Type domain.Administrador is not enhanced.

[2022-10-09 14:02:25 #8 type] 
Type domain.Apuesta is not enhanced.

[2022-10-09 14:02:25 #9 type] 
Type domain.Usuario is not enhanced.

[2022-10-09 14:02:25 #10 type] 
Type domain.InformeError is not enhanced.

[2022-10-09 14:02:25 #11 type] 
Type domain.Promocion is not enhanced.

------------------------------------------------------------------------------------------------------------------------

[2022-10-09 14:07:22 #1 store] 
Database '/Users/and333r/git/betsProject/src/main/resources/bets.temp' is opened by 2255@macbook-de-ander.home

[2022-10-09 14:07:23 #2 type] 
Type domain.Competicion is not enhanced.

[2022-10-09 14:07:23 #3 type] 
Type domain.Actor is not enhanced.

[2022-10-09 14:07:23 #4 type] 
Type domain.Evento is not enhanced.

[2022-10-09 14:07:23 #5 type] 
Type domain.Pregunta is not enhanced.

[2022-10-09 14:07:23 #6 type] 
Type domain.Pronostico is not enhanced.

[2022-10-09 14:07:23 #7 type] 
Type domain.Administrador is not enhanced.

[2022-10-09 14:07:23 #8 type] 
Type domain.Apuesta is not enhanced.

[2022-10-09 14:07:23 #9 type] 
Type domain.Usuario is not enhanced.

[2022-10-09 14:07:23 #10 type] 
Type domain.InformeError is not enhanced.

[2022-10-09 14:07:23 #11 type] 
Type domain.Promocion is not enhanced.

------------------------------------------------------------------------------------------------------------------------

[2022-10-09 14:09:30 #1 store] 
Database '/Users/and333r/git/betsProject/src/main/resources/bets.temp' is opened by 2260@macbook-de-ander.home

[2022-10-09 14:09:30 #2 type] 
Type domain.Competicion is not enhanced.

[2022-10-09 14:09:30 #3 type] 
Type domain.Actor is not enhanced.

[2022-10-09 14:09:30 #4 type] 
Type domain.Evento is not enhanced.

[2022-10-09 14:09:30 #5 type] 
Type domain.Pregunta is not enhanced.

[2022-10-09 14:09:30 #6 type] 
Type domain.Pronostico is not enhanced.

[2022-10-09 14:09:30 #7 type] 
Type domain.Administrador is not enhanced.

[2022-10-09 14:09:30 #8 type] 
Type domain.Apuesta is not enhanced.

[2022-10-09 14:09:30 #9 type] 
Type domain.Usuario is not enhanced.

[2022-10-09 14:09:30 #10 type] 
Type domain.InformeError is not enhanced.

[2022-10-09 14:09:30 #11 type] 
Type domain.Promocion is not enhanced.

------------------------------------------------------------------------------------------------------------------------

[2022-10-09 14:09:49 #1 store] 
Database '/Users/and333r/git/betsProject/src/main/resources/bets.temp' has been recovered (tr. 34-34)

[2022-10-09 14:09:49 #2 store] 
Database '/Users/and333r/git/betsProject/src/main/resources/bets.temp' is opened by 2261@macbook-de-ander.home

[2022-10-09 14:09:50 #3 type] 
Type domain.Competicion is not enhanced.

[2022-10-09 14:09:50 #4 type] 
Type domain.Actor is not enhanced.

[2022-10-09 14:09:50 #5 type] 
Type domain.Evento is not enhanced.

[2022-10-09 14:09:50 #6 type] 
Type domain.Pregunta is not enhanced.

[2022-10-09 14:09:50 #7 type] 
Type domain.Pronostico is not enhanced.

[2022-10-09 14:09:50 #8 type] 
Type domain.Administrador is not enhanced.

[2022-10-09 14:09:50 #9 type] 
Type domain.Apuesta is not enhanced.

[2022-10-09 14:09:50 #10 type] 
Type domain.Usuario is not enhanced.

[2022-10-09 14:09:50 #11 type] 
Type domain.InformeError is not enhanced.

[2022-10-09 14:09:50 #12 type] 
Type domain.Promocion is not enhanced.

------------------------------------------------------------------------------------------------------------------------

[2022-10-09 14:11:01 #1 store] 
Database '/Users/and333r/git/betsProject/src/main/resources/bets.temp' is opened by 2264@macbook-de-ander.home

[2022-10-09 14:11:01 #2 type] 
Type domain.Competicion is not enhanced.

[2022-10-09 14:11:01 #3 type] 
Type domain.Actor is not enhanced.

[2022-10-09 14:11:01 #4 type] 
Type domain.Evento is not enhanced.

[2022-10-09 14:11:01 #5 type] 
Type domain.Pregunta is not enhanced.

[2022-10-09 14:11:01 #6 type] 
Type domain.Pronostico is not enhanced.

[2022-10-09 14:11:01 #7 type] 
Type domain.Administrador is not enhanced.

[2022-10-09 14:11:01 #8 type] 
Type domain.Apuesta is not enhanced.

[2022-10-09 14:11:01 #9 type] 
Type domain.Usuario is not enhanced.

[2022-10-09 14:11:01 #10 type] 
Type domain.InformeError is not enhanced.

[2022-10-09 14:11:01 #11 type] 
Type domain.Promocion is not enhanced.

------------------------------------------------------------------------------------------------------------------------

[2022-10-09 14:13:23 #1 store] 
Database '/Users/and333r/git/betsProject/src/main/resources/bets.temp' has been recovered (tr. 35-37)

[2022-10-09 14:13:23 #2 store] 
Database '/Users/and333r/git/betsProject/src/main/resources/bets.temp' is opened by 2269@macbook-de-ander.home

[2022-10-09 14:13:23 #3 type] 
Type domain.Competicion is not enhanced.

[2022-10-09 14:13:23 #4 type] 
Type domain.Actor is not enhanced.

[2022-10-09 14:13:23 #5 type] 
Type domain.Evento is not enhanced.

[2022-10-09 14:13:23 #6 type] 
Type domain.Pregunta is not enhanced.

[2022-10-09 14:13:23 #7 type] 
Type domain.Pronostico is not enhanced.

[2022-10-09 14:13:23 #8 type] 
Type domain.Administrador is not enhanced.

[2022-10-09 14:13:23 #9 type] 
Type domain.Apuesta is not enhanced.

[2022-10-09 14:13:23 #10 type] 
Type domain.Usuario is not enhanced.

[2022-10-09 14:13:23 #11 type] 
Type domain.InformeError is not enhanced.

[2022-10-09 14:13:23 #12 type] 
Type domain.Promocion is not enhanced.

------------------------------------------------------------------------------------------------------------------------

[2022-10-09 14:19:24 #1 store] 
Database '/Users/and333r/git/betsProject/src/main/resources/bets.temp' has been recovered (tr. 38-41)

[2022-10-09 14:19:24 #2 store] 
Database '/Users/and333r/git/betsProject/src/main/resources/bets.temp' is opened by 2279@macbook-de-ander.home

[2022-10-09 14:19:24 #3 type] 
Type domain.Competicion is not enhanced.

[2022-10-09 14:19:24 #4 type] 
Type domain.Actor is not enhanced.

[2022-10-09 14:19:24 #5 type] 
Type domain.Evento is not enhanced.

[2022-10-09 14:19:24 #6 type] 
Type domain.Pregunta is not enhanced.

[2022-10-09 14:19:24 #7 type] 
Type domain.Pronostico is not enhanced.

[2022-10-09 14:19:24 #8 type] 
Type domain.Administrador is not enhanced.

[2022-10-09 14:19:24 #9 type] 
Type domain.Apuesta is not enhanced.

[2022-10-09 14:19:24 #10 type] 
Type domain.Usuario is not enhanced.

[2022-10-09 14:19:24 #11 type] 
Type domain.InformeError is not enhanced.

[2022-10-09 14:19:24 #12 type] 
Type domain.Promocion is not enhanced.

------------------------------------------------------------------------------------------------------------------------

[2022-10-09 14:22:12 #1 store] 
Database '/Users/and333r/git/betsProject/src/main/resources/bets.temp' has been recovered (tr. 42-45)

[2022-10-09 14:22:12 #2 store] 
Database '/Users/and333r/git/betsProject/src/main/resources/bets.temp' is opened by 2292@macbook-de-ander.home

[2022-10-09 14:22:13 #3 type] 
Type domain.Competicion is not enhanced.

[2022-10-09 14:22:13 #4 type] 
Type domain.Actor is not enhanced.

[2022-10-09 14:22:13 #5 type] 
Type domain.Evento is not enhanced.

[2022-10-09 14:22:13 #6 type] 
Type domain.Pregunta is not enhanced.

[2022-10-09 14:22:13 #7 type] 
Type domain.Pronostico is not enhanced.

[2022-10-09 14:22:13 #8 type] 
Type domain.Administrador is not enhanced.

[2022-10-09 14:22:13 #9 type] 
Type domain.Apuesta is not enhanced.

[2022-10-09 14:22:13 #10 type] 
Type domain.Usuario is not enhanced.

[2022-10-09 14:22:13 #11 type] 
Type domain.InformeError is not enhanced.

[2022-10-09 14:22:13 #12 type] 
Type domain.Promocion is not enhanced.

------------------------------------------------------------------------------------------------------------------------

[2022-10-09 14:23:29 #1 store] 
Database '/Users/and333r/git/betsProject/src/main/resources/bets.temp' has been recovered (tr. 46-49)

[2022-10-09 14:23:29 #2 store] 
Database '/Users/and333r/git/betsProject/src/main/resources/bets.temp' is opened by 2297@macbook-de-ander.home

[2022-10-09 14:23:30 #3 type] 
Type domain.Competicion is not enhanced.

[2022-10-09 14:23:30 #4 type] 
Type domain.Actor is not enhanced.

[2022-10-09 14:23:30 #5 type] 
Type domain.Evento is not enhanced.

[2022-10-09 14:23:30 #6 type] 
Type domain.Pregunta is not enhanced.

[2022-10-09 14:23:30 #7 type] 
Type domain.Pronostico is not enhanced.

[2022-10-09 14:23:30 #8 type] 
Type domain.Administrador is not enhanced.

[2022-10-09 14:23:30 #9 type] 
Type domain.Apuesta is not enhanced.

[2022-10-09 14:23:30 #10 type] 
Type domain.Usuario is not enhanced.

[2022-10-09 14:23:30 #11 type] 
Type domain.InformeError is not enhanced.

[2022-10-09 14:23:30 #12 type] 
Type domain.Promocion is not enhanced.

------------------------------------------------------------------------------------------------------------------------

[2022-10-09 14:28:39 #1 store] 
Database '/Users/and333r/git/betsProject/src/main/resources/bets.temp' has been recovered (tr. 50-55)

[2022-10-09 14:28:39 #2 store] 
Database '/Users/and333r/git/betsProject/src/main/resources/bets.temp' is opened by 2313@macbook-de-ander.home

[2022-10-09 14:28:39 #3 type] 
Type domain.Competicion is not enhanced.

[2022-10-09 14:28:39 #4 type] 
Type domain.Actor is not enhanced.

[2022-10-09 14:28:39 #5 type] 
Type domain.Evento is not enhanced.

[2022-10-09 14:28:39 #6 type] 
Type domain.Pregunta is not enhanced.

[2022-10-09 14:28:39 #7 type] 
Type domain.Pronostico is not enhanced.

[2022-10-09 14:28:39 #8 type] 
Type domain.Administrador is not enhanced.

[2022-10-09 14:28:39 #9 type] 
Type domain.Apuesta is not enhanced.

[2022-10-09 14:28:39 #10 type] 
Type domain.Usuario is not enhanced.

[2022-10-09 14:28:39 #11 type] 
Type domain.InformeError is not enhanced.

[2022-10-09 14:28:39 #12 type] 
Type domain.Promocion is not enhanced.

------------------------------------------------------------------------------------------------------------------------

[2022-10-09 14:29:18 #1 store] 
Database '/Users/and333r/git/betsProject/src/main/resources/bets.temp' has been recovered (tr. 56-57)

[2022-10-09 14:29:18 #2 store] 
Database '/Users/and333r/git/betsProject/src/main/resources/bets.temp' is opened by 2317@macbook-de-ander.home

[2022-10-09 14:29:18 #3 type] 
Type domain.Competicion is not enhanced.

[2022-10-09 14:29:18 #4 type] 
Type domain.Actor is not enhanced.

[2022-10-09 14:29:18 #5 type] 
Type domain.Evento is not enhanced.

[2022-10-09 14:29:18 #6 type] 
Type domain.Pregunta is not enhanced.

[2022-10-09 14:29:18 #7 type] 
Type domain.Pronostico is not enhanced.

[2022-10-09 14:29:18 #8 type] 
Type domain.Administrador is not enhanced.

[2022-10-09 14:29:18 #9 type] 
Type domain.Apuesta is not enhanced.

[2022-10-09 14:29:18 #10 type] 
Type domain.Usuario is not enhanced.

[2022-10-09 14:29:18 #11 type] 
Type domain.InformeError is not enhanced.

[2022-10-09 14:29:18 #12 type] 
Type domain.Promocion is not enhanced.

------------------------------------------------------------------------------------------------------------------------

[2022-10-09 14:29:35 #1 store] 
Database '/Users/and333r/git/betsProject/src/main/resources/bets.temp' is opened by 2319@macbook-de-ander.home

[2022-10-09 14:29:35 #2 type] 
Type domain.Competicion is not enhanced.

[2022-10-09 14:29:35 #3 type] 
Type domain.Actor is not enhanced.

[2022-10-09 14:29:35 #4 type] 
Type domain.Evento is not enhanced.

[2022-10-09 14:29:35 #5 type] 
Type domain.Pregunta is not enhanced.

[2022-10-09 14:29:35 #6 type] 
Type domain.Pronostico is not enhanced.

[2022-10-09 14:29:35 #7 type] 
Type domain.Administrador is not enhanced.

[2022-10-09 14:29:35 #8 type] 
Type domain.Apuesta is not enhanced.

[2022-10-09 14:29:35 #9 type] 
Type domain.Usuario is not enhanced.

[2022-10-09 14:29:35 #10 type] 
Type domain.InformeError is not enhanced.

[2022-10-09 14:29:35 #11 type] 
Type domain.Promocion is not enhanced.

------------------------------------------------------------------------------------------------------------------------

[2022-10-09 14:29:59 #1 store] 
Database '/Users/and333r/git/betsProject/src/main/resources/bets.temp' has been recovered (tr. 58-58)

[2022-10-09 14:29:59 #2 store] 
Database '/Users/and333r/git/betsProject/src/main/resources/bets.temp' is opened by 2320@macbook-de-ander.home

[2022-10-09 14:29:59 #3 type] 
Type domain.Competicion is not enhanced.

[2022-10-09 14:29:59 #4 type] 
Type domain.Actor is not enhanced.

[2022-10-09 14:29:59 #5 type] 
Type domain.Evento is not enhanced.

[2022-10-09 14:29:59 #6 type] 
Type domain.Pregunta is not enhanced.

[2022-10-09 14:29:59 #7 type] 
Type domain.Pronostico is not enhanced.

[2022-10-09 14:29:59 #8 type] 
Type domain.Administrador is not enhanced.

[2022-10-09 14:29:59 #9 type] 
Type domain.Apuesta is not enhanced.

[2022-10-09 14:29:59 #10 type] 
Type domain.Usuario is not enhanced.

[2022-10-09 14:29:59 #11 type] 
Type domain.InformeError is not enhanced.

[2022-10-09 14:29:59 #12 type] 
Type domain.Promocion is not enhanced.

------------------------------------------------------------------------------------------------------------------------

[2022-10-09 14:30:19 #1 store] 
Database '/Users/and333r/git/betsProject/src/main/resources/bets.temp' is opened by 2322@macbook-de-ander.home

[2022-10-09 14:30:20 #2 type] 
Type domain.Competicion is not enhanced.

[2022-10-09 14:30:20 #3 type] 
Type domain.Actor is not enhanced.

[2022-10-09 14:30:20 #4 type] 
Type domain.Evento is not enhanced.

[2022-10-09 14:30:20 #5 type] 
Type domain.Pregunta is not enhanced.

[2022-10-09 14:30:20 #6 type] 
Type domain.Pronostico is not enhanced.

[2022-10-09 14:30:20 #7 type] 
Type domain.Administrador is not enhanced.

[2022-10-09 14:30:20 #8 type] 
Type domain.Apuesta is not enhanced.

[2022-10-09 14:30:20 #9 type] 
Type domain.Usuario is not enhanced.

[2022-10-09 14:30:20 #10 type] 
Type domain.InformeError is not enhanced.

[2022-10-09 14:30:20 #11 type] 
Type domain.Promocion is not enhanced.

------------------------------------------------------------------------------------------------------------------------

[2022-10-09 14:30:24 #1 store] 
Database '/Users/and333r/git/betsProject/src/main/resources/bets.temp' has been recovered (tr. 59-60)

[2022-10-09 14:30:25 #2 store] 
Database '/Users/and333r/git/betsProject/src/main/resources/bets.temp' is opened by 2323@macbook-de-ander.home

[2022-10-09 14:30:25 #3 type] 
Type domain.Competicion is not enhanced.

[2022-10-09 14:30:25 #4 type] 
Type domain.Actor is not enhanced.

[2022-10-09 14:30:25 #5 type] 
Type domain.Evento is not enhanced.

[2022-10-09 14:30:25 #6 type] 
Type domain.Pregunta is not enhanced.

[2022-10-09 14:30:25 #7 type] 
Type domain.Pronostico is not enhanced.

[2022-10-09 14:30:25 #8 type] 
Type domain.Administrador is not enhanced.

[2022-10-09 14:30:25 #9 type] 
Type domain.Apuesta is not enhanced.

[2022-10-09 14:30:25 #10 type] 
Type domain.Usuario is not enhanced.

[2022-10-09 14:30:25 #11 type] 
Type domain.InformeError is not enhanced.

[2022-10-09 14:30:25 #12 type] 
Type domain.Promocion is not enhanced.

------------------------------------------------------------------------------------------------------------------------

[2022-10-09 14:30:49 #1 store] 
Database '/Users/and333r/git/betsProject/src/main/resources/bets.temp' is opened by 2324@macbook-de-ander.home

[2022-10-09 14:30:49 #2 type] 
Type domain.Competicion is not enhanced.

[2022-10-09 14:30:49 #3 type] 
Type domain.Actor is not enhanced.

[2022-10-09 14:30:49 #4 type] 
Type domain.Evento is not enhanced.

[2022-10-09 14:30:49 #5 type] 
Type domain.Pregunta is not enhanced.

[2022-10-09 14:30:49 #6 type] 
Type domain.Pronostico is not enhanced.

[2022-10-09 14:30:49 #7 type] 
Type domain.Administrador is not enhanced.

[2022-10-09 14:30:49 #8 type] 
Type domain.Apuesta is not enhanced.

[2022-10-09 14:30:49 #9 type] 
Type domain.Usuario is not enhanced.

[2022-10-09 14:30:49 #10 type] 
Type domain.InformeError is not enhanced.

[2022-10-09 14:30:49 #11 type] 
Type domain.Promocion is not enhanced.

------------------------------------------------------------------------------------------------------------------------

[2022-10-09 14:31:02 #1 store] 
Database '/Users/and333r/git/betsProject/src/main/resources/bets.temp' has been recovered (tr. 61-62)

[2022-10-09 14:31:02 #2 store] 
Database '/Users/and333r/git/betsProject/src/main/resources/bets.temp' is opened by 2325@macbook-de-ander.home

[2022-10-09 14:31:02 #3 type] 
Type domain.Competicion is not enhanced.

[2022-10-09 14:31:02 #4 type] 
Type domain.Actor is not enhanced.

[2022-10-09 14:31:02 #5 type] 
Type domain.Evento is not enhanced.

[2022-10-09 14:31:02 #6 type] 
Type domain.Pregunta is not enhanced.

[2022-10-09 14:31:02 #7 type] 
Type domain.Pronostico is not enhanced.

[2022-10-09 14:31:02 #8 type] 
Type domain.Administrador is not enhanced.

[2022-10-09 14:31:02 #9 type] 
Type domain.Apuesta is not enhanced.

[2022-10-09 14:31:02 #10 type] 
Type domain.Usuario is not enhanced.

[2022-10-09 14:31:02 #11 type] 
Type domain.InformeError is not enhanced.

[2022-10-09 14:31:02 #12 type] 
Type domain.Promocion is not enhanced.

------------------------------------------------------------------------------------------------------------------------

[2022-10-09 14:31:15 #1 store] 
Database '/Users/and333r/git/betsProject/src/main/resources/bets.temp' has been recovered (tr. 63-66)

[2022-10-09 14:31:15 #2 store] 
Database '/Users/and333r/git/betsProject/src/main/resources/bets.temp' is opened by 2326@macbook-de-ander.home

[2022-10-09 14:31:15 #3 type] 
Type domain.Competicion is not enhanced.

[2022-10-09 14:31:16 #4 type] 
Type domain.Actor is not enhanced.

[2022-10-09 14:31:16 #5 type] 
Type domain.Evento is not enhanced.

[2022-10-09 14:31:16 #6 type] 
Type domain.Pregunta is not enhanced.

[2022-10-09 14:31:16 #7 type] 
Type domain.Pronostico is not enhanced.

[2022-10-09 14:31:16 #8 type] 
Type domain.Administrador is not enhanced.

[2022-10-09 14:31:16 #9 type] 
Type domain.Apuesta is not enhanced.

[2022-10-09 14:31:16 #10 type] 
Type domain.Usuario is not enhanced.

[2022-10-09 14:31:16 #11 type] 
Type domain.InformeError is not enhanced.

[2022-10-09 14:31:16 #12 type] 
Type domain.Promocion is not enhanced.

------------------------------------------------------------------------------------------------------------------------

[2022-10-09 14:33:20 #1 store] 
Database '/Users/and333r/git/betsProject/src/main/resources/bets.temp' has been recovered (tr. 67-70)

[2022-10-09 14:33:20 #2 store] 
Database '/Users/and333r/git/betsProject/src/main/resources/bets.temp' is opened by 2331@macbook-de-ander.home

[2022-10-09 14:33:20 #3 type] 
Type domain.Competicion is not enhanced.

[2022-10-09 14:33:20 #4 type] 
Type domain.Actor is not enhanced.

[2022-10-09 14:33:20 #5 type] 
Type domain.Evento is not enhanced.

[2022-10-09 14:33:20 #6 type] 
Type domain.Pregunta is not enhanced.

[2022-10-09 14:33:20 #7 type] 
Type domain.Pronostico is not enhanced.

[2022-10-09 14:33:20 #8 type] 
Type domain.Administrador is not enhanced.

[2022-10-09 14:33:20 #9 type] 
Type domain.Apuesta is not enhanced.

[2022-10-09 14:33:20 #10 type] 
Type domain.Usuario is not enhanced.

[2022-10-09 14:33:20 #11 type] 
Type domain.InformeError is not enhanced.

[2022-10-09 14:33:20 #12 type] 
Type domain.Promocion is not enhanced.

------------------------------------------------------------------------------------------------------------------------

[2022-10-09 14:34:19 #1 store] 
Database '/Users/and333r/git/betsProject/src/main/resources/bets.temp' has been recovered (tr. 71-74)

[2022-10-09 14:34:19 #2 store] 
Database '/Users/and333r/git/betsProject/src/main/resources/bets.temp' is opened by 2334@macbook-de-ander.home

[2022-10-09 14:34:19 #3 type] 
Type domain.Competicion is not enhanced.

[2022-10-09 14:34:19 #4 type] 
Type domain.Actor is not enhanced.

[2022-10-09 14:34:19 #5 type] 
Type domain.Evento is not enhanced.

[2022-10-09 14:34:19 #6 type] 
Type domain.Pregunta is not enhanced.

[2022-10-09 14:34:19 #7 type] 
Type domain.Pronostico is not enhanced.

[2022-10-09 14:34:19 #8 type] 
Type domain.Administrador is not enhanced.

[2022-10-09 14:34:19 #9 type] 
Type domain.Apuesta is not enhanced.

[2022-10-09 14:34:19 #10 type] 
Type domain.Usuario is not enhanced.

[2022-10-09 14:34:19 #11 type] 
Type domain.InformeError is not enhanced.

[2022-10-09 14:34:19 #12 type] 
Type domain.Promocion is not enhanced.

------------------------------------------------------------------------------------------------------------------------

[2022-10-09 14:34:46 #1 store] 
Database '/Users/and333r/git/betsProject/src/main/resources/bets.temp' has been recovered (tr. 75-78)

[2022-10-09 14:34:46 #2 store] 
Database '/Users/and333r/git/betsProject/src/main/resources/bets.temp' is opened by 2338@macbook-de-ander.home

[2022-10-09 14:34:46 #3 type] 
Type domain.Competicion is not enhanced.

[2022-10-09 14:34:46 #4 type] 
Type domain.Actor is not enhanced.

[2022-10-09 14:34:46 #5 type] 
Type domain.Evento is not enhanced.

[2022-10-09 14:34:46 #6 type] 
Type domain.Pregunta is not enhanced.

[2022-10-09 14:34:46 #7 type] 
Type domain.Pronostico is not enhanced.

[2022-10-09 14:34:46 #8 type] 
Type domain.Administrador is not enhanced.

[2022-10-09 14:34:46 #9 type] 
Type domain.Apuesta is not enhanced.

[2022-10-09 14:34:46 #10 type] 
Type domain.Usuario is not enhanced.

[2022-10-09 14:34:46 #11 type] 
Type domain.InformeError is not enhanced.

[2022-10-09 14:34:46 #12 type] 
Type domain.Promocion is not enhanced.

------------------------------------------------------------------------------------------------------------------------

[2022-10-09 14:37:45 #1 store] 
Database '/Users/and333r/git/betsProject/src/main/resources/bets.temp' has been recovered (tr. 79-82)

[2022-10-09 14:37:45 #2 store] 
Database '/Users/and333r/git/betsProject/src/main/resources/bets.temp' is opened by 2341@macbook-de-ander.home

[2022-10-09 14:37:46 #3 type] 
Type domain.Competicion is not enhanced.

[2022-10-09 14:37:46 #4 type] 
Type domain.Actor is not enhanced.

[2022-10-09 14:37:46 #5 type] 
Type domain.Evento is not enhanced.

[2022-10-09 14:37:46 #6 type] 
Type domain.Pregunta is not enhanced.

[2022-10-09 14:37:46 #7 type] 
Type domain.Pronostico is not enhanced.

[2022-10-09 14:37:46 #8 type] 
Type domain.Administrador is not enhanced.

[2022-10-09 14:37:46 #9 type] 
Type domain.Apuesta is not enhanced.

[2022-10-09 14:37:46 #10 type] 
Type domain.Usuario is not enhanced.

[2022-10-09 14:37:46 #11 type] 
Type domain.InformeError is not enhanced.

[2022-10-09 14:37:46 #12 type] 
Type domain.Promocion is not enhanced.

------------------------------------------------------------------------------------------------------------------------

[2022-10-09 14:38:24 #1 store] 
Database '/Users/and333r/git/betsProject/src/main/resources/bets.temp' has been recovered (tr. 83-86)

[2022-10-09 14:38:24 #2 store] 
Database '/Users/and333r/git/betsProject/src/main/resources/bets.temp' is opened by 2346@macbook-de-ander.home

[2022-10-09 14:38:24 #3 type] 
Type domain.Competicion is not enhanced.

[2022-10-09 14:38:24 #4 type] 
Type domain.Actor is not enhanced.

[2022-10-09 14:38:24 #5 type] 
Type domain.Evento is not enhanced.

[2022-10-09 14:38:24 #6 type] 
Type domain.Pregunta is not enhanced.

[2022-10-09 14:38:24 #7 type] 
Type domain.Pronostico is not enhanced.

[2022-10-09 14:38:24 #8 type] 
Type domain.Administrador is not enhanced.

[2022-10-09 14:38:24 #9 type] 
Type domain.Apuesta is not enhanced.

[2022-10-09 14:38:24 #10 type] 
Type domain.Usuario is not enhanced.

[2022-10-09 14:38:24 #11 type] 
Type domain.InformeError is not enhanced.

[2022-10-09 14:38:24 #12 type] 
Type domain.Promocion is not enhanced.

------------------------------------------------------------------------------------------------------------------------

[2022-10-09 14:38:54 #1 store] 
Database '/Users/and333r/git/betsProject/src/main/resources/bets.temp' has been recovered (tr. 87-90)

[2022-10-09 14:38:54 #2 store] 
Database '/Users/and333r/git/betsProject/src/main/resources/bets.temp' is opened by 2349@macbook-de-ander.home

[2022-10-09 14:38:54 #3 type] 
Type domain.Competicion is not enhanced.

[2022-10-09 14:38:54 #4 type] 
Type domain.Actor is not enhanced.

[2022-10-09 14:38:54 #5 type] 
Type domain.Evento is not enhanced.

[2022-10-09 14:38:54 #6 type] 
Type domain.Pregunta is not enhanced.

[2022-10-09 14:38:54 #7 type] 
Type domain.Pronostico is not enhanced.

[2022-10-09 14:38:54 #8 type] 
Type domain.Administrador is not enhanced.

[2022-10-09 14:38:54 #9 type] 
Type domain.Apuesta is not enhanced.

[2022-10-09 14:38:54 #10 type] 
Type domain.Usuario is not enhanced.

[2022-10-09 14:38:54 #11 type] 
Type domain.InformeError is not enhanced.

[2022-10-09 14:38:54 #12 type] 
Type domain.Promocion is not enhanced.

------------------------------------------------------------------------------------------------------------------------

[2022-10-09 14:40:01 #1 store] 
Database '/Users/and333r/git/betsProject/src/main/resources/bets.temp' has been recovered (tr. 91-94)

[2022-10-09 14:40:02 #2 store] 
Database '/Users/and333r/git/betsProject/src/main/resources/bets.temp' is opened by 2352@macbook-de-ander.home

[2022-10-09 14:40:02 #3 type] 
Type domain.Competicion is not enhanced.

[2022-10-09 14:40:02 #4 type] 
Type domain.Actor is not enhanced.

[2022-10-09 14:40:02 #5 type] 
Type domain.Evento is not enhanced.

[2022-10-09 14:40:02 #6 type] 
Type domain.Pregunta is not enhanced.

[2022-10-09 14:40:02 #7 type] 
Type domain.Pronostico is not enhanced.

[2022-10-09 14:40:02 #8 type] 
Type domain.Administrador is not enhanced.

[2022-10-09 14:40:02 #9 type] 
Type domain.Apuesta is not enhanced.

[2022-10-09 14:40:02 #10 type] 
Type domain.Usuario is not enhanced.

[2022-10-09 14:40:02 #11 type] 
Type domain.InformeError is not enhanced.

[2022-10-09 14:40:02 #12 type] 
Type domain.Promocion is not enhanced.

------------------------------------------------------------------------------------------------------------------------

[2022-10-09 14:41:10 #1 store] 
Database '/Users/and333r/git/betsProject/src/main/resources/bets.temp' has been recovered (tr. 95-98)

[2022-10-09 14:41:10 #2 store] 
Database '/Users/and333r/git/betsProject/src/main/resources/bets.temp' is opened by 2356@macbook-de-ander.home

[2022-10-09 14:41:10 #3 type] 
Type domain.Competicion is not enhanced.

[2022-10-09 14:41:10 #4 type] 
Type domain.Actor is not enhanced.

[2022-10-09 14:41:10 #5 type] 
Type domain.Evento is not enhanced.

[2022-10-09 14:41:10 #6 type] 
Type domain.Pregunta is not enhanced.

[2022-10-09 14:41:10 #7 type] 
Type domain.Pronostico is not enhanced.

[2022-10-09 14:41:10 #8 type] 
Type domain.Administrador is not enhanced.

[2022-10-09 14:41:10 #9 type] 
Type domain.Apuesta is not enhanced.

[2022-10-09 14:41:10 #10 type] 
Type domain.Usuario is not enhanced.

[2022-10-09 14:41:10 #11 type] 
Type domain.InformeError is not enhanced.

[2022-10-09 14:41:10 #12 type] 
Type domain.Promocion is not enhanced.

------------------------------------------------------------------------------------------------------------------------

[2022-10-09 14:41:34 #1 store] 
Database '/Users/and333r/git/betsProject/src/main/resources/bets.temp' has been recovered (tr. 99-99)

[2022-10-09 14:41:34 #2 store] 
Database '/Users/and333r/git/betsProject/src/main/resources/bets.temp' is opened by 2358@macbook-de-ander.home

[2022-10-09 14:41:34 #3 type] 
Type domain.Competicion is not enhanced.

[2022-10-09 14:41:34 #4 type] 
Type domain.Actor is not enhanced.

[2022-10-09 14:41:34 #5 type] 
Type domain.Evento is not enhanced.

[2022-10-09 14:41:34 #6 type] 
Type domain.Pregunta is not enhanced.

[2022-10-09 14:41:34 #7 type] 
Type domain.Pronostico is not enhanced.

[2022-10-09 14:41:34 #8 type] 
Type domain.Administrador is not enhanced.

[2022-10-09 14:41:34 #9 type] 
Type domain.Apuesta is not enhanced.

[2022-10-09 14:41:34 #10 type] 
Type domain.Usuario is not enhanced.

[2022-10-09 14:41:34 #11 type] 
Type domain.InformeError is not enhanced.

[2022-10-09 14:41:34 #12 type] 
Type domain.Promocion is not enhanced.

------------------------------------------------------------------------------------------------------------------------

[2022-10-09 14:41:51 #1 store] 
Database '/Users/and333r/git/betsProject/src/main/resources/bets.temp' is opened by 2360@macbook-de-ander.home

[2022-10-09 14:41:51 #2 type] 
Type domain.Competicion is not enhanced.

[2022-10-09 14:41:51 #3 type] 
Type domain.Actor is not enhanced.

[2022-10-09 14:41:51 #4 type] 
Type domain.Evento is not enhanced.

[2022-10-09 14:41:51 #5 type] 
Type domain.Pregunta is not enhanced.

[2022-10-09 14:41:51 #6 type] 
Type domain.Pronostico is not enhanced.

[2022-10-09 14:41:51 #7 type] 
Type domain.Administrador is not enhanced.

[2022-10-09 14:41:51 #8 type] 
Type domain.Apuesta is not enhanced.

[2022-10-09 14:41:51 #9 type] 
Type domain.Usuario is not enhanced.

[2022-10-09 14:41:51 #10 type] 
Type domain.InformeError is not enhanced.

[2022-10-09 14:41:51 #11 type] 
Type domain.Promocion is not enhanced.

------------------------------------------------------------------------------------------------------------------------

[2022-10-09 14:42:02 #1 store] 
Database '/Users/and333r/git/betsProject/src/main/resources/bets.temp' is opened by 2361@macbook-de-ander.home

[2022-10-09 14:42:02 #2 type] 
Type domain.Competicion is not enhanced.

[2022-10-09 14:42:02 #3 type] 
Type domain.Actor is not enhanced.

[2022-10-09 14:42:02 #4 type] 
Type domain.Evento is not enhanced.

[2022-10-09 14:42:02 #5 type] 
Type domain.Pregunta is not enhanced.

[2022-10-09 14:42:02 #6 type] 
Type domain.Pronostico is not enhanced.

[2022-10-09 14:42:02 #7 type] 
Type domain.Administrador is not enhanced.

[2022-10-09 14:42:02 #8 type] 
Type domain.Apuesta is not enhanced.

[2022-10-09 14:42:02 #9 type] 
Type domain.Usuario is not enhanced.

[2022-10-09 14:42:02 #10 type] 
Type domain.InformeError is not enhanced.

[2022-10-09 14:42:02 #11 type] 
Type domain.Promocion is not enhanced.

------------------------------------------------------------------------------------------------------------------------

[2022-10-09 14:42:19 #1 store] 
Database '/Users/and333r/git/betsProject/src/main/resources/bets.temp' is opened by 2362@macbook-de-ander.home

[2022-10-09 14:42:19 #2 type] 
Type domain.Competicion is not enhanced.

[2022-10-09 14:42:19 #3 type] 
Type domain.Actor is not enhanced.

[2022-10-09 14:42:19 #4 type] 
Type domain.Evento is not enhanced.

[2022-10-09 14:42:19 #5 type] 
Type domain.Pregunta is not enhanced.

[2022-10-09 14:42:19 #6 type] 
Type domain.Pronostico is not enhanced.

[2022-10-09 14:42:19 #7 type] 
Type domain.Administrador is not enhanced.

[2022-10-09 14:42:19 #8 type] 
Type domain.Apuesta is not enhanced.

[2022-10-09 14:42:19 #9 type] 
Type domain.Usuario is not enhanced.

[2022-10-09 14:42:19 #10 type] 
Type domain.InformeError is not enhanced.

[2022-10-09 14:42:19 #11 type] 
Type domain.Promocion is not enhanced.

------------------------------------------------------------------------------------------------------------------------

[2022-10-09 14:42:36 #1 store] 
Database '/Users/and333r/git/betsProject/src/main/resources/bets.temp' is opened by 2363@macbook-de-ander.home

[2022-10-09 14:42:36 #2 type] 
Type domain.Competicion is not enhanced.

[2022-10-09 14:42:36 #3 type] 
Type domain.Actor is not enhanced.

[2022-10-09 14:42:36 #4 type] 
Type domain.Evento is not enhanced.

[2022-10-09 14:42:36 #5 type] 
Type domain.Pregunta is not enhanced.

[2022-10-09 14:42:36 #6 type] 
Type domain.Pronostico is not enhanced.

[2022-10-09 14:42:36 #7 type] 
Type domain.Administrador is not enhanced.

[2022-10-09 14:42:36 #8 type] 
Type domain.Apuesta is not enhanced.

[2022-10-09 14:42:36 #9 type] 
Type domain.Usuario is not enhanced.

[2022-10-09 14:42:36 #10 type] 
Type domain.InformeError is not enhanced.

[2022-10-09 14:42:36 #11 type] 
Type domain.Promocion is not enhanced.

------------------------------------------------------------------------------------------------------------------------

[2022-10-09 14:43:01 #1 store] 
Database '/Users/and333r/git/betsProject/src/main/resources/bets.temp' is opened by 2364@macbook-de-ander.home

[2022-10-09 14:43:01 #2 type] 
Type domain.Competicion is not enhanced.

[2022-10-09 14:43:01 #3 type] 
Type domain.Actor is not enhanced.

[2022-10-09 14:43:01 #4 type] 
Type domain.Evento is not enhanced.

[2022-10-09 14:43:01 #5 type] 
Type domain.Pregunta is not enhanced.

[2022-10-09 14:43:01 #6 type] 
Type domain.Pronostico is not enhanced.

[2022-10-09 14:43:01 #7 type] 
Type domain.Administrador is not enhanced.

[2022-10-09 14:43:01 #8 type] 
Type domain.Apuesta is not enhanced.

[2022-10-09 14:43:01 #9 type] 
Type domain.Usuario is not enhanced.

[2022-10-09 14:43:01 #10 type] 
Type domain.InformeError is not enhanced.

[2022-10-09 14:43:01 #11 type] 
Type domain.Promocion is not enhanced.

------------------------------------------------------------------------------------------------------------------------

[2022-10-09 14:43:19 #1 store] 
Database '/Users/and333r/git/betsProject/src/main/resources/bets.temp' has been recovered (tr. 100-102)

[2022-10-09 14:43:19 #2 store] 
Database '/Users/and333r/git/betsProject/src/main/resources/bets.temp' is opened by 2365@macbook-de-ander.home

[2022-10-09 14:43:19 #3 type] 
Type domain.Competicion is not enhanced.

[2022-10-09 14:43:19 #4 type] 
Type domain.Actor is not enhanced.

[2022-10-09 14:43:19 #5 type] 
Type domain.Evento is not enhanced.

[2022-10-09 14:43:19 #6 type] 
Type domain.Pregunta is not enhanced.

[2022-10-09 14:43:19 #7 type] 
Type domain.Pronostico is not enhanced.

[2022-10-09 14:43:19 #8 type] 
Type domain.Administrador is not enhanced.

[2022-10-09 14:43:19 #9 type] 
Type domain.Apuesta is not enhanced.

[2022-10-09 14:43:19 #10 type] 
Type domain.Usuario is not enhanced.

[2022-10-09 14:43:19 #11 type] 
Type domain.InformeError is not enhanced.

[2022-10-09 14:43:19 #12 type] 
Type domain.Promocion is not enhanced.

------------------------------------------------------------------------------------------------------------------------

[2022-10-09 14:43:44 #1 store] 
Database '/Users/and333r/git/betsProject/src/main/resources/bets.temp' has been recovered (tr. 103-103)

[2022-10-09 14:43:44 #2 store] 
Database '/Users/and333r/git/betsProject/src/main/resources/bets.temp' is opened by 2366@macbook-de-ander.home

[2022-10-09 14:43:44 #3 type] 
Type domain.Competicion is not enhanced.

[2022-10-09 14:43:44 #4 type] 
Type domain.Actor is not enhanced.

[2022-10-09 14:43:44 #5 type] 
Type domain.Evento is not enhanced.

[2022-10-09 14:43:44 #6 type] 
Type domain.Pregunta is not enhanced.

[2022-10-09 14:43:44 #7 type] 
Type domain.Pronostico is not enhanced.

[2022-10-09 14:43:44 #8 type] 
Type domain.Administrador is not enhanced.

[2022-10-09 14:43:44 #9 type] 
Type domain.Apuesta is not enhanced.

[2022-10-09 14:43:44 #10 type] 
Type domain.Usuario is not enhanced.

[2022-10-09 14:43:44 #11 type] 
Type domain.InformeError is not enhanced.

[2022-10-09 14:43:44 #12 type] 
Type domain.Promocion is not enhanced.

------------------------------------------------------------------------------------------------------------------------

[2022-10-09 14:43:54 #1 store] 
Database '/Users/and333r/git/betsProject/src/main/resources/bets.temp' is opened by 2367@macbook-de-ander.home

[2022-10-09 14:43:54 #2 type] 
Type domain.Competicion is not enhanced.

[2022-10-09 14:43:54 #3 type] 
Type domain.Actor is not enhanced.

[2022-10-09 14:43:54 #4 type] 
Type domain.Evento is not enhanced.

[2022-10-09 14:43:54 #5 type] 
Type domain.Pregunta is not enhanced.

[2022-10-09 14:43:54 #6 type] 
Type domain.Pronostico is not enhanced.

[2022-10-09 14:43:54 #7 type] 
Type domain.Administrador is not enhanced.

[2022-10-09 14:43:54 #8 type] 
Type domain.Apuesta is not enhanced.

[2022-10-09 14:43:54 #9 type] 
Type domain.Usuario is not enhanced.

[2022-10-09 14:43:54 #10 type] 
Type domain.InformeError is not enhanced.

[2022-10-09 14:43:54 #11 type] 
Type domain.Promocion is not enhanced.

