------------------------------------------------------------------------------------------------------------------------

[2022-10-13 15:48:20 #1 store] 
Database '/Users/and333r/git/betsProject/src/main/resources/bets.temp' has been recovered (tr. 2972-3009)

[2022-10-13 15:48:20 #2 store] 
Database '/Users/and333r/git/betsProject/src/main/resources/bets.temp' is opened by 4270@MacBook-de-Ander.local

[2022-10-13 15:48:20 #3 type] 
Type domain.Competicion is not enhanced.

[2022-10-13 15:48:20 #4 type] 
Type domain.Actor is not enhanced.

[2022-10-13 15:48:20 #5 type] 
Type domain.Evento is not enhanced.

[2022-10-13 15:48:20 #6 type] 
Type domain.Pregunta is not enhanced.

[2022-10-13 15:48:20 #7 type] 
Type domain.Pronostico is not enhanced.

[2022-10-13 15:48:20 #8 type] 
Type domain.Administrador is not enhanced.

[2022-10-13 15:48:20 #9 type] 
Type domain.Apuesta is not enhanced.

[2022-10-13 15:48:20 #10 type] 
Type domain.Usuario is not enhanced.

[2022-10-13 15:48:20 #11 type] 
Type domain.InformeError is not enhanced.

[2022-10-13 15:48:20 #12 type] 
Type domain.Promocion is not enhanced.

------------------------------------------------------------------------------------------------------------------------

[2022-10-13 15:52:07 #1 store] 
Database '/Users/and333r/git/betsProject/src/main/resources/bets.temp' has been recovered (tr. 3010-3051)

[2022-10-13 15:52:07 #2 store] 
Database '/Users/and333r/git/betsProject/src/main/resources/bets.temp' is opened by 4279@MacBook-de-Ander.local

[2022-10-13 15:52:07 #3 type] 
Type domain.Competicion is not enhanced.

[2022-10-13 15:52:07 #4 type] 
Type domain.Actor is not enhanced.

[2022-10-13 15:52:07 #5 type] 
Type domain.Evento is not enhanced.

[2022-10-13 15:52:07 #6 type] 
Type domain.Pregunta is not enhanced.

[2022-10-13 15:52:07 #7 type] 
Type domain.Pronostico is not enhanced.

[2022-10-13 15:52:07 #8 type] 
Type domain.Administrador is not enhanced.

[2022-10-13 15:52:07 #9 type] 
Type domain.Apuesta is not enhanced.

[2022-10-13 15:52:07 #10 type] 
Type domain.Usuario is not enhanced.

[2022-10-13 15:52:07 #11 type] 
Type domain.InformeError is not enhanced.

[2022-10-13 15:52:07 #12 type] 
Type domain.Promocion is not enhanced.

------------------------------------------------------------------------------------------------------------------------

[2022-10-13 16:02:48 #1 store] 
Database '/Users/and333r/git/betsProject/src/main/resources/bets.temp' has been recovered (tr. 3052-3069)

[2022-10-13 16:02:48 #2 store] 
Database '/Users/and333r/git/betsProject/src/main/resources/bets.temp' is opened by 4300@MacBook-de-Ander.local

[2022-10-13 16:02:49 #3 type] 
Type domain.Competicion is not enhanced.

[2022-10-13 16:02:49 #4 type] 
Type domain.Actor is not enhanced.

[2022-10-13 16:02:49 #5 type] 
Type domain.Evento is not enhanced.

[2022-10-13 16:02:49 #6 type] 
Type domain.Pregunta is not enhanced.

[2022-10-13 16:02:49 #7 type] 
Type domain.Pronostico is not enhanced.

[2022-10-13 16:02:49 #8 type] 
Type domain.Administrador is not enhanced.

[2022-10-13 16:02:49 #9 type] 
Type domain.Apuesta is not enhanced.

[2022-10-13 16:02:49 #10 type] 
Type domain.Usuario is not enhanced.

[2022-10-13 16:02:49 #11 type] 
Type domain.InformeError is not enhanced.

[2022-10-13 16:02:49 #12 type] 
Type domain.Promocion is not enhanced.

------------------------------------------------------------------------------------------------------------------------

[2022-10-13 16:05:01 #1 store] 
Database '/Users/and333r/git/betsProject/src/main/resources/bets.temp' is opened by 4312@MacBook-de-Ander.local

[2022-10-13 16:05:01 #2 type] 
Type domain.Competicion is not enhanced.

[2022-10-13 16:05:01 #3 type] 
Type domain.Actor is not enhanced.

[2022-10-13 16:05:01 #4 type] 
Type domain.Evento is not enhanced.

[2022-10-13 16:05:01 #5 type] 
Type domain.Pregunta is not enhanced.

[2022-10-13 16:05:01 #6 type] 
Type domain.Pronostico is not enhanced.

[2022-10-13 16:05:01 #7 type] 
Type domain.Administrador is not enhanced.

[2022-10-13 16:05:01 #8 type] 
Type domain.Apuesta is not enhanced.

[2022-10-13 16:05:01 #9 type] 
Type domain.Usuario is not enhanced.

[2022-10-13 16:05:01 #10 type] 
Type domain.InformeError is not enhanced.

[2022-10-13 16:05:01 #11 type] 
Type domain.Promocion is not enhanced.

------------------------------------------------------------------------------------------------------------------------

[2022-10-13 16:05:14 #1 store] 
Database '/Users/and333r/git/betsProject/src/main/resources/bets.temp' has been recovered (tr. 3071-3082)

[2022-10-13 16:05:14 #2 store] 
Database '/Users/and333r/git/betsProject/src/main/resources/bets.temp' is opened by 4316@MacBook-de-Ander.local

[2022-10-13 16:05:14 #3 type] 
Type domain.Competicion is not enhanced.

[2022-10-13 16:05:14 #4 type] 
Type domain.Actor is not enhanced.

[2022-10-13 16:05:14 #5 type] 
Type domain.Evento is not enhanced.

[2022-10-13 16:05:14 #6 type] 
Type domain.Pregunta is not enhanced.

[2022-10-13 16:05:14 #7 type] 
Type domain.Pronostico is not enhanced.

[2022-10-13 16:05:14 #8 type] 
Type domain.Administrador is not enhanced.

[2022-10-13 16:05:14 #9 type] 
Type domain.Apuesta is not enhanced.

[2022-10-13 16:05:14 #10 type] 
Type domain.Usuario is not enhanced.

[2022-10-13 16:05:14 #11 type] 
Type domain.InformeError is not enhanced.

[2022-10-13 16:05:14 #12 type] 
Type domain.Promocion is not enhanced.

------------------------------------------------------------------------------------------------------------------------

[2022-10-13 16:05:58 #1 store] 
Database '/Users/and333r/git/betsProject/src/main/resources/bets.temp' has been recovered (tr. 3084-3095)

[2022-10-13 16:05:58 #2 store] 
Database '/Users/and333r/git/betsProject/src/main/resources/bets.temp' is opened by 4322@MacBook-de-Ander.local

[2022-10-13 16:05:58 #3 type] 
Type domain.Competicion is not enhanced.

[2022-10-13 16:05:58 #4 type] 
Type domain.Actor is not enhanced.

[2022-10-13 16:05:58 #5 type] 
Type domain.Evento is not enhanced.

[2022-10-13 16:05:58 #6 type] 
Type domain.Pregunta is not enhanced.

[2022-10-13 16:05:58 #7 type] 
Type domain.Pronostico is not enhanced.

[2022-10-13 16:05:58 #8 type] 
Type domain.Administrador is not enhanced.

[2022-10-13 16:05:58 #9 type] 
Type domain.Apuesta is not enhanced.

[2022-10-13 16:05:58 #10 type] 
Type domain.Usuario is not enhanced.

[2022-10-13 16:05:58 #11 type] 
Type domain.InformeError is not enhanced.

[2022-10-13 16:05:58 #12 type] 
Type domain.Promocion is not enhanced.

------------------------------------------------------------------------------------------------------------------------

[2022-10-13 16:06:28 #1 store] 
Database '/Users/and333r/git/betsProject/src/main/resources/bets.temp' has been recovered (tr. 3097-3111)

[2022-10-13 16:06:28 #2 store] 
Database '/Users/and333r/git/betsProject/src/main/resources/bets.temp' is opened by 4323@MacBook-de-Ander.local

[2022-10-13 16:06:28 #3 type] 
Type domain.Competicion is not enhanced.

[2022-10-13 16:06:28 #4 type] 
Type domain.Actor is not enhanced.

[2022-10-13 16:06:28 #5 type] 
Type domain.Evento is not enhanced.

[2022-10-13 16:06:28 #6 type] 
Type domain.Pregunta is not enhanced.

[2022-10-13 16:06:28 #7 type] 
Type domain.Pronostico is not enhanced.

[2022-10-13 16:06:28 #8 type] 
Type domain.Administrador is not enhanced.

[2022-10-13 16:06:28 #9 type] 
Type domain.Apuesta is not enhanced.

[2022-10-13 16:06:28 #10 type] 
Type domain.Usuario is not enhanced.

[2022-10-13 16:06:28 #11 type] 
Type domain.InformeError is not enhanced.

[2022-10-13 16:06:28 #12 type] 
Type domain.Promocion is not enhanced.

------------------------------------------------------------------------------------------------------------------------

[2022-10-13 16:06:47 #1 store] 
Database '/Users/and333r/git/betsProject/src/main/resources/bets.temp' has been recovered (tr. 3112-3123)

[2022-10-13 16:06:47 #2 store] 
Database '/Users/and333r/git/betsProject/src/main/resources/bets.temp' is opened by 4324@MacBook-de-Ander.local

[2022-10-13 16:06:47 #3 type] 
Type domain.Competicion is not enhanced.

[2022-10-13 16:06:47 #4 type] 
Type domain.Actor is not enhanced.

[2022-10-13 16:06:47 #5 type] 
Type domain.Evento is not enhanced.

[2022-10-13 16:06:47 #6 type] 
Type domain.Pregunta is not enhanced.

[2022-10-13 16:06:47 #7 type] 
Type domain.Pronostico is not enhanced.

[2022-10-13 16:06:47 #8 type] 
Type domain.Administrador is not enhanced.

[2022-10-13 16:06:47 #9 type] 
Type domain.Apuesta is not enhanced.

[2022-10-13 16:06:47 #10 type] 
Type domain.Usuario is not enhanced.

[2022-10-13 16:06:47 #11 type] 
Type domain.InformeError is not enhanced.

[2022-10-13 16:06:47 #12 type] 
Type domain.Promocion is not enhanced.

------------------------------------------------------------------------------------------------------------------------

[2022-10-13 16:07:24 #1 store] 
Database '/Users/and333r/git/betsProject/src/main/resources/bets.temp' has been recovered (tr. 3124-3139)

[2022-10-13 16:07:24 #2 store] 
Database '/Users/and333r/git/betsProject/src/main/resources/bets.temp' is opened by 4325@MacBook-de-Ander.local

[2022-10-13 16:07:24 #3 type] 
Type domain.Competicion is not enhanced.

[2022-10-13 16:07:24 #4 type] 
Type domain.Actor is not enhanced.

[2022-10-13 16:07:24 #5 type] 
Type domain.Evento is not enhanced.

[2022-10-13 16:07:24 #6 type] 
Type domain.Pregunta is not enhanced.

[2022-10-13 16:07:24 #7 type] 
Type domain.Pronostico is not enhanced.

[2022-10-13 16:07:24 #8 type] 
Type domain.Administrador is not enhanced.

[2022-10-13 16:07:24 #9 type] 
Type domain.Apuesta is not enhanced.

[2022-10-13 16:07:24 #10 type] 
Type domain.Usuario is not enhanced.

[2022-10-13 16:07:24 #11 type] 
Type domain.InformeError is not enhanced.

[2022-10-13 16:07:24 #12 type] 
Type domain.Promocion is not enhanced.

------------------------------------------------------------------------------------------------------------------------

[2022-10-13 16:08:15 #1 store] 
Database '/Users/and333r/git/betsProject/src/main/resources/bets.temp' has been recovered (tr. 3140-3155)

[2022-10-13 16:08:15 #2 store] 
Database '/Users/and333r/git/betsProject/src/main/resources/bets.temp' is opened by 4334@MacBook-de-Ander.local

[2022-10-13 16:08:15 #3 type] 
Type domain.Competicion is not enhanced.

[2022-10-13 16:08:15 #4 type] 
Type domain.Actor is not enhanced.

[2022-10-13 16:08:15 #5 type] 
Type domain.Evento is not enhanced.

[2022-10-13 16:08:15 #6 type] 
Type domain.Pregunta is not enhanced.

[2022-10-13 16:08:15 #7 type] 
Type domain.Pronostico is not enhanced.

[2022-10-13 16:08:15 #8 type] 
Type domain.Administrador is not enhanced.

[2022-10-13 16:08:15 #9 type] 
Type domain.Apuesta is not enhanced.

[2022-10-13 16:08:15 #10 type] 
Type domain.Usuario is not enhanced.

[2022-10-13 16:08:15 #11 type] 
Type domain.InformeError is not enhanced.

[2022-10-13 16:08:15 #12 type] 
Type domain.Promocion is not enhanced.

------------------------------------------------------------------------------------------------------------------------

[2022-10-13 16:08:30 #1 store] 
Database '/Users/and333r/git/betsProject/src/main/resources/bets.temp' has been recovered (tr. 3156-3174)

[2022-10-13 16:08:30 #2 store] 
Database '/Users/and333r/git/betsProject/src/main/resources/bets.temp' is opened by 4335@MacBook-de-Ander.local

[2022-10-13 16:08:30 #3 type] 
Type domain.Competicion is not enhanced.

[2022-10-13 16:08:30 #4 type] 
Type domain.Actor is not enhanced.

[2022-10-13 16:08:30 #5 type] 
Type domain.Evento is not enhanced.

[2022-10-13 16:08:30 #6 type] 
Type domain.Pregunta is not enhanced.

[2022-10-13 16:08:30 #7 type] 
Type domain.Pronostico is not enhanced.

[2022-10-13 16:08:30 #8 type] 
Type domain.Administrador is not enhanced.

[2022-10-13 16:08:30 #9 type] 
Type domain.Apuesta is not enhanced.

[2022-10-13 16:08:30 #10 type] 
Type domain.Usuario is not enhanced.

[2022-10-13 16:08:30 #11 type] 
Type domain.InformeError is not enhanced.

[2022-10-13 16:08:30 #12 type] 
Type domain.Promocion is not enhanced.

------------------------------------------------------------------------------------------------------------------------

[2022-10-13 16:09:40 #1 store] 
Database '/Users/and333r/git/betsProject/src/main/resources/bets.temp' has been recovered (tr. 3175-3178)

[2022-10-13 16:09:40 #2 store] 
Database '/Users/and333r/git/betsProject/src/main/resources/bets.temp' is opened by 4339@MacBook-de-Ander.local

[2022-10-13 16:09:40 #3 type] 
Type domain.Competicion is not enhanced.

[2022-10-13 16:09:40 #4 type] 
Type domain.Actor is not enhanced.

[2022-10-13 16:09:40 #5 type] 
Type domain.Evento is not enhanced.

[2022-10-13 16:09:40 #6 type] 
Type domain.Pregunta is not enhanced.

[2022-10-13 16:09:40 #7 type] 
Type domain.Pronostico is not enhanced.

[2022-10-13 16:09:40 #8 type] 
Type domain.Administrador is not enhanced.

[2022-10-13 16:09:40 #9 type] 
Type domain.Apuesta is not enhanced.

[2022-10-13 16:09:40 #10 type] 
Type domain.Usuario is not enhanced.

[2022-10-13 16:09:40 #11 type] 
Type domain.InformeError is not enhanced.

[2022-10-13 16:09:40 #12 type] 
Type domain.Promocion is not enhanced.

------------------------------------------------------------------------------------------------------------------------

[2022-10-13 16:10:47 #1 store] 
Database '/Users/and333r/git/betsProject/src/main/resources/bets.temp' has been recovered (tr. 3179-3186)

[2022-10-13 16:10:47 #2 store] 
Database '/Users/and333r/git/betsProject/src/main/resources/bets.temp' is opened by 4342@MacBook-de-Ander.local

[2022-10-13 16:10:47 #3 type] 
Type domain.Competicion is not enhanced.

[2022-10-13 16:10:47 #4 type] 
Type domain.Actor is not enhanced.

[2022-10-13 16:10:47 #5 type] 
Type domain.Evento is not enhanced.

[2022-10-13 16:10:47 #6 type] 
Type domain.Pregunta is not enhanced.

[2022-10-13 16:10:47 #7 type] 
Type domain.Pronostico is not enhanced.

[2022-10-13 16:10:47 #8 type] 
Type domain.Administrador is not enhanced.

[2022-10-13 16:10:47 #9 type] 
Type domain.Apuesta is not enhanced.

[2022-10-13 16:10:47 #10 type] 
Type domain.Usuario is not enhanced.

[2022-10-13 16:10:47 #11 type] 
Type domain.InformeError is not enhanced.

[2022-10-13 16:10:47 #12 type] 
Type domain.Promocion is not enhanced.

------------------------------------------------------------------------------------------------------------------------

[2022-10-13 16:10:58 #1 store] 
Database '/Users/and333r/git/betsProject/src/main/resources/bets.temp' has been recovered (tr. 3187-3190)

[2022-10-13 16:10:59 #2 store] 
Database '/Users/and333r/git/betsProject/src/main/resources/bets.temp' is opened by 4344@MacBook-de-Ander.local

[2022-10-13 16:10:59 #3 type] 
Type domain.Competicion is not enhanced.

[2022-10-13 16:10:59 #4 type] 
Type domain.Actor is not enhanced.

[2022-10-13 16:10:59 #5 type] 
Type domain.Evento is not enhanced.

[2022-10-13 16:10:59 #6 type] 
Type domain.Pregunta is not enhanced.

[2022-10-13 16:10:59 #7 type] 
Type domain.Pronostico is not enhanced.

[2022-10-13 16:10:59 #8 type] 
Type domain.Administrador is not enhanced.

[2022-10-13 16:10:59 #9 type] 
Type domain.Apuesta is not enhanced.

[2022-10-13 16:10:59 #10 type] 
Type domain.Usuario is not enhanced.

[2022-10-13 16:10:59 #11 type] 
Type domain.InformeError is not enhanced.

[2022-10-13 16:10:59 #12 type] 
Type domain.Promocion is not enhanced.

------------------------------------------------------------------------------------------------------------------------

[2022-10-13 16:11:11 #1 store] 
Database '/Users/and333r/git/betsProject/src/main/resources/bets.temp' has been recovered (tr. 3191-3206)

[2022-10-13 16:11:11 #2 store] 
Database '/Users/and333r/git/betsProject/src/main/resources/bets.temp' is opened by 4345@MacBook-de-Ander.local

[2022-10-13 16:11:11 #3 type] 
Type domain.Competicion is not enhanced.

[2022-10-13 16:11:11 #4 type] 
Type domain.Actor is not enhanced.

[2022-10-13 16:11:11 #5 type] 
Type domain.Evento is not enhanced.

[2022-10-13 16:11:11 #6 type] 
Type domain.Pregunta is not enhanced.

[2022-10-13 16:11:11 #7 type] 
Type domain.Pronostico is not enhanced.

[2022-10-13 16:11:11 #8 type] 
Type domain.Administrador is not enhanced.

[2022-10-13 16:11:11 #9 type] 
Type domain.Apuesta is not enhanced.

[2022-10-13 16:11:11 #10 type] 
Type domain.Usuario is not enhanced.

[2022-10-13 16:11:11 #11 type] 
Type domain.InformeError is not enhanced.

[2022-10-13 16:11:11 #12 type] 
Type domain.Promocion is not enhanced.

------------------------------------------------------------------------------------------------------------------------

[2022-10-13 16:11:34 #1 store] 
Database '/Users/and333r/git/betsProject/src/main/resources/bets.temp' has been recovered (tr. 3207-3219)

[2022-10-13 16:11:34 #2 store] 
Database '/Users/and333r/git/betsProject/src/main/resources/bets.temp' is opened by 4346@MacBook-de-Ander.local

[2022-10-13 16:11:34 #3 type] 
Type domain.Competicion is not enhanced.

[2022-10-13 16:11:34 #4 type] 
Type domain.Actor is not enhanced.

[2022-10-13 16:11:34 #5 type] 
Type domain.Evento is not enhanced.

[2022-10-13 16:11:34 #6 type] 
Type domain.Pregunta is not enhanced.

[2022-10-13 16:11:34 #7 type] 
Type domain.Pronostico is not enhanced.

[2022-10-13 16:11:34 #8 type] 
Type domain.Administrador is not enhanced.

[2022-10-13 16:11:34 #9 type] 
Type domain.Apuesta is not enhanced.

[2022-10-13 16:11:34 #10 type] 
Type domain.Usuario is not enhanced.

[2022-10-13 16:11:34 #11 type] 
Type domain.InformeError is not enhanced.

[2022-10-13 16:11:34 #12 type] 
Type domain.Promocion is not enhanced.

------------------------------------------------------------------------------------------------------------------------

[2022-10-13 16:11:49 #1 store] 
Database '/Users/and333r/git/betsProject/src/main/resources/bets.temp' has been recovered (tr. 3220-3241)

[2022-10-13 16:11:49 #2 store] 
Database '/Users/and333r/git/betsProject/src/main/resources/bets.temp' is opened by 4348@MacBook-de-Ander.local

[2022-10-13 16:11:49 #3 type] 
Type domain.Competicion is not enhanced.

[2022-10-13 16:11:49 #4 type] 
Type domain.Actor is not enhanced.

[2022-10-13 16:11:49 #5 type] 
Type domain.Evento is not enhanced.

[2022-10-13 16:11:49 #6 type] 
Type domain.Pregunta is not enhanced.

[2022-10-13 16:11:49 #7 type] 
Type domain.Pronostico is not enhanced.

[2022-10-13 16:11:49 #8 type] 
Type domain.Administrador is not enhanced.

[2022-10-13 16:11:49 #9 type] 
Type domain.Apuesta is not enhanced.

[2022-10-13 16:11:49 #10 type] 
Type domain.Usuario is not enhanced.

[2022-10-13 16:11:49 #11 type] 
Type domain.InformeError is not enhanced.

[2022-10-13 16:11:49 #12 type] 
Type domain.Promocion is not enhanced.

------------------------------------------------------------------------------------------------------------------------

[2022-10-13 16:12:10 #1 store] 
Database '/Users/and333r/git/betsProject/src/main/resources/bets.temp' has been recovered (tr. 3242-3259)

[2022-10-13 16:12:10 #2 store] 
Database '/Users/and333r/git/betsProject/src/main/resources/bets.temp' is opened by 4349@MacBook-de-Ander.local

[2022-10-13 16:12:10 #3 type] 
Type domain.Competicion is not enhanced.

[2022-10-13 16:12:10 #4 type] 
Type domain.Actor is not enhanced.

[2022-10-13 16:12:10 #5 type] 
Type domain.Evento is not enhanced.

[2022-10-13 16:12:10 #6 type] 
Type domain.Pregunta is not enhanced.

[2022-10-13 16:12:10 #7 type] 
Type domain.Pronostico is not enhanced.

[2022-10-13 16:12:10 #8 type] 
Type domain.Administrador is not enhanced.

[2022-10-13 16:12:10 #9 type] 
Type domain.Apuesta is not enhanced.

[2022-10-13 16:12:10 #10 type] 
Type domain.Usuario is not enhanced.

[2022-10-13 16:12:10 #11 type] 
Type domain.InformeError is not enhanced.

[2022-10-13 16:12:10 #12 type] 
Type domain.Promocion is not enhanced.

------------------------------------------------------------------------------------------------------------------------

[2022-10-13 16:12:20 #1 store] 
Database '/Users/and333r/git/betsProject/src/main/resources/bets.temp' has been recovered (tr. 3260-3281)

[2022-10-13 16:12:20 #2 store] 
Database '/Users/and333r/git/betsProject/src/main/resources/bets.temp' is opened by 4350@MacBook-de-Ander.local

[2022-10-13 16:12:20 #3 type] 
Type domain.Competicion is not enhanced.

[2022-10-13 16:12:20 #4 type] 
Type domain.Actor is not enhanced.

[2022-10-13 16:12:20 #5 type] 
Type domain.Evento is not enhanced.

[2022-10-13 16:12:20 #6 type] 
Type domain.Pregunta is not enhanced.

[2022-10-13 16:12:20 #7 type] 
Type domain.Pronostico is not enhanced.

[2022-10-13 16:12:20 #8 type] 
Type domain.Administrador is not enhanced.

[2022-10-13 16:12:20 #9 type] 
Type domain.Apuesta is not enhanced.

[2022-10-13 16:12:20 #10 type] 
Type domain.Usuario is not enhanced.

[2022-10-13 16:12:20 #11 type] 
Type domain.InformeError is not enhanced.

[2022-10-13 16:12:20 #12 type] 
Type domain.Promocion is not enhanced.

------------------------------------------------------------------------------------------------------------------------

[2022-10-13 16:12:44 #1 store] 
Database '/Users/and333r/git/betsProject/src/main/resources/bets.temp' has been recovered (tr. 3282-3303)

[2022-10-13 16:12:44 #2 store] 
Database '/Users/and333r/git/betsProject/src/main/resources/bets.temp' is opened by 4354@MacBook-de-Ander.local

[2022-10-13 16:12:45 #3 type] 
Type domain.Competicion is not enhanced.

[2022-10-13 16:12:45 #4 type] 
Type domain.Actor is not enhanced.

[2022-10-13 16:12:45 #5 type] 
Type domain.Evento is not enhanced.

[2022-10-13 16:12:45 #6 type] 
Type domain.Pregunta is not enhanced.

[2022-10-13 16:12:45 #7 type] 
Type domain.Pronostico is not enhanced.

[2022-10-13 16:12:45 #8 type] 
Type domain.Administrador is not enhanced.

[2022-10-13 16:12:45 #9 type] 
Type domain.Apuesta is not enhanced.

[2022-10-13 16:12:45 #10 type] 
Type domain.Usuario is not enhanced.

[2022-10-13 16:12:45 #11 type] 
Type domain.InformeError is not enhanced.

[2022-10-13 16:12:45 #12 type] 
Type domain.Promocion is not enhanced.

------------------------------------------------------------------------------------------------------------------------

[2022-10-13 16:12:53 #1 store] 
Database '/Users/and333r/git/betsProject/src/main/resources/bets.temp' has been recovered (tr. 3304-3321)

[2022-10-13 16:12:53 #2 store] 
Database '/Users/and333r/git/betsProject/src/main/resources/bets.temp' is opened by 4355@MacBook-de-Ander.local

[2022-10-13 16:12:53 #3 type] 
Type domain.Competicion is not enhanced.

[2022-10-13 16:12:53 #4 type] 
Type domain.Actor is not enhanced.

[2022-10-13 16:12:53 #5 type] 
Type domain.Evento is not enhanced.

[2022-10-13 16:12:53 #6 type] 
Type domain.Pregunta is not enhanced.

[2022-10-13 16:12:53 #7 type] 
Type domain.Pronostico is not enhanced.

[2022-10-13 16:12:53 #8 type] 
Type domain.Administrador is not enhanced.

[2022-10-13 16:12:53 #9 type] 
Type domain.Apuesta is not enhanced.

[2022-10-13 16:12:53 #10 type] 
Type domain.Usuario is not enhanced.

[2022-10-13 16:12:53 #11 type] 
Type domain.InformeError is not enhanced.

[2022-10-13 16:12:53 #12 type] 
Type domain.Promocion is not enhanced.

------------------------------------------------------------------------------------------------------------------------

[2022-10-13 16:13:09 #1 store] 
Database '/Users/and333r/git/betsProject/src/main/resources/bets.temp' has been recovered (tr. 3322-3340)

[2022-10-13 16:13:09 #2 store] 
Database '/Users/and333r/git/betsProject/src/main/resources/bets.temp' is opened by 4357@MacBook-de-Ander.local

[2022-10-13 16:13:09 #3 type] 
Type domain.Competicion is not enhanced.

[2022-10-13 16:13:09 #4 type] 
Type domain.Actor is not enhanced.

[2022-10-13 16:13:09 #5 type] 
Type domain.Evento is not enhanced.

[2022-10-13 16:13:09 #6 type] 
Type domain.Pregunta is not enhanced.

[2022-10-13 16:13:09 #7 type] 
Type domain.Pronostico is not enhanced.

[2022-10-13 16:13:09 #8 type] 
Type domain.Administrador is not enhanced.

[2022-10-13 16:13:09 #9 type] 
Type domain.Apuesta is not enhanced.

[2022-10-13 16:13:09 #10 type] 
Type domain.Usuario is not enhanced.

[2022-10-13 16:13:09 #11 type] 
Type domain.InformeError is not enhanced.

[2022-10-13 16:13:09 #12 type] 
Type domain.Promocion is not enhanced.

------------------------------------------------------------------------------------------------------------------------

[2022-10-13 16:13:16 #1 store] 
Database '/Users/and333r/git/betsProject/src/main/resources/bets.temp' has been recovered (tr. 3341-3359)

[2022-10-13 16:13:17 #2 store] 
Database '/Users/and333r/git/betsProject/src/main/resources/bets.temp' is opened by 4358@MacBook-de-Ander.local

[2022-10-13 16:13:17 #3 type] 
Type domain.Competicion is not enhanced.

[2022-10-13 16:13:17 #4 type] 
Type domain.Actor is not enhanced.

[2022-10-13 16:13:17 #5 type] 
Type domain.Evento is not enhanced.

[2022-10-13 16:13:17 #6 type] 
Type domain.Pregunta is not enhanced.

[2022-10-13 16:13:17 #7 type] 
Type domain.Pronostico is not enhanced.

[2022-10-13 16:13:17 #8 type] 
Type domain.Administrador is not enhanced.

[2022-10-13 16:13:17 #9 type] 
Type domain.Apuesta is not enhanced.

[2022-10-13 16:13:17 #10 type] 
Type domain.Usuario is not enhanced.

[2022-10-13 16:13:17 #11 type] 
Type domain.InformeError is not enhanced.

[2022-10-13 16:13:17 #12 type] 
Type domain.Promocion is not enhanced.

------------------------------------------------------------------------------------------------------------------------

[2022-10-13 16:13:25 #1 store] 
Database '/Users/and333r/git/betsProject/src/main/resources/bets.temp' has been recovered (tr. 3360-3378)

[2022-10-13 16:13:25 #2 store] 
Database '/Users/and333r/git/betsProject/src/main/resources/bets.temp' is opened by 4359@MacBook-de-Ander.local

[2022-10-13 16:13:25 #3 type] 
Type domain.Competicion is not enhanced.

[2022-10-13 16:13:25 #4 type] 
Type domain.Actor is not enhanced.

[2022-10-13 16:13:25 #5 type] 
Type domain.Evento is not enhanced.

[2022-10-13 16:13:25 #6 type] 
Type domain.Pregunta is not enhanced.

[2022-10-13 16:13:25 #7 type] 
Type domain.Pronostico is not enhanced.

[2022-10-13 16:13:25 #8 type] 
Type domain.Administrador is not enhanced.

[2022-10-13 16:13:25 #9 type] 
Type domain.Apuesta is not enhanced.

[2022-10-13 16:13:25 #10 type] 
Type domain.Usuario is not enhanced.

[2022-10-13 16:13:25 #11 type] 
Type domain.InformeError is not enhanced.

[2022-10-13 16:13:25 #12 type] 
Type domain.Promocion is not enhanced.

------------------------------------------------------------------------------------------------------------------------

[2022-10-13 16:13:33 #1 store] 
Database '/Users/and333r/git/betsProject/src/main/resources/bets.temp' has been recovered (tr. 3379-3396)

[2022-10-13 16:13:33 #2 store] 
Database '/Users/and333r/git/betsProject/src/main/resources/bets.temp' is opened by 4360@MacBook-de-Ander.local

[2022-10-13 16:13:33 #3 type] 
Type domain.Competicion is not enhanced.

[2022-10-13 16:13:33 #4 type] 
Type domain.Actor is not enhanced.

[2022-10-13 16:13:33 #5 type] 
Type domain.Evento is not enhanced.

[2022-10-13 16:13:33 #6 type] 
Type domain.Pregunta is not enhanced.

[2022-10-13 16:13:33 #7 type] 
Type domain.Pronostico is not enhanced.

[2022-10-13 16:13:33 #8 type] 
Type domain.Administrador is not enhanced.

[2022-10-13 16:13:33 #9 type] 
Type domain.Apuesta is not enhanced.

[2022-10-13 16:13:33 #10 type] 
Type domain.Usuario is not enhanced.

[2022-10-13 16:13:33 #11 type] 
Type domain.InformeError is not enhanced.

[2022-10-13 16:13:33 #12 type] 
Type domain.Promocion is not enhanced.

------------------------------------------------------------------------------------------------------------------------

[2022-10-13 16:14:03 #1 store] 
Database '/Users/and333r/git/betsProject/src/main/resources/bets.temp' has been recovered (tr. 3397-3416)

[2022-10-13 16:14:03 #2 store] 
Database '/Users/and333r/git/betsProject/src/main/resources/bets.temp' is opened by 4364@MacBook-de-Ander.local

[2022-10-13 16:14:03 #3 type] 
Type domain.Competicion is not enhanced.

[2022-10-13 16:14:03 #4 type] 
Type domain.Actor is not enhanced.

[2022-10-13 16:14:03 #5 type] 
Type domain.Evento is not enhanced.

[2022-10-13 16:14:03 #6 type] 
Type domain.Pregunta is not enhanced.

[2022-10-13 16:14:03 #7 type] 
Type domain.Pronostico is not enhanced.

[2022-10-13 16:14:03 #8 type] 
Type domain.Administrador is not enhanced.

[2022-10-13 16:14:03 #9 type] 
Type domain.Apuesta is not enhanced.

[2022-10-13 16:14:03 #10 type] 
Type domain.Usuario is not enhanced.

[2022-10-13 16:14:03 #11 type] 
Type domain.InformeError is not enhanced.

[2022-10-13 16:14:03 #12 type] 
Type domain.Promocion is not enhanced.

------------------------------------------------------------------------------------------------------------------------

[2022-10-13 16:14:14 #1 store] 
Database '/Users/and333r/git/betsProject/src/main/resources/bets.temp' has been recovered (tr. 3417-3434)

[2022-10-13 16:14:14 #2 store] 
Database '/Users/and333r/git/betsProject/src/main/resources/bets.temp' is opened by 4365@MacBook-de-Ander.local

[2022-10-13 16:14:14 #3 type] 
Type domain.Competicion is not enhanced.

[2022-10-13 16:14:14 #4 type] 
Type domain.Actor is not enhanced.

[2022-10-13 16:14:14 #5 type] 
Type domain.Evento is not enhanced.

[2022-10-13 16:14:14 #6 type] 
Type domain.Pregunta is not enhanced.

[2022-10-13 16:14:14 #7 type] 
Type domain.Pronostico is not enhanced.

[2022-10-13 16:14:14 #8 type] 
Type domain.Administrador is not enhanced.

[2022-10-13 16:14:14 #9 type] 
Type domain.Apuesta is not enhanced.

[2022-10-13 16:14:14 #10 type] 
Type domain.Usuario is not enhanced.

[2022-10-13 16:14:14 #11 type] 
Type domain.InformeError is not enhanced.

[2022-10-13 16:14:14 #12 type] 
Type domain.Promocion is not enhanced.

------------------------------------------------------------------------------------------------------------------------

[2022-10-13 16:16:05 #1 store] 
Database '/Users/and333r/git/betsProject/src/main/resources/bets.temp' has been recovered (tr. 3435-3456)

[2022-10-13 16:16:05 #2 store] 
Database '/Users/and333r/git/betsProject/src/main/resources/bets.temp' is opened by 4371@MacBook-de-Ander.local

[2022-10-13 16:16:05 #3 type] 
Type domain.Competicion is not enhanced.

[2022-10-13 16:16:05 #4 type] 
Type domain.Actor is not enhanced.

[2022-10-13 16:16:05 #5 type] 
Type domain.Evento is not enhanced.

[2022-10-13 16:16:05 #6 type] 
Type domain.Pregunta is not enhanced.

[2022-10-13 16:16:05 #7 type] 
Type domain.Pronostico is not enhanced.

[2022-10-13 16:16:05 #8 type] 
Type domain.Administrador is not enhanced.

[2022-10-13 16:16:05 #9 type] 
Type domain.Apuesta is not enhanced.

[2022-10-13 16:16:05 #10 type] 
Type domain.Usuario is not enhanced.

[2022-10-13 16:16:05 #11 type] 
Type domain.InformeError is not enhanced.

[2022-10-13 16:16:05 #12 type] 
Type domain.Promocion is not enhanced.

------------------------------------------------------------------------------------------------------------------------

[2022-10-13 16:16:25 #1 store] 
Database '/Users/and333r/git/betsProject/src/main/resources/bets.temp' has been recovered (tr. 3457-3478)

[2022-10-13 16:16:25 #2 store] 
Database '/Users/and333r/git/betsProject/src/main/resources/bets.temp' is opened by 4375@MacBook-de-Ander.local

[2022-10-13 16:16:25 #3 type] 
Type domain.Competicion is not enhanced.

[2022-10-13 16:16:25 #4 type] 
Type domain.Actor is not enhanced.

[2022-10-13 16:16:25 #5 type] 
Type domain.Evento is not enhanced.

[2022-10-13 16:16:25 #6 type] 
Type domain.Pregunta is not enhanced.

[2022-10-13 16:16:25 #7 type] 
Type domain.Pronostico is not enhanced.

[2022-10-13 16:16:25 #8 type] 
Type domain.Administrador is not enhanced.

[2022-10-13 16:16:25 #9 type] 
Type domain.Apuesta is not enhanced.

[2022-10-13 16:16:25 #10 type] 
Type domain.Usuario is not enhanced.

[2022-10-13 16:16:25 #11 type] 
Type domain.InformeError is not enhanced.

[2022-10-13 16:16:25 #12 type] 
Type domain.Promocion is not enhanced.

------------------------------------------------------------------------------------------------------------------------

[2022-10-13 16:16:35 #1 store] 
Database '/Users/and333r/git/betsProject/src/main/resources/bets.temp' has been recovered (tr. 3479-3502)

[2022-10-13 16:16:35 #2 store] 
Database '/Users/and333r/git/betsProject/src/main/resources/bets.temp' is opened by 4376@MacBook-de-Ander.local

[2022-10-13 16:16:35 #3 type] 
Type domain.Competicion is not enhanced.

[2022-10-13 16:16:35 #4 type] 
Type domain.Actor is not enhanced.

[2022-10-13 16:16:35 #5 type] 
Type domain.Evento is not enhanced.

[2022-10-13 16:16:35 #6 type] 
Type domain.Pregunta is not enhanced.

[2022-10-13 16:16:35 #7 type] 
Type domain.Pronostico is not enhanced.

[2022-10-13 16:16:35 #8 type] 
Type domain.Administrador is not enhanced.

[2022-10-13 16:16:35 #9 type] 
Type domain.Apuesta is not enhanced.

[2022-10-13 16:16:35 #10 type] 
Type domain.Usuario is not enhanced.

[2022-10-13 16:16:35 #11 type] 
Type domain.InformeError is not enhanced.

[2022-10-13 16:16:35 #12 type] 
Type domain.Promocion is not enhanced.

------------------------------------------------------------------------------------------------------------------------

[2022-10-13 16:17:27 #1 store] 
Database '/Users/and333r/git/betsProject/src/main/resources/bets.temp' has been recovered (tr. 3503-3524)

[2022-10-13 16:17:27 #2 store] 
Database '/Users/and333r/git/betsProject/src/main/resources/bets.temp' is opened by 4377@MacBook-de-Ander.local

[2022-10-13 16:17:27 #3 type] 
Type domain.Competicion is not enhanced.

[2022-10-13 16:17:27 #4 type] 
Type domain.Actor is not enhanced.

[2022-10-13 16:17:27 #5 type] 
Type domain.Evento is not enhanced.

[2022-10-13 16:17:27 #6 type] 
Type domain.Pregunta is not enhanced.

[2022-10-13 16:17:27 #7 type] 
Type domain.Pronostico is not enhanced.

[2022-10-13 16:17:27 #8 type] 
Type domain.Administrador is not enhanced.

[2022-10-13 16:17:27 #9 type] 
Type domain.Apuesta is not enhanced.

[2022-10-13 16:17:27 #10 type] 
Type domain.Usuario is not enhanced.

[2022-10-13 16:17:27 #11 type] 
Type domain.InformeError is not enhanced.

[2022-10-13 16:17:27 #12 type] 
Type domain.Promocion is not enhanced.

------------------------------------------------------------------------------------------------------------------------

[2022-10-13 16:35:35 #1 store] 
Database '/Users/and333r/git/betsProject/src/main/resources/bets.temp' has been recovered (tr. 3525-3552)

[2022-10-13 16:35:35 #2 store] 
Database '/Users/and333r/git/betsProject/src/main/resources/bets.temp' is opened by 4407@MacBook-de-Ander.local

[2022-10-13 16:35:35 #3 type] 
Type domain.Competicion is not enhanced.

[2022-10-13 16:35:35 #4 type] 
Type domain.Actor is not enhanced.

[2022-10-13 16:35:35 #5 type] 
Type domain.Evento is not enhanced.

[2022-10-13 16:35:35 #6 type] 
Type domain.Pregunta is not enhanced.

[2022-10-13 16:35:35 #7 type] 
Type domain.Pronostico is not enhanced.

[2022-10-13 16:35:35 #8 type] 
Type domain.Administrador is not enhanced.

[2022-10-13 16:35:35 #9 type] 
Type domain.Apuesta is not enhanced.

[2022-10-13 16:35:35 #10 type] 
Type domain.Usuario is not enhanced.

[2022-10-13 16:35:35 #11 type] 
Type domain.InformeError is not enhanced.

[2022-10-13 16:35:35 #12 type] 
Type domain.Promocion is not enhanced.

------------------------------------------------------------------------------------------------------------------------

[2022-10-13 16:35:49 #1 store] 
Database '/Users/and333r/git/betsProject/src/main/resources/bets.temp' has been recovered (tr. 3553-3585)

[2022-10-13 16:35:49 #2 store] 
Database '/Users/and333r/git/betsProject/src/main/resources/bets.temp' is opened by 4409@MacBook-de-Ander.local

[2022-10-13 16:35:49 #3 type] 
Type domain.Competicion is not enhanced.

[2022-10-13 16:35:49 #4 type] 
Type domain.Actor is not enhanced.

[2022-10-13 16:35:49 #5 type] 
Type domain.Evento is not enhanced.

[2022-10-13 16:35:49 #6 type] 
Type domain.Pregunta is not enhanced.

[2022-10-13 16:35:49 #7 type] 
Type domain.Pronostico is not enhanced.

[2022-10-13 16:35:49 #8 type] 
Type domain.Administrador is not enhanced.

[2022-10-13 16:35:49 #9 type] 
Type domain.Apuesta is not enhanced.

[2022-10-13 16:35:49 #10 type] 
Type domain.Usuario is not enhanced.

[2022-10-13 16:35:49 #11 type] 
Type domain.InformeError is not enhanced.

[2022-10-13 16:35:49 #12 type] 
Type domain.Promocion is not enhanced.

------------------------------------------------------------------------------------------------------------------------

[2022-10-13 16:39:33 #1 store] 
Database '/Users/and333r/git/betsProject/src/main/resources/bets.temp' has been recovered (tr. 3586-3615)

[2022-10-13 16:39:33 #2 store] 
Database '/Users/and333r/git/betsProject/src/main/resources/bets.temp' is opened by 4414@MacBook-de-Ander.local

[2022-10-13 16:39:33 #3 type] 
Type domain.Competicion is not enhanced.

[2022-10-13 16:39:33 #4 type] 
Type domain.Actor is not enhanced.

[2022-10-13 16:39:33 #5 type] 
Type domain.Evento is not enhanced.

[2022-10-13 16:39:33 #6 type] 
Type domain.Pregunta is not enhanced.

[2022-10-13 16:39:33 #7 type] 
Type domain.Pronostico is not enhanced.

[2022-10-13 16:39:33 #8 type] 
Type domain.Administrador is not enhanced.

[2022-10-13 16:39:33 #9 type] 
Type domain.Apuesta is not enhanced.

[2022-10-13 16:39:33 #10 type] 
Type domain.Usuario is not enhanced.

[2022-10-13 16:39:33 #11 type] 
Type domain.InformeError is not enhanced.

[2022-10-13 16:39:33 #12 type] 
Type domain.Promocion is not enhanced.

------------------------------------------------------------------------------------------------------------------------

[2022-10-13 16:41:15 #1 store] 
Database '/Users/and333r/git/betsProject/src/main/resources/bets.temp' has been recovered (tr. 3616-3656)

[2022-10-13 16:41:15 #2 store] 
Database '/Users/and333r/git/betsProject/src/main/resources/bets.temp' is opened by 4432@MacBook-de-Ander.local

[2022-10-13 16:41:15 #3 type] 
Type domain.Competicion is not enhanced.

[2022-10-13 16:41:15 #4 type] 
Type domain.Actor is not enhanced.

[2022-10-13 16:41:15 #5 type] 
Type domain.Evento is not enhanced.

[2022-10-13 16:41:15 #6 type] 
Type domain.Pregunta is not enhanced.

[2022-10-13 16:41:15 #7 type] 
Type domain.Pronostico is not enhanced.

[2022-10-13 16:41:15 #8 type] 
Type domain.Administrador is not enhanced.

[2022-10-13 16:41:15 #9 type] 
Type domain.Apuesta is not enhanced.

[2022-10-13 16:41:15 #10 type] 
Type domain.Usuario is not enhanced.

[2022-10-13 16:41:15 #11 type] 
Type domain.InformeError is not enhanced.

[2022-10-13 16:41:15 #12 type] 
Type domain.Promocion is not enhanced.

------------------------------------------------------------------------------------------------------------------------

[2022-10-13 16:41:23 #1 store] 
Database '/Users/and333r/git/betsProject/src/main/resources/bets.temp' has been recovered (tr. 3657-3700)

[2022-10-13 16:41:23 #2 store] 
Database '/Users/and333r/git/betsProject/src/main/resources/bets.temp' is opened by 4433@MacBook-de-Ander.local

[2022-10-13 16:41:24 #3 type] 
Type domain.Competicion is not enhanced.

[2022-10-13 16:41:24 #4 type] 
Type domain.Actor is not enhanced.

[2022-10-13 16:41:24 #5 type] 
Type domain.Evento is not enhanced.

[2022-10-13 16:41:24 #6 type] 
Type domain.Pregunta is not enhanced.

[2022-10-13 16:41:24 #7 type] 
Type domain.Pronostico is not enhanced.

[2022-10-13 16:41:24 #8 type] 
Type domain.Administrador is not enhanced.

[2022-10-13 16:41:24 #9 type] 
Type domain.Apuesta is not enhanced.

[2022-10-13 16:41:24 #10 type] 
Type domain.Usuario is not enhanced.

[2022-10-13 16:41:24 #11 type] 
Type domain.InformeError is not enhanced.

[2022-10-13 16:41:24 #12 type] 
Type domain.Promocion is not enhanced.

------------------------------------------------------------------------------------------------------------------------

[2022-10-13 16:42:00 #1 store] 
Database '/Users/and333r/git/betsProject/src/main/resources/bets.temp' has been recovered (tr. 3701-3742)

[2022-10-13 16:42:00 #2 store] 
Database '/Users/and333r/git/betsProject/src/main/resources/bets.temp' is opened by 4435@MacBook-de-Ander.local

[2022-10-13 16:42:00 #3 type] 
Type domain.Competicion is not enhanced.

[2022-10-13 16:42:00 #4 type] 
Type domain.Actor is not enhanced.

[2022-10-13 16:42:00 #5 type] 
Type domain.Evento is not enhanced.

[2022-10-13 16:42:00 #6 type] 
Type domain.Pregunta is not enhanced.

[2022-10-13 16:42:00 #7 type] 
Type domain.Pronostico is not enhanced.

[2022-10-13 16:42:00 #8 type] 
Type domain.Administrador is not enhanced.

[2022-10-13 16:42:00 #9 type] 
Type domain.Apuesta is not enhanced.

[2022-10-13 16:42:00 #10 type] 
Type domain.Usuario is not enhanced.

[2022-10-13 16:42:00 #11 type] 
Type domain.InformeError is not enhanced.

[2022-10-13 16:42:00 #12 type] 
Type domain.Promocion is not enhanced.

------------------------------------------------------------------------------------------------------------------------

[2022-10-13 16:54:08 #1 store] 
Database '/Users/and333r/git/betsProject/src/main/resources/bets.temp' has been recovered (tr. 3743-3784)

[2022-10-13 16:54:08 #2 store] 
Database '/Users/and333r/git/betsProject/src/main/resources/bets.temp' is opened by 4461@MacBook-de-Ander.local

[2022-10-13 16:54:08 #3 type] 
Type domain.Competicion is not enhanced.

[2022-10-13 16:54:08 #4 type] 
Type domain.Actor is not enhanced.

[2022-10-13 16:54:08 #5 type] 
Type domain.Evento is not enhanced.

[2022-10-13 16:54:08 #6 type] 
Type domain.Pregunta is not enhanced.

[2022-10-13 16:54:08 #7 type] 
Type domain.Pronostico is not enhanced.

[2022-10-13 16:54:08 #8 type] 
Type domain.Administrador is not enhanced.

[2022-10-13 16:54:08 #9 type] 
Type domain.Apuesta is not enhanced.

[2022-10-13 16:54:08 #10 type] 
Type domain.Usuario is not enhanced.

[2022-10-13 16:54:08 #11 type] 
Type domain.InformeError is not enhanced.

[2022-10-13 16:54:08 #12 type] 
Type domain.Promocion is not enhanced.

------------------------------------------------------------------------------------------------------------------------

[2022-10-13 17:08:00 #1 store] 
Database '/Users/and333r/git/betsProject/src/main/resources/bets.temp' has been recovered (tr. 3785-3826)

[2022-10-13 17:08:00 #2 store] 
Database '/Users/and333r/git/betsProject/src/main/resources/bets.temp' is opened by 4515@MacBook-de-Ander.local

[2022-10-13 17:08:01 #3 type] 
Type domain.Competicion is not enhanced.

[2022-10-13 17:08:01 #4 type] 
Type domain.Actor is not enhanced.

[2022-10-13 17:08:01 #5 type] 
Type domain.Evento is not enhanced.

[2022-10-13 17:08:01 #6 type] 
Type domain.Pregunta is not enhanced.

[2022-10-13 17:08:01 #7 type] 
Type domain.Pronostico is not enhanced.

[2022-10-13 17:08:01 #8 type] 
Type domain.Administrador is not enhanced.

[2022-10-13 17:08:01 #9 type] 
Type domain.Apuesta is not enhanced.

[2022-10-13 17:08:01 #10 type] 
Type domain.Usuario is not enhanced.

[2022-10-13 17:08:01 #11 type] 
Type domain.InformeError is not enhanced.

[2022-10-13 17:08:01 #12 type] 
Type domain.Promocion is not enhanced.

------------------------------------------------------------------------------------------------------------------------

[2022-10-13 17:08:13 #1 store] 
Database '/Users/and333r/git/betsProject/src/main/resources/bets.temp' is opened by 4519@MacBook-de-Ander.local

[2022-10-13 17:08:13 #2 type] 
Type domain.Competicion is not enhanced.

[2022-10-13 17:08:13 #3 type] 
Type domain.Actor is not enhanced.

[2022-10-13 17:08:13 #4 type] 
Type domain.Evento is not enhanced.

[2022-10-13 17:08:13 #5 type] 
Type domain.Pregunta is not enhanced.

[2022-10-13 17:08:13 #6 type] 
Type domain.Pronostico is not enhanced.

[2022-10-13 17:08:13 #7 type] 
Type domain.Administrador is not enhanced.

[2022-10-13 17:08:13 #8 type] 
Type domain.Apuesta is not enhanced.

[2022-10-13 17:08:13 #9 type] 
Type domain.Usuario is not enhanced.

[2022-10-13 17:08:13 #10 type] 
Type domain.InformeError is not enhanced.

[2022-10-13 17:08:13 #11 type] 
Type domain.Promocion is not enhanced.

------------------------------------------------------------------------------------------------------------------------

[2022-10-13 17:08:22 #1 store] 
Database '/Users/and333r/git/betsProject/src/main/resources/bets.temp' has been recovered (tr. 3827-3868)

[2022-10-13 17:08:22 #2 store] 
Database '/Users/and333r/git/betsProject/src/main/resources/bets.temp' is opened by 4520@MacBook-de-Ander.local

[2022-10-13 17:08:22 #3 type] 
Type domain.Competicion is not enhanced.

[2022-10-13 17:08:22 #4 type] 
Type domain.Actor is not enhanced.

[2022-10-13 17:08:22 #5 type] 
Type domain.Evento is not enhanced.

[2022-10-13 17:08:22 #6 type] 
Type domain.Pregunta is not enhanced.

[2022-10-13 17:08:22 #7 type] 
Type domain.Pronostico is not enhanced.

[2022-10-13 17:08:22 #8 type] 
Type domain.Administrador is not enhanced.

[2022-10-13 17:08:22 #9 type] 
Type domain.Apuesta is not enhanced.

[2022-10-13 17:08:22 #10 type] 
Type domain.Usuario is not enhanced.

[2022-10-13 17:08:22 #11 type] 
Type domain.InformeError is not enhanced.

[2022-10-13 17:08:22 #12 type] 
Type domain.Promocion is not enhanced.

------------------------------------------------------------------------------------------------------------------------

[2022-10-13 17:09:11 #1 store] 
Database '/Users/and333r/git/betsProject/src/main/resources/bets.temp' has been recovered (tr. 3869-3903)

[2022-10-13 17:09:12 #2 store] 
Database '/Users/and333r/git/betsProject/src/main/resources/bets.temp' is opened by 4523@MacBook-de-Ander.local

[2022-10-13 17:09:12 #3 type] 
Type domain.Competicion is not enhanced.

[2022-10-13 17:09:12 #4 type] 
Type domain.Actor is not enhanced.

[2022-10-13 17:09:12 #5 type] 
Type domain.Evento is not enhanced.

[2022-10-13 17:09:12 #6 type] 
Type domain.Pregunta is not enhanced.

[2022-10-13 17:09:12 #7 type] 
Type domain.Pronostico is not enhanced.

[2022-10-13 17:09:12 #8 type] 
Type domain.Administrador is not enhanced.

[2022-10-13 17:09:12 #9 type] 
Type domain.Apuesta is not enhanced.

[2022-10-13 17:09:12 #10 type] 
Type domain.Usuario is not enhanced.

[2022-10-13 17:09:12 #11 type] 
Type domain.InformeError is not enhanced.

[2022-10-13 17:09:12 #12 type] 
Type domain.Promocion is not enhanced.

------------------------------------------------------------------------------------------------------------------------

[2022-10-13 17:09:23 #1 store] 
Database '/Users/and333r/git/betsProject/src/main/resources/bets.temp' has been recovered (tr. 3904-3938)

[2022-10-13 17:09:23 #2 store] 
Database '/Users/and333r/git/betsProject/src/main/resources/bets.temp' is opened by 4525@MacBook-de-Ander.local

[2022-10-13 17:09:24 #3 type] 
Type domain.Competicion is not enhanced.

[2022-10-13 17:09:24 #4 type] 
Type domain.Actor is not enhanced.

[2022-10-13 17:09:24 #5 type] 
Type domain.Evento is not enhanced.

[2022-10-13 17:09:24 #6 type] 
Type domain.Pregunta is not enhanced.

[2022-10-13 17:09:24 #7 type] 
Type domain.Pronostico is not enhanced.

[2022-10-13 17:09:24 #8 type] 
Type domain.Administrador is not enhanced.

[2022-10-13 17:09:24 #9 type] 
Type domain.Apuesta is not enhanced.

[2022-10-13 17:09:24 #10 type] 
Type domain.Usuario is not enhanced.

[2022-10-13 17:09:24 #11 type] 
Type domain.InformeError is not enhanced.

[2022-10-13 17:09:24 #12 type] 
Type domain.Promocion is not enhanced.

------------------------------------------------------------------------------------------------------------------------

[2022-10-13 17:09:30 #1 store] 
Database '/Users/and333r/git/betsProject/src/main/resources/bets.temp' has been recovered (tr. 3939-3976)

[2022-10-13 17:09:30 #2 store] 
Database '/Users/and333r/git/betsProject/src/main/resources/bets.temp' is opened by 4526@MacBook-de-Ander.local

[2022-10-13 17:09:30 #3 type] 
Type domain.Competicion is not enhanced.

[2022-10-13 17:09:30 #4 type] 
Type domain.Actor is not enhanced.

[2022-10-13 17:09:30 #5 type] 
Type domain.Evento is not enhanced.

[2022-10-13 17:09:30 #6 type] 
Type domain.Pregunta is not enhanced.

[2022-10-13 17:09:30 #7 type] 
Type domain.Pronostico is not enhanced.

[2022-10-13 17:09:30 #8 type] 
Type domain.Administrador is not enhanced.

[2022-10-13 17:09:30 #9 type] 
Type domain.Apuesta is not enhanced.

[2022-10-13 17:09:30 #10 type] 
Type domain.Usuario is not enhanced.

[2022-10-13 17:09:30 #11 type] 
Type domain.InformeError is not enhanced.

[2022-10-13 17:09:30 #12 type] 
Type domain.Promocion is not enhanced.

------------------------------------------------------------------------------------------------------------------------

[2022-10-13 17:09:47 #1 store] 
Database '/Users/and333r/git/betsProject/src/main/resources/bets.temp' has been recovered (tr. 3977-4014)

[2022-10-13 17:09:47 #2 store] 
Database '/Users/and333r/git/betsProject/src/main/resources/bets.temp' is opened by 4533@MacBook-de-Ander.local

[2022-10-13 17:09:47 #3 type] 
Type domain.Competicion is not enhanced.

[2022-10-13 17:09:47 #4 type] 
Type domain.Actor is not enhanced.

[2022-10-13 17:09:47 #5 type] 
Type domain.Evento is not enhanced.

[2022-10-13 17:09:47 #6 type] 
Type domain.Pregunta is not enhanced.

[2022-10-13 17:09:47 #7 type] 
Type domain.Pronostico is not enhanced.

[2022-10-13 17:09:47 #8 type] 
Type domain.Administrador is not enhanced.

[2022-10-13 17:09:47 #9 type] 
Type domain.Apuesta is not enhanced.

[2022-10-13 17:09:47 #10 type] 
Type domain.Usuario is not enhanced.

[2022-10-13 17:09:47 #11 type] 
Type domain.InformeError is not enhanced.

[2022-10-13 17:09:47 #12 type] 
Type domain.Promocion is not enhanced.

------------------------------------------------------------------------------------------------------------------------

[2022-10-13 17:09:53 #1 store] 
Database '/Users/and333r/git/betsProject/src/main/resources/bets.temp' has been recovered (tr. 4015-4056)

[2022-10-13 17:09:53 #2 store] 
Database '/Users/and333r/git/betsProject/src/main/resources/bets.temp' is opened by 4537@MacBook-de-Ander.local

[2022-10-13 17:09:54 #3 type] 
Type domain.Competicion is not enhanced.

[2022-10-13 17:09:54 #4 type] 
Type domain.Actor is not enhanced.

[2022-10-13 17:09:54 #5 type] 
Type domain.Evento is not enhanced.

[2022-10-13 17:09:54 #6 type] 
Type domain.Pregunta is not enhanced.

[2022-10-13 17:09:54 #7 type] 
Type domain.Pronostico is not enhanced.

[2022-10-13 17:09:54 #8 type] 
Type domain.Administrador is not enhanced.

[2022-10-13 17:09:54 #9 type] 
Type domain.Apuesta is not enhanced.

[2022-10-13 17:09:54 #10 type] 
Type domain.Usuario is not enhanced.

[2022-10-13 17:09:54 #11 type] 
Type domain.InformeError is not enhanced.

[2022-10-13 17:09:54 #12 type] 
Type domain.Promocion is not enhanced.

------------------------------------------------------------------------------------------------------------------------

[2022-10-13 17:22:26 #1 store] 
Database '/Users/and333r/git/betsProject/src/main/resources/bets.temp' has been recovered (tr. 4057-4094)

[2022-10-13 17:22:26 #2 store] 
Database '/Users/and333r/git/betsProject/src/main/resources/bets.temp' is opened by 4557@MacBook-de-Ander.local

[2022-10-13 17:22:27 #3 type] 
Type domain.Competicion is not enhanced.

[2022-10-13 17:22:27 #4 type] 
Type domain.Actor is not enhanced.

[2022-10-13 17:22:27 #5 type] 
Type domain.Evento is not enhanced.

[2022-10-13 17:22:27 #6 type] 
Type domain.Pregunta is not enhanced.

[2022-10-13 17:22:27 #7 type] 
Type domain.Pronostico is not enhanced.

[2022-10-13 17:22:27 #8 type] 
Type domain.Administrador is not enhanced.

[2022-10-13 17:22:27 #9 type] 
Type domain.Apuesta is not enhanced.

[2022-10-13 17:22:27 #10 type] 
Type domain.Usuario is not enhanced.

[2022-10-13 17:22:27 #11 type] 
Type domain.InformeError is not enhanced.

[2022-10-13 17:22:27 #12 type] 
Type domain.Promocion is not enhanced.

------------------------------------------------------------------------------------------------------------------------

[2022-10-13 17:22:33 #1 store] 
Database '/Users/and333r/git/betsProject/src/main/resources/bets.temp' has been recovered (tr. 4095-4136)

[2022-10-13 17:22:33 #2 store] 
Database '/Users/and333r/git/betsProject/src/main/resources/bets.temp' is opened by 4558@MacBook-de-Ander.local

[2022-10-13 17:22:33 #3 type] 
Type domain.Competicion is not enhanced.

[2022-10-13 17:22:33 #4 type] 
Type domain.Actor is not enhanced.

[2022-10-13 17:22:33 #5 type] 
Type domain.Evento is not enhanced.

[2022-10-13 17:22:33 #6 type] 
Type domain.Pregunta is not enhanced.

[2022-10-13 17:22:33 #7 type] 
Type domain.Pronostico is not enhanced.

[2022-10-13 17:22:33 #8 type] 
Type domain.Administrador is not enhanced.

[2022-10-13 17:22:33 #9 type] 
Type domain.Apuesta is not enhanced.

[2022-10-13 17:22:33 #10 type] 
Type domain.Usuario is not enhanced.

[2022-10-13 17:22:33 #11 type] 
Type domain.InformeError is not enhanced.

[2022-10-13 17:22:33 #12 type] 
Type domain.Promocion is not enhanced.

------------------------------------------------------------------------------------------------------------------------

[2022-10-13 17:22:52 #1 store] 
Database '/Users/and333r/git/betsProject/src/main/resources/bets.temp' has been recovered (tr. 4137-4174)

[2022-10-13 17:22:52 #2 store] 
Database '/Users/and333r/git/betsProject/src/main/resources/bets.temp' is opened by 4561@MacBook-de-Ander.local

[2022-10-13 17:22:52 #3 type] 
Type domain.Competicion is not enhanced.

[2022-10-13 17:22:52 #4 type] 
Type domain.Actor is not enhanced.

[2022-10-13 17:22:52 #5 type] 
Type domain.Evento is not enhanced.

[2022-10-13 17:22:52 #6 type] 
Type domain.Pregunta is not enhanced.

[2022-10-13 17:22:52 #7 type] 
Type domain.Pronostico is not enhanced.

[2022-10-13 17:22:52 #8 type] 
Type domain.Administrador is not enhanced.

[2022-10-13 17:22:52 #9 type] 
Type domain.Apuesta is not enhanced.

[2022-10-13 17:22:52 #10 type] 
Type domain.Usuario is not enhanced.

[2022-10-13 17:22:52 #11 type] 
Type domain.InformeError is not enhanced.

[2022-10-13 17:22:52 #12 type] 
Type domain.Promocion is not enhanced.

