------------------------------------------------------------------------------------------------------------------------

[2022-09-27 12:44:25 #1 store] 
Database 'C:\Users\Usuario\eclipse-workspace\Bets21\src\main\resources\bets.temp' is opened by 1052@DESKTOP-LV0FIAS

[2022-09-27 12:44:25 #2 type] 
Type domain.Competicion is not enhanced.

[2022-09-27 12:44:25 #3 type] 
Type domain.Actor is not enhanced.

[2022-09-27 12:44:25 #4 type] 
Type domain.Evento is not enhanced.

[2022-09-27 12:44:25 #5 type] 
Type domain.Pregunta is not enhanced.

[2022-09-27 12:44:25 #6 type] 
Type domain.Pronostico is not enhanced.

[2022-09-27 12:44:25 #7 type] 
Type domain.Administrador is not enhanced.

[2022-09-27 12:44:25 #8 type] 
Type domain.Apuesta is not enhanced.

[2022-09-27 12:44:25 #9 type] 
Type domain.Usuario is not enhanced.

[2022-09-27 12:44:25 #10 type] 
Type domain.InformeError is not enhanced.

[2022-09-27 12:44:25 #11 type] 
Type domain.Promocion is not enhanced.

