------------------------------------------------------------------------------------------------------------------------

[2022-10-19 11:18:19 #1 store] 
Database 'C:\Users\MIKEL\git\betsProject\src\main\resources\bets.temp' has been recovered (tr. 4423-4437)

[2022-10-19 11:18:19 #2 store] 
Database 'C:\Users\MIKEL\git\betsProject\src\main\resources\bets.temp' is opened by 7228@DESKTOP-SLHH47P

[2022-10-19 11:18:19 #3 type] 
Type domain.Competicion is not enhanced.

[2022-10-19 11:18:19 #4 type] 
Type domain.Actor is not enhanced.

[2022-10-19 11:18:19 #5 type] 
Type domain.Evento is not enhanced.

[2022-10-19 11:18:19 #6 type] 
Type domain.Pregunta is not enhanced.

[2022-10-19 11:18:19 #7 type] 
Type domain.Pronostico is not enhanced.

[2022-10-19 11:18:19 #8 type] 
Type domain.Administrador is not enhanced.

[2022-10-19 11:18:19 #9 type] 
Type domain.Apuesta is not enhanced.

[2022-10-19 11:18:19 #10 type] 
Type domain.Usuario is not enhanced.

[2022-10-19 11:18:19 #11 type] 
Type domain.InformeError is not enhanced.

[2022-10-19 11:18:19 #12 type] 
Type domain.Promocion is not enhanced.

