------------------------------------------------------------------------------------------------------------------------

[2022-03-22 01:45:48 #1 store] 
Database 'C:\Users\Usuario\git\RepositorioBets22\Bets21\src\main\resources\bets.temp' is opened by 15356@DESKTOP-D1FDVAS

[2022-03-22 01:45:48 #2 type] 
Type domain.Competicion is not enhanced.

[2022-03-22 01:45:48 #3 type] 
Type domain.Evento is not enhanced.

[2022-03-22 01:45:48 #4 type] 
Type domain.Pregunta is not enhanced.

[2022-03-22 01:45:48 #5 type] 
Type domain.Pronostico is not enhanced.

[2022-03-22 01:45:48 #6 type] 
Type domain.Actor is not enhanced.

[2022-03-22 01:45:48 #7 type] 
Type domain.Usuario is not enhanced.

[2022-03-22 01:45:48 #8 type] 
Type domain.Administrador is not enhanced.

------------------------------------------------------------------------------------------------------------------------

[2022-03-22 01:47:07 #1 store] 
Database 'C:\Users\Usuario\git\RepositorioBets22\Bets21\src\main\resources\bets.temp' is opened by 11524@DESKTOP-D1FDVAS

[2022-03-22 01:47:07 #2 type] 
Type domain.Competicion is not enhanced.

[2022-03-22 01:47:07 #3 type] 
Type domain.Evento is not enhanced.

[2022-03-22 01:47:07 #4 type] 
Type domain.Pregunta is not enhanced.

[2022-03-22 01:47:07 #5 type] 
Type domain.Pronostico is not enhanced.

[2022-03-22 01:47:07 #6 type] 
Type domain.Actor is not enhanced.

[2022-03-22 01:47:07 #7 type] 
Type domain.Usuario is not enhanced.

[2022-03-22 01:47:07 #8 type] 
Type domain.Administrador is not enhanced.

------------------------------------------------------------------------------------------------------------------------

[2022-03-22 01:47:24 #1 store] 
Database 'C:\Users\Usuario\git\RepositorioBets22\Bets21\src\main\resources\bets.temp' is opened by 13824@DESKTOP-D1FDVAS

[2022-03-22 01:47:24 #2 type] 
Type domain.Competicion is not enhanced.

[2022-03-22 01:47:24 #3 type] 
Type domain.Evento is not enhanced.

[2022-03-22 01:47:24 #4 type] 
Type domain.Pregunta is not enhanced.

[2022-03-22 01:47:24 #5 type] 
Type domain.Pronostico is not enhanced.

[2022-03-22 01:47:24 #6 type] 
Type domain.Actor is not enhanced.

[2022-03-22 01:47:24 #7 type] 
Type domain.Usuario is not enhanced.

[2022-03-22 01:47:24 #8 type] 
Type domain.Administrador is not enhanced.

------------------------------------------------------------------------------------------------------------------------

[2022-03-22 01:51:51 #1 store] 
Database 'C:\Users\Usuario\git\RepositorioBets22\Bets21\src\main\resources\bets.temp' is opened by 11208@DESKTOP-D1FDVAS

[2022-03-22 01:51:51 #2 type] 
Type domain.Competicion is not enhanced.

[2022-03-22 01:51:51 #3 type] 
Type domain.Evento is not enhanced.

[2022-03-22 01:51:51 #4 type] 
Type domain.Pregunta is not enhanced.

[2022-03-22 01:51:51 #5 type] 
Type domain.Pronostico is not enhanced.

[2022-03-22 01:51:51 #6 type] 
Type domain.Actor is not enhanced.

[2022-03-22 01:51:51 #7 type] 
Type domain.Usuario is not enhanced.

[2022-03-22 01:51:51 #8 type] 
Type domain.Administrador is not enhanced.

------------------------------------------------------------------------------------------------------------------------

[2022-03-22 02:06:43 #1 store] 
Database 'C:\Users\Usuario\git\RepositorioBets22\Bets21\src\main\resources\bets.temp' is opened by 15904@DESKTOP-D1FDVAS

[2022-03-22 02:06:43 #2 type] 
Type domain.Competicion is not enhanced.

[2022-03-22 02:06:43 #3 type] 
Type domain.Evento is not enhanced.

[2022-03-22 02:06:43 #4 type] 
Type domain.Pregunta is not enhanced.

[2022-03-22 02:06:43 #5 type] 
Type domain.Pronostico is not enhanced.

[2022-03-22 02:06:43 #6 type] 
Type domain.Actor is not enhanced.

[2022-03-22 02:06:43 #7 type] 
Type domain.Usuario is not enhanced.

[2022-03-22 02:06:43 #8 type] 
Type domain.Administrador is not enhanced.

------------------------------------------------------------------------------------------------------------------------

[2022-03-22 02:07:18 #1 store] 
Database 'C:\Users\Usuario\git\RepositorioBets22\Bets21\src\main\resources\bets.temp' has been recovered (tr. 10-11)

[2022-03-22 02:07:18 #2 store] 
Database 'C:\Users\Usuario\git\RepositorioBets22\Bets21\src\main\resources\bets.temp' is opened by 2412@DESKTOP-D1FDVAS

[2022-03-22 02:07:18 #3 type] 
Type domain.Competicion is not enhanced.

[2022-03-22 02:07:18 #4 type] 
Type domain.Evento is not enhanced.

[2022-03-22 02:07:18 #5 type] 
Type domain.Pregunta is not enhanced.

[2022-03-22 02:07:18 #6 type] 
Type domain.Pronostico is not enhanced.

[2022-03-22 02:07:18 #7 type] 
Type domain.Actor is not enhanced.

[2022-03-22 02:07:18 #8 type] 
Type domain.Usuario is not enhanced.

[2022-03-22 02:07:18 #9 type] 
Type domain.Administrador is not enhanced.

