------------------------------------------------------------------------------------------------------------------------

[2022-03-21 17:37:51 #1 store] 
Database 'C:\Users\Usuario\git\RepositorioBets22\Bets21\src\main\resources\bets.temp' is opened by 8828@DESKTOP-D1FDVAS

[2022-03-21 17:37:51 #2 type] 
Type domain.Competicion is not enhanced.

[2022-03-21 17:37:51 #3 type] 
Type domain.Evento is not enhanced.

[2022-03-21 17:37:51 #4 type] 
Type domain.Pregunta is not enhanced.

[2022-03-21 17:37:51 #5 type] 
Type domain.Pronostico is not enhanced.

[2022-03-21 17:37:51 #6 type] 
Type domain.Actor is not enhanced.

[2022-03-21 17:37:51 #7 type] 
Type domain.Usuario is not enhanced.

[2022-03-21 17:37:51 #8 type] 
Type domain.Administrador is not enhanced.

------------------------------------------------------------------------------------------------------------------------

[2022-03-21 17:44:03 #1 store] 
Database 'C:\Users\Usuario\git\RepositorioBets22\Bets21\src\main\resources\bets.temp' is opened by 8640@DESKTOP-D1FDVAS

[2022-03-21 17:44:03 #2 type.registry] 
New type domain.Competicion

[2022-03-21 17:44:03 #3 type] 
Type domain.Competicion is not enhanced.

[2022-03-21 17:44:03 #4 type.registry] 
New type domain.Evento

[2022-03-21 17:44:03 #5 type.registry] 
New type java.util.Vector<domain.Evento>

[2022-03-21 17:44:03 #6 type] 
Type domain.Evento is not enhanced.

[2022-03-21 17:44:03 #7 type.registry] 
New type domain.Pregunta

[2022-03-21 17:44:03 #8 type.registry] 
New type java.util.Vector<domain.Pregunta>

[2022-03-21 17:44:03 #9 type] 
Type domain.Pregunta is not enhanced.

[2022-03-21 17:44:03 #10 type.registry] 
New type domain.Pronostico

[2022-03-21 17:44:03 #11 type.registry] 
New type java.util.Vector<domain.Pronostico>

[2022-03-21 17:44:03 #12 type] 
Type domain.Pronostico is not enhanced.

[2022-03-21 17:44:03 #13 type.registry] 
New type domain.Actor

[2022-03-21 17:44:03 #14 type.registry] 
New type domain.Usuario

[2022-03-21 17:44:03 #15 type] 
Type domain.Actor is not enhanced.

[2022-03-21 17:44:03 #16 type] 
Type domain.Usuario is not enhanced.

[2022-03-21 17:44:03 #17 type.registry] 
New type domain.Administrador

[2022-03-21 17:44:03 #18 type] 
Type domain.Administrador is not enhanced.

[2022-03-21 17:44:03 #19 type.registry] 
New type java.util.ArrayList<domain.Competicion>

[2022-03-21 17:44:03 #20 type.registry] 
New type java.util.ArrayList<domain.Evento>

[2022-03-21 17:44:03 #21 type.registry] 
New type java.util.ArrayList<domain.Pregunta>

[2022-03-21 17:44:03 #22 type.registry] 
New type java.util.ArrayList<domain.Pronostico>

[2022-03-21 17:44:03 #23 type.registry] 
New type java.util.Vector<java.lang.Object>

[2022-03-21 17:44:03 #24 type.registry] 
New type java.util.ArrayList<java.lang.Object>

------------------------------------------------------------------------------------------------------------------------

[2022-03-21 17:44:12 #1 store] 
Database 'C:\Users\Usuario\git\RepositorioBets22\Bets21\src\main\resources\bets.temp' has been recovered (tr. 1-9)

[2022-03-21 17:44:12 #2 store] 
Database 'C:\Users\Usuario\git\RepositorioBets22\Bets21\src\main\resources\bets.temp' is opened by 6240@DESKTOP-D1FDVAS

[2022-03-21 17:44:12 #3 type] 
Type domain.Competicion is not enhanced.

[2022-03-21 17:44:12 #4 type] 
Type domain.Evento is not enhanced.

[2022-03-21 17:44:12 #5 type] 
Type domain.Pregunta is not enhanced.

[2022-03-21 17:44:12 #6 type] 
Type domain.Pronostico is not enhanced.

[2022-03-21 17:44:12 #7 type] 
Type domain.Actor is not enhanced.

[2022-03-21 17:44:12 #8 type] 
Type domain.Usuario is not enhanced.

[2022-03-21 17:44:12 #9 type] 
Type domain.Administrador is not enhanced.

------------------------------------------------------------------------------------------------------------------------

[2022-03-21 17:44:19 #1 store] 
Database 'C:\Users\Usuario\git\RepositorioBets22\Bets21\src\main\resources\bets.temp' is opened by 14356@DESKTOP-D1FDVAS

[2022-03-21 17:44:19 #2 type] 
Type domain.Competicion is not enhanced.

[2022-03-21 17:44:19 #3 type] 
Type domain.Evento is not enhanced.

[2022-03-21 17:44:19 #4 type] 
Type domain.Pregunta is not enhanced.

[2022-03-21 17:44:19 #5 type] 
Type domain.Pronostico is not enhanced.

[2022-03-21 17:44:19 #6 type] 
Type domain.Actor is not enhanced.

[2022-03-21 17:44:19 #7 type] 
Type domain.Usuario is not enhanced.

[2022-03-21 17:44:19 #8 type] 
Type domain.Administrador is not enhanced.

------------------------------------------------------------------------------------------------------------------------

[2022-03-21 17:45:24 #1 store] 
Database 'C:\Users\Usuario\git\RepositorioBets22\Bets21\src\main\resources\bets.temp' is opened by 4556@DESKTOP-D1FDVAS

[2022-03-21 17:45:24 #2 type] 
Type domain.Competicion is not enhanced.

[2022-03-21 17:45:24 #3 type] 
Type domain.Evento is not enhanced.

[2022-03-21 17:45:24 #4 type] 
Type domain.Pregunta is not enhanced.

[2022-03-21 17:45:24 #5 type] 
Type domain.Pronostico is not enhanced.

[2022-03-21 17:45:24 #6 type] 
Type domain.Actor is not enhanced.

[2022-03-21 17:45:24 #7 type] 
Type domain.Usuario is not enhanced.

[2022-03-21 17:45:24 #8 type] 
Type domain.Administrador is not enhanced.

------------------------------------------------------------------------------------------------------------------------

[2022-03-21 17:46:31 #1 store] 
Database 'C:\Users\Usuario\git\RepositorioBets22\Bets21\src\main\resources\bets.temp' is opened by 5384@DESKTOP-D1FDVAS

[2022-03-21 17:46:31 #2 type] 
Type domain.Competicion is not enhanced.

[2022-03-21 17:46:31 #3 type] 
Type domain.Evento is not enhanced.

[2022-03-21 17:46:31 #4 type] 
Type domain.Pregunta is not enhanced.

[2022-03-21 17:46:31 #5 type] 
Type domain.Pronostico is not enhanced.

[2022-03-21 17:46:31 #6 type] 
Type domain.Actor is not enhanced.

[2022-03-21 17:46:31 #7 type] 
Type domain.Usuario is not enhanced.

[2022-03-21 17:46:31 #8 type] 
Type domain.Administrador is not enhanced.

------------------------------------------------------------------------------------------------------------------------

[2022-03-21 17:47:36 #1 store] 
Database 'C:\Users\Usuario\git\RepositorioBets22\Bets21\src\main\resources\bets.temp' is opened by 1172@DESKTOP-D1FDVAS

[2022-03-21 17:47:36 #2 type] 
Type domain.Competicion is not enhanced.

[2022-03-21 17:47:36 #3 type] 
Type domain.Evento is not enhanced.

[2022-03-21 17:47:36 #4 type] 
Type domain.Pregunta is not enhanced.

[2022-03-21 17:47:36 #5 type] 
Type domain.Pronostico is not enhanced.

[2022-03-21 17:47:36 #6 type] 
Type domain.Actor is not enhanced.

[2022-03-21 17:47:36 #7 type] 
Type domain.Usuario is not enhanced.

[2022-03-21 17:47:36 #8 type] 
Type domain.Administrador is not enhanced.

------------------------------------------------------------------------------------------------------------------------

[2022-03-21 17:55:37 #1 store] 
Database 'C:\Users\Usuario\git\RepositorioBets22\Bets21\src\main\resources\bets.temp' is opened by 17140@DESKTOP-D1FDVAS

[2022-03-21 17:55:37 #2 type] 
Type domain.Competicion is not enhanced.

[2022-03-21 17:55:37 #3 type] 
Type domain.Evento is not enhanced.

[2022-03-21 17:55:37 #4 type] 
Type domain.Pregunta is not enhanced.

[2022-03-21 17:55:37 #5 type] 
Type domain.Pronostico is not enhanced.

[2022-03-21 17:55:37 #6 type] 
Type domain.Actor is not enhanced.

[2022-03-21 17:55:37 #7 type] 
Type domain.Usuario is not enhanced.

[2022-03-21 17:55:37 #8 type] 
Type domain.Administrador is not enhanced.

------------------------------------------------------------------------------------------------------------------------

[2022-03-21 18:01:30 #1 store] 
Database 'C:\Users\Usuario\git\RepositorioBets22\Bets21\src\main\resources\bets.temp' is opened by 10420@DESKTOP-D1FDVAS

[2022-03-21 18:01:30 #2 type] 
Type domain.Competicion is not enhanced.

[2022-03-21 18:01:30 #3 type] 
Type domain.Evento is not enhanced.

[2022-03-21 18:01:30 #4 type] 
Type domain.Pregunta is not enhanced.

[2022-03-21 18:01:30 #5 type] 
Type domain.Pronostico is not enhanced.

[2022-03-21 18:01:30 #6 type] 
Type domain.Actor is not enhanced.

[2022-03-21 18:01:30 #7 type] 
Type domain.Usuario is not enhanced.

[2022-03-21 18:01:30 #8 type] 
Type domain.Administrador is not enhanced.

------------------------------------------------------------------------------------------------------------------------

[2022-03-21 18:02:22 #1 store] 
Database 'C:\Users\Usuario\git\RepositorioBets22\Bets21\src\main\resources\bets.temp' is opened by 2852@DESKTOP-D1FDVAS

[2022-03-21 18:02:22 #2 type] 
Type domain.Competicion is not enhanced.

[2022-03-21 18:02:22 #3 type] 
Type domain.Evento is not enhanced.

[2022-03-21 18:02:22 #4 type] 
Type domain.Pregunta is not enhanced.

[2022-03-21 18:02:22 #5 type] 
Type domain.Pronostico is not enhanced.

[2022-03-21 18:02:22 #6 type] 
Type domain.Actor is not enhanced.

[2022-03-21 18:02:22 #7 type] 
Type domain.Usuario is not enhanced.

[2022-03-21 18:02:22 #8 type] 
Type domain.Administrador is not enhanced.

------------------------------------------------------------------------------------------------------------------------

[2022-03-21 18:03:55 #1 store] 
Database 'C:\Users\Usuario\git\RepositorioBets22\Bets21\src\main\resources\bets.temp' is opened by 3376@DESKTOP-D1FDVAS

[2022-03-21 18:03:55 #2 type] 
Type domain.Competicion is not enhanced.

[2022-03-21 18:03:55 #3 type] 
Type domain.Evento is not enhanced.

[2022-03-21 18:03:55 #4 type] 
Type domain.Pregunta is not enhanced.

[2022-03-21 18:03:55 #5 type] 
Type domain.Pronostico is not enhanced.

[2022-03-21 18:03:55 #6 type] 
Type domain.Actor is not enhanced.

[2022-03-21 18:03:55 #7 type] 
Type domain.Usuario is not enhanced.

[2022-03-21 18:03:55 #8 type] 
Type domain.Administrador is not enhanced.

------------------------------------------------------------------------------------------------------------------------

[2022-03-21 18:16:17 #1 store] 
Database 'C:\Users\Usuario\git\RepositorioBets22\Bets21\src\main\resources\bets.temp' is opened by 17280@DESKTOP-D1FDVAS

[2022-03-21 18:16:17 #2 type] 
Type domain.Competicion is not enhanced.

[2022-03-21 18:16:17 #3 type] 
Type domain.Evento is not enhanced.

[2022-03-21 18:16:17 #4 type] 
Type domain.Pregunta is not enhanced.

[2022-03-21 18:16:17 #5 type] 
Type domain.Pronostico is not enhanced.

[2022-03-21 18:16:17 #6 type] 
Type domain.Actor is not enhanced.

[2022-03-21 18:16:17 #7 type] 
Type domain.Usuario is not enhanced.

[2022-03-21 18:16:17 #8 type] 
Type domain.Administrador is not enhanced.

