------------------------------------------------------------------------------------------------------------------------

[2022-10-05 16:53:53 #1 store] 
Database '/Users/and333r/git/betsProject/src/main/resources/bets.temp' is opened by 1868@MacBook-de-Ander.local

[2022-10-05 16:53:53 #2 type] 
Type domain.Competicion is not enhanced.

[2022-10-05 16:53:53 #3 type] 
Type domain.Actor is not enhanced.

[2022-10-05 16:53:53 #4 type] 
Type domain.Evento is not enhanced.

[2022-10-05 16:53:53 #5 type] 
Type domain.Pregunta is not enhanced.

[2022-10-05 16:53:53 #6 type] 
Type domain.Pronostico is not enhanced.

[2022-10-05 16:53:53 #7 type] 
Type domain.Administrador is not enhanced.

[2022-10-05 16:53:53 #8 type] 
Type domain.Apuesta is not enhanced.

[2022-10-05 16:53:53 #9 type] 
Type domain.Usuario is not enhanced.

[2022-10-05 16:53:53 #10 type] 
Type domain.InformeError is not enhanced.

[2022-10-05 16:53:53 #11 type] 
Type domain.Promocion is not enhanced.

