------------------------------------------------------------------------------------------------------------------------

[2022-04-06 12:07:47 #1 store] 
Database 'C:\Users\Usuario\git\RepositorioBets\Bets21\src\main\resources\bets.temp' is opened by 15948@DESKTOP-D1FDVAS

[2022-04-06 12:07:47 #2 type.registry] 
New type domain.Competicion

[2022-04-06 12:07:47 #3 type] 
Type domain.Competicion is not enhanced.

[2022-04-06 12:07:47 #4 type.registry] 
New type domain.Actor

[2022-04-06 12:07:47 #5 type.registry] 
New type domain.Administrador

[2022-04-06 12:07:47 #6 type.registry] 
New type domain.Evento

[2022-04-06 12:07:47 #7 type.registry] 
New type java.util.Vector<domain.Evento>

[2022-04-06 12:07:47 #8 type] 
Type domain.Actor is not enhanced.

[2022-04-06 12:07:47 #9 type] 
Type domain.Administrador is not enhanced.

[2022-04-06 12:07:47 #10 type.registry] 
New type java.util.ArrayList<domain.Competicion>

[2022-04-06 12:07:47 #11 type.registry] 
New type java.util.ArrayList<domain.Evento>

[2022-04-06 12:07:47 #12 type.registry] 
New type domain.Pregunta

[2022-04-06 12:07:47 #13 type.registry] 
New type java.util.ArrayList<domain.Pregunta>

[2022-04-06 12:07:47 #14 type.registry] 
New type domain.Pronostico

[2022-04-06 12:07:47 #15 type.registry] 
New type java.util.ArrayList<domain.Pronostico>

[2022-04-06 12:07:47 #16 type] 
Type domain.Evento is not enhanced.

[2022-04-06 12:07:47 #17 type.registry] 
New type java.util.Vector<domain.Pregunta>

[2022-04-06 12:07:47 #18 type] 
Type domain.Pregunta is not enhanced.

[2022-04-06 12:07:47 #19 type.registry] 
New type java.util.Vector<domain.Pronostico>

[2022-04-06 12:07:47 #20 type] 
Type domain.Pronostico is not enhanced.

[2022-04-06 12:07:47 #21 type.registry] 
New type domain.Apuesta

[2022-04-06 12:07:47 #22 type.registry] 
New type java.util.Vector<domain.Apuesta>

[2022-04-06 12:07:47 #23 type] 
Type domain.Apuesta is not enhanced.

[2022-04-06 12:07:47 #24 type.registry] 
New type java.util.Date[]

[2022-04-06 12:07:47 #25 type.registry] 
New type double[]

[2022-04-06 12:07:47 #26 type.registry] 
New type domain.Usuario

[2022-04-06 12:07:47 #27 type] 
Type domain.Usuario is not enhanced.

[2022-04-06 12:07:47 #28 type.registry] 
New type java.util.ArrayList<domain.Apuesta>

[2022-04-06 12:07:47 #29 type.registry] 
New type java.util.Vector<java.lang.Object>

[2022-04-06 12:07:47 #30 type.registry] 
New type java.util.ArrayList<java.lang.Object>

------------------------------------------------------------------------------------------------------------------------

[2022-04-06 12:08:29 #1 store] 
Database 'C:\Users\Usuario\git\RepositorioBets\Bets21\src\main\resources\bets.temp' is opened by 19248@DESKTOP-D1FDVAS

[2022-04-06 12:08:30 #2 type.registry] 
New type domain.Competicion

[2022-04-06 12:08:30 #3 type] 
Type domain.Competicion is not enhanced.

[2022-04-06 12:08:30 #4 type.registry] 
New type domain.Actor

[2022-04-06 12:08:30 #5 type.registry] 
New type domain.Administrador

[2022-04-06 12:08:30 #6 type.registry] 
New type domain.Evento

[2022-04-06 12:08:30 #7 type.registry] 
New type java.util.Vector<domain.Evento>

[2022-04-06 12:08:30 #8 type] 
Type domain.Actor is not enhanced.

[2022-04-06 12:08:30 #9 type] 
Type domain.Administrador is not enhanced.

[2022-04-06 12:08:30 #10 type.registry] 
New type java.util.ArrayList<domain.Competicion>

[2022-04-06 12:08:30 #11 type.registry] 
New type java.util.ArrayList<domain.Evento>

[2022-04-06 12:08:30 #12 type.registry] 
New type domain.Pregunta

[2022-04-06 12:08:30 #13 type.registry] 
New type java.util.ArrayList<domain.Pregunta>

[2022-04-06 12:08:30 #14 type.registry] 
New type domain.Pronostico

[2022-04-06 12:08:30 #15 type.registry] 
New type java.util.ArrayList<domain.Pronostico>

[2022-04-06 12:08:30 #16 type] 
Type domain.Evento is not enhanced.

[2022-04-06 12:08:30 #17 type.registry] 
New type java.util.Vector<domain.Pregunta>

[2022-04-06 12:08:30 #18 type] 
Type domain.Pregunta is not enhanced.

[2022-04-06 12:08:30 #19 type.registry] 
New type java.util.Vector<domain.Pronostico>

[2022-04-06 12:08:30 #20 type] 
Type domain.Pronostico is not enhanced.

[2022-04-06 12:08:30 #21 type.registry] 
New type domain.Apuesta

[2022-04-06 12:08:30 #22 type.registry] 
New type java.util.Vector<domain.Apuesta>

[2022-04-06 12:08:30 #23 type] 
Type domain.Apuesta is not enhanced.

[2022-04-06 12:08:30 #24 type.registry] 
New type java.util.Date[]

[2022-04-06 12:08:30 #25 type.registry] 
New type double[]

[2022-04-06 12:08:30 #26 type.registry] 
New type domain.Usuario

[2022-04-06 12:08:30 #27 type] 
Type domain.Usuario is not enhanced.

[2022-04-06 12:08:30 #28 type.registry] 
New type java.util.ArrayList<domain.Apuesta>

[2022-04-06 12:08:30 #29 type.registry] 
New type java.util.Vector<java.lang.Object>

[2022-04-06 12:08:30 #30 type.registry] 
New type java.util.ArrayList<java.lang.Object>

------------------------------------------------------------------------------------------------------------------------

[2022-04-06 15:50:35 #1 store] 
Database 'C:\Users\Usuario\git\RepositorioBets2221\Bets21\src\main\resources\bets.temp' is opened by 14520@DESKTOP-LV0FIAS

[2022-04-06 15:50:36 #2 type] 
Type domain.Competicion is not enhanced.

[2022-04-06 15:50:36 #3 type] 
Type domain.Actor is not enhanced.

[2022-04-06 15:50:36 #4 type] 
Type domain.Administrador is not enhanced.

[2022-04-06 15:50:36 #5 type] 
Type domain.Evento is not enhanced.

[2022-04-06 15:50:36 #6 type] 
Type domain.Pregunta is not enhanced.

[2022-04-06 15:50:36 #7 type] 
Type domain.Pronostico is not enhanced.

[2022-04-06 15:50:36 #8 type] 
Type domain.Apuesta is not enhanced.

[2022-04-06 15:50:36 #9 type] 
Type domain.Usuario is not enhanced.

------------------------------------------------------------------------------------------------------------------------

[2022-04-06 15:51:07 #1 store] 
Database 'C:\Users\Usuario\git\RepositorioBets2221\Bets21\src\main\resources\bets.temp' is opened by 21636@DESKTOP-LV0FIAS

[2022-04-06 15:51:07 #2 type] 
Type domain.Competicion is not enhanced.

[2022-04-06 15:51:07 #3 type] 
Type domain.Actor is not enhanced.

[2022-04-06 15:51:07 #4 type] 
Type domain.Administrador is not enhanced.

[2022-04-06 15:51:07 #5 type] 
Type domain.Evento is not enhanced.

[2022-04-06 15:51:07 #6 type] 
Type domain.Pregunta is not enhanced.

[2022-04-06 15:51:07 #7 type] 
Type domain.Pronostico is not enhanced.

[2022-04-06 15:51:07 #8 type] 
Type domain.Apuesta is not enhanced.

[2022-04-06 15:51:07 #9 type] 
Type domain.Usuario is not enhanced.

------------------------------------------------------------------------------------------------------------------------

[2022-04-06 15:51:36 #1 store] 
Database 'C:\Users\Usuario\git\RepositorioBets2221\Bets21\src\main\resources\bets.temp' is opened by 10616@DESKTOP-LV0FIAS

[2022-04-06 15:51:36 #2 type] 
Type domain.Competicion is not enhanced.

[2022-04-06 15:51:36 #3 type] 
Type domain.Actor is not enhanced.

[2022-04-06 15:51:36 #4 type] 
Type domain.Administrador is not enhanced.

[2022-04-06 15:51:36 #5 type] 
Type domain.Evento is not enhanced.

[2022-04-06 15:51:36 #6 type] 
Type domain.Pregunta is not enhanced.

[2022-04-06 15:51:36 #7 type] 
Type domain.Pronostico is not enhanced.

[2022-04-06 15:51:36 #8 type] 
Type domain.Apuesta is not enhanced.

[2022-04-06 15:51:36 #9 type] 
Type domain.Usuario is not enhanced.

------------------------------------------------------------------------------------------------------------------------

[2022-04-06 15:51:56 #1 store] 
Database 'C:\Users\Usuario\git\RepositorioBets2221\Bets21\src\main\resources\bets.temp' is opened by 16972@DESKTOP-LV0FIAS

[2022-04-06 15:51:56 #2 type] 
Type domain.Competicion is not enhanced.

[2022-04-06 15:51:56 #3 type] 
Type domain.Actor is not enhanced.

[2022-04-06 15:51:56 #4 type] 
Type domain.Administrador is not enhanced.

[2022-04-06 15:51:56 #5 type] 
Type domain.Evento is not enhanced.

[2022-04-06 15:51:56 #6 type] 
Type domain.Pregunta is not enhanced.

[2022-04-06 15:51:56 #7 type] 
Type domain.Pronostico is not enhanced.

[2022-04-06 15:51:56 #8 type] 
Type domain.Apuesta is not enhanced.

[2022-04-06 15:51:56 #9 type] 
Type domain.Usuario is not enhanced.

------------------------------------------------------------------------------------------------------------------------

[2022-04-06 15:54:17 #1 store] 
Database 'C:\Users\Usuario\git\RepositorioBets2221\Bets21\src\main\resources\bets.temp' has been recovered (tr. 11-11)

[2022-04-06 15:54:17 #2 store] 
Database 'C:\Users\Usuario\git\RepositorioBets2221\Bets21\src\main\resources\bets.temp' is opened by 21596@DESKTOP-LV0FIAS

[2022-04-06 15:54:17 #3 type] 
Type domain.Competicion is not enhanced.

[2022-04-06 15:54:17 #4 type] 
Type domain.Actor is not enhanced.

[2022-04-06 15:54:17 #5 type] 
Type domain.Administrador is not enhanced.

[2022-04-06 15:54:17 #6 type] 
Type domain.Evento is not enhanced.

[2022-04-06 15:54:17 #7 type] 
Type domain.Pregunta is not enhanced.

[2022-04-06 15:54:17 #8 type] 
Type domain.Pronostico is not enhanced.

[2022-04-06 15:54:17 #9 type] 
Type domain.Apuesta is not enhanced.

[2022-04-06 15:54:17 #10 type] 
Type domain.Usuario is not enhanced.

------------------------------------------------------------------------------------------------------------------------

[2022-04-06 15:55:46 #1 store] 
Database 'C:\Users\Usuario\git\RepositorioBets2221\Bets21\src\main\resources\bets.temp' is opened by 16036@DESKTOP-LV0FIAS

[2022-04-06 15:55:46 #2 type] 
Type domain.Competicion is not enhanced.

[2022-04-06 15:55:46 #3 type] 
Type domain.Actor is not enhanced.

[2022-04-06 15:55:46 #4 type] 
Type domain.Administrador is not enhanced.

[2022-04-06 15:55:46 #5 type] 
Type domain.Evento is not enhanced.

[2022-04-06 15:55:46 #6 type] 
Type domain.Pregunta is not enhanced.

[2022-04-06 15:55:46 #7 type] 
Type domain.Pronostico is not enhanced.

[2022-04-06 15:55:46 #8 type] 
Type domain.Apuesta is not enhanced.

[2022-04-06 15:55:46 #9 type] 
Type domain.Usuario is not enhanced.

------------------------------------------------------------------------------------------------------------------------

[2022-04-06 15:57:37 #1 store] 
Database 'C:\Users\Usuario\git\RepositorioBets2221\Bets21\src\main\resources\bets.temp' is opened by 14384@DESKTOP-LV0FIAS

[2022-04-06 15:57:37 #2 type] 
Type domain.Competicion is not enhanced.

[2022-04-06 15:57:37 #3 type] 
Type domain.Actor is not enhanced.

[2022-04-06 15:57:37 #4 type] 
Type domain.Administrador is not enhanced.

[2022-04-06 15:57:37 #5 type] 
Type domain.Evento is not enhanced.

[2022-04-06 15:57:37 #6 type] 
Type domain.Pregunta is not enhanced.

[2022-04-06 15:57:37 #7 type] 
Type domain.Pronostico is not enhanced.

[2022-04-06 15:57:37 #8 type] 
Type domain.Apuesta is not enhanced.

[2022-04-06 15:57:37 #9 type] 
Type domain.Usuario is not enhanced.

------------------------------------------------------------------------------------------------------------------------

[2022-04-06 15:58:58 #1 store] 
Database 'C:\Users\Usuario\git\RepositorioBets2221\Bets21\src\main\resources\bets.temp' is opened by 3280@DESKTOP-LV0FIAS

[2022-04-06 15:58:58 #2 type] 
Type domain.Competicion is not enhanced.

[2022-04-06 15:58:58 #3 type] 
Type domain.Actor is not enhanced.

[2022-04-06 15:58:58 #4 type] 
Type domain.Administrador is not enhanced.

[2022-04-06 15:58:58 #5 type] 
Type domain.Evento is not enhanced.

[2022-04-06 15:58:58 #6 type] 
Type domain.Pregunta is not enhanced.

[2022-04-06 15:58:58 #7 type] 
Type domain.Pronostico is not enhanced.

[2022-04-06 15:58:58 #8 type] 
Type domain.Apuesta is not enhanced.

[2022-04-06 15:58:58 #9 type] 
Type domain.Usuario is not enhanced.

------------------------------------------------------------------------------------------------------------------------

[2022-04-06 16:03:40 #1 store] 
Database 'C:\Users\Usuario\git\RepositorioBets2221\Bets21\src\main\resources\bets.temp' is opened by 19788@DESKTOP-LV0FIAS

[2022-04-06 16:03:40 #2 type] 
Type domain.Competicion is not enhanced.

[2022-04-06 16:03:40 #3 type] 
Type domain.Actor is not enhanced.

[2022-04-06 16:03:40 #4 type] 
Type domain.Administrador is not enhanced.

[2022-04-06 16:03:40 #5 type] 
Type domain.Evento is not enhanced.

[2022-04-06 16:03:40 #6 type] 
Type domain.Pregunta is not enhanced.

[2022-04-06 16:03:40 #7 type] 
Type domain.Pronostico is not enhanced.

[2022-04-06 16:03:40 #8 type] 
Type domain.Apuesta is not enhanced.

[2022-04-06 16:03:40 #9 type] 
Type domain.Usuario is not enhanced.

------------------------------------------------------------------------------------------------------------------------

[2022-04-06 16:14:21 #1 store] 
Database 'C:\Users\Usuario\git\RepositorioBets2221\Bets21\src\main\resources\bets.temp' is opened by 17092@DESKTOP-LV0FIAS

[2022-04-06 16:14:21 #2 type] 
Type domain.Competicion is not enhanced.

[2022-04-06 16:14:21 #3 type] 
Type domain.Actor is not enhanced.

[2022-04-06 16:14:21 #4 type] 
Type domain.Administrador is not enhanced.

[2022-04-06 16:14:21 #5 type] 
Type domain.Evento is not enhanced.

[2022-04-06 16:14:21 #6 type] 
Type domain.Pregunta is not enhanced.

[2022-04-06 16:14:21 #7 type] 
Type domain.Pronostico is not enhanced.

[2022-04-06 16:14:21 #8 type] 
Type domain.Apuesta is not enhanced.

[2022-04-06 16:14:21 #9 type] 
Type domain.Usuario is not enhanced.

------------------------------------------------------------------------------------------------------------------------

[2022-04-06 16:17:29 #1 store] 
Database 'C:\Users\Usuario\git\RepositorioBets2221\Bets21\src\main\resources\bets.temp' is opened by 9660@DESKTOP-LV0FIAS

[2022-04-06 16:17:29 #2 type] 
Type domain.Competicion is not enhanced.

[2022-04-06 16:17:29 #3 type] 
Type domain.Actor is not enhanced.

[2022-04-06 16:17:29 #4 type] 
Type domain.Administrador is not enhanced.

[2022-04-06 16:17:29 #5 type] 
Type domain.Evento is not enhanced.

[2022-04-06 16:17:29 #6 type] 
Type domain.Pregunta is not enhanced.

[2022-04-06 16:17:29 #7 type] 
Type domain.Pronostico is not enhanced.

[2022-04-06 16:17:29 #8 type] 
Type domain.Apuesta is not enhanced.

[2022-04-06 16:17:29 #9 type] 
Type domain.Usuario is not enhanced.

------------------------------------------------------------------------------------------------------------------------

[2022-04-06 16:18:26 #1 store] 
Database 'C:\Users\Usuario\git\RepositorioBets2221\Bets21\src\main\resources\bets.temp' is opened by 7688@DESKTOP-LV0FIAS

[2022-04-06 16:18:27 #2 type] 
Type domain.Competicion is not enhanced.

[2022-04-06 16:18:27 #3 type] 
Type domain.Actor is not enhanced.

[2022-04-06 16:18:27 #4 type] 
Type domain.Administrador is not enhanced.

[2022-04-06 16:18:27 #5 type] 
Type domain.Evento is not enhanced.

[2022-04-06 16:18:27 #6 type] 
Type domain.Pregunta is not enhanced.

[2022-04-06 16:18:27 #7 type] 
Type domain.Pronostico is not enhanced.

[2022-04-06 16:18:27 #8 type] 
Type domain.Apuesta is not enhanced.

[2022-04-06 16:18:27 #9 type] 
Type domain.Usuario is not enhanced.

------------------------------------------------------------------------------------------------------------------------

[2022-04-06 16:20:12 #1 store] 
Database 'C:\Users\Usuario\git\RepositorioBets2221\Bets21\src\main\resources\bets.temp' is opened by 1484@DESKTOP-LV0FIAS

[2022-04-06 16:20:12 #2 type] 
Type domain.Competicion is not enhanced.

[2022-04-06 16:20:12 #3 type] 
Type domain.Actor is not enhanced.

[2022-04-06 16:20:12 #4 type] 
Type domain.Administrador is not enhanced.

[2022-04-06 16:20:12 #5 type] 
Type domain.Evento is not enhanced.

[2022-04-06 16:20:12 #6 type] 
Type domain.Pregunta is not enhanced.

[2022-04-06 16:20:12 #7 type] 
Type domain.Pronostico is not enhanced.

[2022-04-06 16:20:12 #8 type] 
Type domain.Apuesta is not enhanced.

[2022-04-06 16:20:12 #9 type] 
Type domain.Usuario is not enhanced.

------------------------------------------------------------------------------------------------------------------------

[2022-04-06 16:22:29 #1 store] 
Database 'C:\Users\Usuario\git\RepositorioBets2221\Bets21\src\main\resources\bets.temp' is opened by 10016@DESKTOP-LV0FIAS

[2022-04-06 16:22:30 #2 type] 
Type domain.Competicion is not enhanced.

[2022-04-06 16:22:30 #3 type] 
Type domain.Actor is not enhanced.

[2022-04-06 16:22:30 #4 type] 
Type domain.Administrador is not enhanced.

[2022-04-06 16:22:30 #5 type] 
Type domain.Evento is not enhanced.

[2022-04-06 16:22:30 #6 type] 
Type domain.Pregunta is not enhanced.

[2022-04-06 16:22:30 #7 type] 
Type domain.Pronostico is not enhanced.

[2022-04-06 16:22:30 #8 type] 
Type domain.Apuesta is not enhanced.

[2022-04-06 16:22:30 #9 type] 
Type domain.Usuario is not enhanced.

------------------------------------------------------------------------------------------------------------------------

[2022-04-06 16:25:48 #1 store] 
Database 'C:\Users\Usuario\git\RepositorioBets2221\Bets21\src\main\resources\bets.temp' is opened by 14984@DESKTOP-LV0FIAS

[2022-04-06 16:25:49 #2 type] 
Type domain.Competicion is not enhanced.

[2022-04-06 16:25:49 #3 type] 
Type domain.Actor is not enhanced.

[2022-04-06 16:25:49 #4 type] 
Type domain.Administrador is not enhanced.

[2022-04-06 16:25:49 #5 type] 
Type domain.Evento is not enhanced.

[2022-04-06 16:25:49 #6 type] 
Type domain.Pregunta is not enhanced.

[2022-04-06 16:25:49 #7 type] 
Type domain.Pronostico is not enhanced.

[2022-04-06 16:25:49 #8 type] 
Type domain.Apuesta is not enhanced.

[2022-04-06 16:25:49 #9 type] 
Type domain.Usuario is not enhanced.

------------------------------------------------------------------------------------------------------------------------

[2022-04-06 16:26:28 #1 store] 
Database 'C:\Users\Usuario\git\RepositorioBets2221\Bets21\src\main\resources\bets.temp' is opened by 23296@DESKTOP-LV0FIAS

[2022-04-06 16:26:28 #2 type] 
Type domain.Competicion is not enhanced.

[2022-04-06 16:26:28 #3 type] 
Type domain.Actor is not enhanced.

[2022-04-06 16:26:28 #4 type] 
Type domain.Administrador is not enhanced.

[2022-04-06 16:26:28 #5 type] 
Type domain.Evento is not enhanced.

[2022-04-06 16:26:28 #6 type] 
Type domain.Pregunta is not enhanced.

[2022-04-06 16:26:28 #7 type] 
Type domain.Pronostico is not enhanced.

[2022-04-06 16:26:28 #8 type] 
Type domain.Apuesta is not enhanced.

[2022-04-06 16:26:28 #9 type] 
Type domain.Usuario is not enhanced.

------------------------------------------------------------------------------------------------------------------------

[2022-04-06 16:26:43 #1 store] 
Database 'C:\Users\Usuario\git\RepositorioBets2221\Bets21\src\main\resources\bets.temp' is opened by 3000@DESKTOP-LV0FIAS

[2022-04-06 16:26:43 #2 type] 
Type domain.Competicion is not enhanced.

[2022-04-06 16:26:43 #3 type] 
Type domain.Actor is not enhanced.

[2022-04-06 16:26:43 #4 type] 
Type domain.Administrador is not enhanced.

[2022-04-06 16:26:43 #5 type] 
Type domain.Evento is not enhanced.

[2022-04-06 16:26:43 #6 type] 
Type domain.Pregunta is not enhanced.

[2022-04-06 16:26:43 #7 type] 
Type domain.Pronostico is not enhanced.

[2022-04-06 16:26:43 #8 type] 
Type domain.Apuesta is not enhanced.

[2022-04-06 16:26:43 #9 type] 
Type domain.Usuario is not enhanced.

------------------------------------------------------------------------------------------------------------------------

[2022-04-06 16:30:54 #1 store] 
Database 'C:\Users\Usuario\git\RepositorioBets2221\Bets21\src\main\resources\bets.temp' is opened by 7180@DESKTOP-LV0FIAS

[2022-04-06 16:30:54 #2 type] 
Type domain.Competicion is not enhanced.

[2022-04-06 16:30:54 #3 type] 
Type domain.Actor is not enhanced.

[2022-04-06 16:30:54 #4 type] 
Type domain.Administrador is not enhanced.

[2022-04-06 16:30:54 #5 type] 
Type domain.Evento is not enhanced.

[2022-04-06 16:30:54 #6 type] 
Type domain.Pregunta is not enhanced.

[2022-04-06 16:30:54 #7 type] 
Type domain.Pronostico is not enhanced.

[2022-04-06 16:30:54 #8 type] 
Type domain.Apuesta is not enhanced.

[2022-04-06 16:30:54 #9 type] 
Type domain.Usuario is not enhanced.

------------------------------------------------------------------------------------------------------------------------

[2022-04-06 16:31:26 #1 store] 
Database 'C:\Users\Usuario\git\RepositorioBets2221\Bets21\src\main\resources\bets.temp' is opened by 15536@DESKTOP-LV0FIAS

[2022-04-06 16:31:26 #2 type] 
Type domain.Competicion is not enhanced.

[2022-04-06 16:31:26 #3 type] 
Type domain.Actor is not enhanced.

[2022-04-06 16:31:26 #4 type] 
Type domain.Administrador is not enhanced.

[2022-04-06 16:31:26 #5 type] 
Type domain.Evento is not enhanced.

[2022-04-06 16:31:26 #6 type] 
Type domain.Pregunta is not enhanced.

[2022-04-06 16:31:26 #7 type] 
Type domain.Pronostico is not enhanced.

[2022-04-06 16:31:26 #8 type] 
Type domain.Apuesta is not enhanced.

[2022-04-06 16:31:26 #9 type] 
Type domain.Usuario is not enhanced.

------------------------------------------------------------------------------------------------------------------------

[2022-04-06 16:31:33 #1 store] 
Database 'C:\Users\Usuario\git\RepositorioBets2221\Bets21\src\main\resources\bets.temp' is opened by 3348@DESKTOP-LV0FIAS

[2022-04-06 16:31:33 #2 type] 
Type domain.Competicion is not enhanced.

[2022-04-06 16:31:33 #3 type] 
Type domain.Actor is not enhanced.

[2022-04-06 16:31:33 #4 type] 
Type domain.Administrador is not enhanced.

[2022-04-06 16:31:33 #5 type] 
Type domain.Evento is not enhanced.

[2022-04-06 16:31:33 #6 type] 
Type domain.Pregunta is not enhanced.

[2022-04-06 16:31:33 #7 type] 
Type domain.Pronostico is not enhanced.

[2022-04-06 16:31:33 #8 type] 
Type domain.Apuesta is not enhanced.

[2022-04-06 16:31:33 #9 type] 
Type domain.Usuario is not enhanced.

------------------------------------------------------------------------------------------------------------------------

[2022-04-06 16:34:23 #1 store] 
Database 'C:\Users\Usuario\git\RepositorioBets2221\Bets21\src\main\resources\bets.temp' is opened by 20984@DESKTOP-LV0FIAS

[2022-04-06 16:34:23 #2 type] 
Type domain.Competicion is not enhanced.

[2022-04-06 16:34:23 #3 type] 
Type domain.Actor is not enhanced.

[2022-04-06 16:34:23 #4 type] 
Type domain.Administrador is not enhanced.

[2022-04-06 16:34:23 #5 type] 
Type domain.Evento is not enhanced.

[2022-04-06 16:34:23 #6 type] 
Type domain.Pregunta is not enhanced.

[2022-04-06 16:34:23 #7 type] 
Type domain.Pronostico is not enhanced.

[2022-04-06 16:34:23 #8 type] 
Type domain.Apuesta is not enhanced.

[2022-04-06 16:34:23 #9 type] 
Type domain.Usuario is not enhanced.

------------------------------------------------------------------------------------------------------------------------

[2022-04-06 16:34:34 #1 store] 
Database 'C:\Users\Usuario\git\RepositorioBets2221\Bets21\src\main\resources\bets.temp' is opened by 3848@DESKTOP-LV0FIAS

[2022-04-06 16:34:34 #2 type] 
Type domain.Competicion is not enhanced.

[2022-04-06 16:34:34 #3 type] 
Type domain.Actor is not enhanced.

[2022-04-06 16:34:34 #4 type] 
Type domain.Administrador is not enhanced.

[2022-04-06 16:34:34 #5 type] 
Type domain.Evento is not enhanced.

[2022-04-06 16:34:34 #6 type] 
Type domain.Pregunta is not enhanced.

[2022-04-06 16:34:34 #7 type] 
Type domain.Pronostico is not enhanced.

[2022-04-06 16:34:34 #8 type] 
Type domain.Apuesta is not enhanced.

[2022-04-06 16:34:34 #9 type] 
Type domain.Usuario is not enhanced.

------------------------------------------------------------------------------------------------------------------------

[2022-04-06 16:34:54 #1 store] 
Database 'C:\Users\Usuario\git\RepositorioBets2221\Bets21\src\main\resources\bets.temp' is opened by 23744@DESKTOP-LV0FIAS

[2022-04-06 16:34:54 #2 type] 
Type domain.Competicion is not enhanced.

[2022-04-06 16:34:54 #3 type] 
Type domain.Actor is not enhanced.

[2022-04-06 16:34:54 #4 type] 
Type domain.Administrador is not enhanced.

[2022-04-06 16:34:54 #5 type] 
Type domain.Evento is not enhanced.

[2022-04-06 16:34:54 #6 type] 
Type domain.Pregunta is not enhanced.

[2022-04-06 16:34:54 #7 type] 
Type domain.Pronostico is not enhanced.

[2022-04-06 16:34:54 #8 type] 
Type domain.Apuesta is not enhanced.

[2022-04-06 16:34:54 #9 type] 
Type domain.Usuario is not enhanced.

------------------------------------------------------------------------------------------------------------------------

[2022-04-06 16:34:59 #1 store] 
Database 'C:\Users\Usuario\git\RepositorioBets2221\Bets21\src\main\resources\bets.temp' is opened by 9284@DESKTOP-LV0FIAS

[2022-04-06 16:34:59 #2 type] 
Type domain.Competicion is not enhanced.

[2022-04-06 16:34:59 #3 type] 
Type domain.Actor is not enhanced.

[2022-04-06 16:34:59 #4 type] 
Type domain.Administrador is not enhanced.

[2022-04-06 16:34:59 #5 type] 
Type domain.Evento is not enhanced.

[2022-04-06 16:34:59 #6 type] 
Type domain.Pregunta is not enhanced.

[2022-04-06 16:34:59 #7 type] 
Type domain.Pronostico is not enhanced.

[2022-04-06 16:34:59 #8 type] 
Type domain.Apuesta is not enhanced.

[2022-04-06 16:34:59 #9 type] 
Type domain.Usuario is not enhanced.

------------------------------------------------------------------------------------------------------------------------

[2022-04-06 16:36:44 #1 store] 
Database 'C:\Users\Usuario\git\RepositorioBets2221\Bets21\src\main\resources\bets.temp' is opened by 18140@DESKTOP-LV0FIAS

[2022-04-06 16:36:44 #2 type] 
Type domain.Competicion is not enhanced.

[2022-04-06 16:36:44 #3 type] 
Type domain.Actor is not enhanced.

[2022-04-06 16:36:44 #4 type] 
Type domain.Administrador is not enhanced.

[2022-04-06 16:36:44 #5 type] 
Type domain.Evento is not enhanced.

[2022-04-06 16:36:44 #6 type] 
Type domain.Pregunta is not enhanced.

[2022-04-06 16:36:44 #7 type] 
Type domain.Pronostico is not enhanced.

[2022-04-06 16:36:44 #8 type] 
Type domain.Apuesta is not enhanced.

[2022-04-06 16:36:44 #9 type] 
Type domain.Usuario is not enhanced.

------------------------------------------------------------------------------------------------------------------------

[2022-04-06 16:39:42 #1 store] 
Database 'C:\Users\Usuario\git\RepositorioBets2221\Bets21\src\main\resources\bets.temp' is opened by 2420@DESKTOP-LV0FIAS

[2022-04-06 16:39:42 #2 type] 
Type domain.Competicion is not enhanced.

[2022-04-06 16:39:42 #3 type] 
Type domain.Actor is not enhanced.

[2022-04-06 16:39:42 #4 type] 
Type domain.Administrador is not enhanced.

[2022-04-06 16:39:42 #5 type] 
Type domain.Evento is not enhanced.

[2022-04-06 16:39:42 #6 type] 
Type domain.Pregunta is not enhanced.

[2022-04-06 16:39:42 #7 type] 
Type domain.Pronostico is not enhanced.

[2022-04-06 16:39:42 #8 type] 
Type domain.Apuesta is not enhanced.

[2022-04-06 16:39:42 #9 type] 
Type domain.Usuario is not enhanced.

------------------------------------------------------------------------------------------------------------------------

[2022-04-06 16:40:04 #1 store] 
Database 'C:\Users\Usuario\git\RepositorioBets2221\Bets21\src\main\resources\bets.temp' is opened by 7612@DESKTOP-LV0FIAS

[2022-04-06 16:40:04 #2 type] 
Type domain.Competicion is not enhanced.

[2022-04-06 16:40:04 #3 type] 
Type domain.Actor is not enhanced.

[2022-04-06 16:40:04 #4 type] 
Type domain.Administrador is not enhanced.

[2022-04-06 16:40:04 #5 type] 
Type domain.Evento is not enhanced.

[2022-04-06 16:40:04 #6 type] 
Type domain.Pregunta is not enhanced.

[2022-04-06 16:40:04 #7 type] 
Type domain.Pronostico is not enhanced.

[2022-04-06 16:40:04 #8 type] 
Type domain.Apuesta is not enhanced.

[2022-04-06 16:40:04 #9 type] 
Type domain.Usuario is not enhanced.

------------------------------------------------------------------------------------------------------------------------

[2022-04-06 16:41:41 #1 store] 
Database 'C:\Users\Usuario\git\RepositorioBets2221\Bets21\src\main\resources\bets.temp' is opened by 7724@DESKTOP-LV0FIAS

[2022-04-06 16:41:41 #2 type] 
Type domain.Competicion is not enhanced.

[2022-04-06 16:41:41 #3 type] 
Type domain.Actor is not enhanced.

[2022-04-06 16:41:41 #4 type] 
Type domain.Administrador is not enhanced.

[2022-04-06 16:41:41 #5 type] 
Type domain.Evento is not enhanced.

[2022-04-06 16:41:41 #6 type] 
Type domain.Pregunta is not enhanced.

[2022-04-06 16:41:41 #7 type] 
Type domain.Pronostico is not enhanced.

[2022-04-06 16:41:41 #8 type] 
Type domain.Apuesta is not enhanced.

[2022-04-06 16:41:41 #9 type] 
Type domain.Usuario is not enhanced.

------------------------------------------------------------------------------------------------------------------------

[2022-04-06 16:41:47 #1 store] 
Database 'C:\Users\Usuario\git\RepositorioBets2221\Bets21\src\main\resources\bets.temp' is opened by 912@DESKTOP-LV0FIAS

[2022-04-06 16:41:47 #2 type] 
Type domain.Competicion is not enhanced.

[2022-04-06 16:41:47 #3 type] 
Type domain.Actor is not enhanced.

[2022-04-06 16:41:47 #4 type] 
Type domain.Administrador is not enhanced.

[2022-04-06 16:41:47 #5 type] 
Type domain.Evento is not enhanced.

[2022-04-06 16:41:47 #6 type] 
Type domain.Pregunta is not enhanced.

[2022-04-06 16:41:47 #7 type] 
Type domain.Pronostico is not enhanced.

[2022-04-06 16:41:47 #8 type] 
Type domain.Apuesta is not enhanced.

[2022-04-06 16:41:47 #9 type] 
Type domain.Usuario is not enhanced.

------------------------------------------------------------------------------------------------------------------------

[2022-04-06 16:44:01 #1 store] 
Database 'C:\Users\Usuario\git\RepositorioBets2221\Bets21\src\main\resources\bets.temp' is opened by 19268@DESKTOP-LV0FIAS

[2022-04-06 16:44:01 #2 type] 
Type domain.Competicion is not enhanced.

[2022-04-06 16:44:01 #3 type] 
Type domain.Actor is not enhanced.

[2022-04-06 16:44:01 #4 type] 
Type domain.Administrador is not enhanced.

[2022-04-06 16:44:01 #5 type] 
Type domain.Evento is not enhanced.

[2022-04-06 16:44:01 #6 type] 
Type domain.Pregunta is not enhanced.

[2022-04-06 16:44:01 #7 type] 
Type domain.Pronostico is not enhanced.

[2022-04-06 16:44:01 #8 type] 
Type domain.Apuesta is not enhanced.

[2022-04-06 16:44:01 #9 type] 
Type domain.Usuario is not enhanced.

------------------------------------------------------------------------------------------------------------------------

[2022-04-06 16:46:20 #1 store] 
Database 'C:\Users\Usuario\git\RepositorioBets2221\Bets21\src\main\resources\bets.temp' is opened by 13444@DESKTOP-LV0FIAS

[2022-04-06 16:46:20 #2 type] 
Type domain.Competicion is not enhanced.

[2022-04-06 16:46:20 #3 type] 
Type domain.Actor is not enhanced.

[2022-04-06 16:46:20 #4 type] 
Type domain.Administrador is not enhanced.

[2022-04-06 16:46:20 #5 type] 
Type domain.Evento is not enhanced.

[2022-04-06 16:46:20 #6 type] 
Type domain.Pregunta is not enhanced.

[2022-04-06 16:46:20 #7 type] 
Type domain.Pronostico is not enhanced.

[2022-04-06 16:46:20 #8 type] 
Type domain.Apuesta is not enhanced.

[2022-04-06 16:46:20 #9 type] 
Type domain.Usuario is not enhanced.

------------------------------------------------------------------------------------------------------------------------

[2022-04-06 16:46:38 #1 store] 
Database 'C:\Users\Usuario\git\RepositorioBets2221\Bets21\src\main\resources\bets.temp' is opened by 13920@DESKTOP-LV0FIAS

[2022-04-06 16:46:38 #2 type] 
Type domain.Competicion is not enhanced.

[2022-04-06 16:46:38 #3 type] 
Type domain.Actor is not enhanced.

[2022-04-06 16:46:38 #4 type] 
Type domain.Administrador is not enhanced.

[2022-04-06 16:46:38 #5 type] 
Type domain.Evento is not enhanced.

[2022-04-06 16:46:38 #6 type] 
Type domain.Pregunta is not enhanced.

[2022-04-06 16:46:38 #7 type] 
Type domain.Pronostico is not enhanced.

[2022-04-06 16:46:38 #8 type] 
Type domain.Apuesta is not enhanced.

[2022-04-06 16:46:38 #9 type] 
Type domain.Usuario is not enhanced.

------------------------------------------------------------------------------------------------------------------------

[2022-04-06 16:49:42 #1 store] 
Database 'C:\Users\Usuario\git\RepositorioBets2221\Bets21\src\main\resources\bets.temp' is opened by 15964@DESKTOP-LV0FIAS

[2022-04-06 16:49:42 #2 type] 
Type domain.Competicion is not enhanced.

[2022-04-06 16:49:42 #3 type] 
Type domain.Actor is not enhanced.

[2022-04-06 16:49:42 #4 type] 
Type domain.Administrador is not enhanced.

[2022-04-06 16:49:42 #5 type] 
Type domain.Evento is not enhanced.

[2022-04-06 16:49:42 #6 type] 
Type domain.Pregunta is not enhanced.

[2022-04-06 16:49:42 #7 type] 
Type domain.Pronostico is not enhanced.

[2022-04-06 16:49:42 #8 type] 
Type domain.Apuesta is not enhanced.

[2022-04-06 16:49:42 #9 type] 
Type domain.Usuario is not enhanced.

------------------------------------------------------------------------------------------------------------------------

[2022-04-06 16:50:34 #1 store] 
Database 'C:\Users\Usuario\git\RepositorioBets2221\Bets21\src\main\resources\bets.temp' is opened by 5812@DESKTOP-LV0FIAS

[2022-04-06 16:50:34 #2 type] 
Type domain.Competicion is not enhanced.

[2022-04-06 16:50:34 #3 type] 
Type domain.Actor is not enhanced.

[2022-04-06 16:50:34 #4 type] 
Type domain.Administrador is not enhanced.

[2022-04-06 16:50:34 #5 type] 
Type domain.Evento is not enhanced.

[2022-04-06 16:50:34 #6 type] 
Type domain.Pregunta is not enhanced.

[2022-04-06 16:50:34 #7 type] 
Type domain.Pronostico is not enhanced.

[2022-04-06 16:50:34 #8 type] 
Type domain.Apuesta is not enhanced.

[2022-04-06 16:50:34 #9 type] 
Type domain.Usuario is not enhanced.

------------------------------------------------------------------------------------------------------------------------

[2022-04-06 16:50:39 #1 store] 
Database 'C:\Users\Usuario\git\RepositorioBets2221\Bets21\src\main\resources\bets.temp' is opened by 2604@DESKTOP-LV0FIAS

[2022-04-06 16:50:39 #2 type] 
Type domain.Competicion is not enhanced.

[2022-04-06 16:50:39 #3 type] 
Type domain.Actor is not enhanced.

[2022-04-06 16:50:39 #4 type] 
Type domain.Administrador is not enhanced.

[2022-04-06 16:50:39 #5 type] 
Type domain.Evento is not enhanced.

[2022-04-06 16:50:39 #6 type] 
Type domain.Pregunta is not enhanced.

[2022-04-06 16:50:39 #7 type] 
Type domain.Pronostico is not enhanced.

[2022-04-06 16:50:39 #8 type] 
Type domain.Apuesta is not enhanced.

[2022-04-06 16:50:39 #9 type] 
Type domain.Usuario is not enhanced.

------------------------------------------------------------------------------------------------------------------------

[2022-04-06 16:50:46 #1 store] 
Database 'C:\Users\Usuario\git\RepositorioBets2221\Bets21\src\main\resources\bets.temp' is opened by 15348@DESKTOP-LV0FIAS

[2022-04-06 16:50:46 #2 type] 
Type domain.Competicion is not enhanced.

[2022-04-06 16:50:46 #3 type] 
Type domain.Actor is not enhanced.

[2022-04-06 16:50:46 #4 type] 
Type domain.Administrador is not enhanced.

[2022-04-06 16:50:46 #5 type] 
Type domain.Evento is not enhanced.

[2022-04-06 16:50:46 #6 type] 
Type domain.Pregunta is not enhanced.

[2022-04-06 16:50:46 #7 type] 
Type domain.Pronostico is not enhanced.

[2022-04-06 16:50:46 #8 type] 
Type domain.Apuesta is not enhanced.

[2022-04-06 16:50:46 #9 type] 
Type domain.Usuario is not enhanced.

------------------------------------------------------------------------------------------------------------------------

[2022-04-06 16:51:00 #1 store] 
Database 'C:\Users\Usuario\git\RepositorioBets2221\Bets21\src\main\resources\bets.temp' is opened by 4840@DESKTOP-LV0FIAS

[2022-04-06 16:51:00 #2 type] 
Type domain.Competicion is not enhanced.

[2022-04-06 16:51:00 #3 type] 
Type domain.Actor is not enhanced.

[2022-04-06 16:51:00 #4 type] 
Type domain.Administrador is not enhanced.

[2022-04-06 16:51:00 #5 type] 
Type domain.Evento is not enhanced.

[2022-04-06 16:51:00 #6 type] 
Type domain.Pregunta is not enhanced.

[2022-04-06 16:51:00 #7 type] 
Type domain.Pronostico is not enhanced.

[2022-04-06 16:51:00 #8 type] 
Type domain.Apuesta is not enhanced.

[2022-04-06 16:51:00 #9 type] 
Type domain.Usuario is not enhanced.

------------------------------------------------------------------------------------------------------------------------

[2022-04-06 16:52:22 #1 store] 
Database 'C:\Users\Usuario\git\RepositorioBets2221\Bets21\src\main\resources\bets.temp' is opened by 20876@DESKTOP-LV0FIAS

[2022-04-06 16:52:22 #2 type] 
Type domain.Competicion is not enhanced.

[2022-04-06 16:52:22 #3 type] 
Type domain.Actor is not enhanced.

[2022-04-06 16:52:22 #4 type] 
Type domain.Administrador is not enhanced.

[2022-04-06 16:52:22 #5 type] 
Type domain.Evento is not enhanced.

[2022-04-06 16:52:22 #6 type] 
Type domain.Pregunta is not enhanced.

[2022-04-06 16:52:22 #7 type] 
Type domain.Pronostico is not enhanced.

[2022-04-06 16:52:22 #8 type] 
Type domain.Apuesta is not enhanced.

[2022-04-06 16:52:22 #9 type] 
Type domain.Usuario is not enhanced.

------------------------------------------------------------------------------------------------------------------------

[2022-04-06 16:52:37 #1 store] 
Database 'C:\Users\Usuario\git\RepositorioBets2221\Bets21\src\main\resources\bets.temp' is opened by 24356@DESKTOP-LV0FIAS

[2022-04-06 16:52:38 #2 type] 
Type domain.Competicion is not enhanced.

[2022-04-06 16:52:38 #3 type] 
Type domain.Actor is not enhanced.

[2022-04-06 16:52:38 #4 type] 
Type domain.Administrador is not enhanced.

[2022-04-06 16:52:38 #5 type] 
Type domain.Evento is not enhanced.

[2022-04-06 16:52:38 #6 type] 
Type domain.Pregunta is not enhanced.

[2022-04-06 16:52:38 #7 type] 
Type domain.Pronostico is not enhanced.

[2022-04-06 16:52:38 #8 type] 
Type domain.Apuesta is not enhanced.

[2022-04-06 16:52:38 #9 type] 
Type domain.Usuario is not enhanced.

------------------------------------------------------------------------------------------------------------------------

[2022-04-06 16:53:24 #1 store] 
Database 'C:\Users\Usuario\git\RepositorioBets2221\Bets21\src\main\resources\bets.temp' is opened by 8044@DESKTOP-LV0FIAS

[2022-04-06 16:53:25 #2 type] 
Type domain.Competicion is not enhanced.

[2022-04-06 16:53:25 #3 type] 
Type domain.Actor is not enhanced.

[2022-04-06 16:53:25 #4 type] 
Type domain.Administrador is not enhanced.

[2022-04-06 16:53:25 #5 type] 
Type domain.Evento is not enhanced.

[2022-04-06 16:53:25 #6 type] 
Type domain.Pregunta is not enhanced.

[2022-04-06 16:53:25 #7 type] 
Type domain.Pronostico is not enhanced.

[2022-04-06 16:53:25 #8 type] 
Type domain.Apuesta is not enhanced.

[2022-04-06 16:53:25 #9 type] 
Type domain.Usuario is not enhanced.

------------------------------------------------------------------------------------------------------------------------

[2022-04-06 16:54:17 #1 store] 
Database 'C:\Users\Usuario\git\RepositorioBets2221\Bets21\src\main\resources\bets.temp' is opened by 6080@DESKTOP-LV0FIAS

[2022-04-06 16:54:17 #2 type] 
Type domain.Competicion is not enhanced.

[2022-04-06 16:54:17 #3 type] 
Type domain.Actor is not enhanced.

[2022-04-06 16:54:17 #4 type] 
Type domain.Administrador is not enhanced.

[2022-04-06 16:54:17 #5 type] 
Type domain.Evento is not enhanced.

[2022-04-06 16:54:17 #6 type] 
Type domain.Pregunta is not enhanced.

[2022-04-06 16:54:17 #7 type] 
Type domain.Pronostico is not enhanced.

[2022-04-06 16:54:17 #8 type] 
Type domain.Apuesta is not enhanced.

[2022-04-06 16:54:17 #9 type] 
Type domain.Usuario is not enhanced.

------------------------------------------------------------------------------------------------------------------------

[2022-04-06 16:56:09 #1 store] 
Database 'C:\Users\Usuario\git\RepositorioBets2221\Bets21\src\main\resources\bets.temp' is opened by 9140@DESKTOP-LV0FIAS

[2022-04-06 16:56:09 #2 type] 
Type domain.Competicion is not enhanced.

[2022-04-06 16:56:09 #3 type] 
Type domain.Actor is not enhanced.

[2022-04-06 16:56:09 #4 type] 
Type domain.Administrador is not enhanced.

[2022-04-06 16:56:09 #5 type] 
Type domain.Evento is not enhanced.

[2022-04-06 16:56:09 #6 type] 
Type domain.Pregunta is not enhanced.

[2022-04-06 16:56:09 #7 type] 
Type domain.Pronostico is not enhanced.

[2022-04-06 16:56:09 #8 type] 
Type domain.Apuesta is not enhanced.

[2022-04-06 16:56:09 #9 type] 
Type domain.Usuario is not enhanced.

------------------------------------------------------------------------------------------------------------------------

[2022-04-06 16:56:25 #1 store] 
Database 'C:\Users\Usuario\git\RepositorioBets2221\Bets21\src\main\resources\bets.temp' is opened by 24928@DESKTOP-LV0FIAS

[2022-04-06 16:56:25 #2 type] 
Type domain.Competicion is not enhanced.

[2022-04-06 16:56:25 #3 type] 
Type domain.Actor is not enhanced.

[2022-04-06 16:56:25 #4 type] 
Type domain.Administrador is not enhanced.

[2022-04-06 16:56:25 #5 type] 
Type domain.Evento is not enhanced.

[2022-04-06 16:56:25 #6 type] 
Type domain.Pregunta is not enhanced.

[2022-04-06 16:56:25 #7 type] 
Type domain.Pronostico is not enhanced.

[2022-04-06 16:56:25 #8 type] 
Type domain.Apuesta is not enhanced.

[2022-04-06 16:56:25 #9 type] 
Type domain.Usuario is not enhanced.

------------------------------------------------------------------------------------------------------------------------

[2022-04-06 17:00:01 #1 store] 
Database 'C:\Users\Usuario\git\RepositorioBets2221\Bets21\src\main\resources\bets.temp' is opened by 9892@DESKTOP-LV0FIAS

[2022-04-06 17:00:01 #2 type] 
Type domain.Competicion is not enhanced.

[2022-04-06 17:00:01 #3 type] 
Type domain.Actor is not enhanced.

[2022-04-06 17:00:01 #4 type] 
Type domain.Administrador is not enhanced.

[2022-04-06 17:00:01 #5 type] 
Type domain.Evento is not enhanced.

[2022-04-06 17:00:01 #6 type] 
Type domain.Pregunta is not enhanced.

[2022-04-06 17:00:01 #7 type] 
Type domain.Pronostico is not enhanced.

[2022-04-06 17:00:01 #8 type] 
Type domain.Apuesta is not enhanced.

[2022-04-06 17:00:01 #9 type] 
Type domain.Usuario is not enhanced.

------------------------------------------------------------------------------------------------------------------------

[2022-04-06 17:02:21 #1 store] 
Database 'C:\Users\Usuario\git\RepositorioBets2221\Bets21\src\main\resources\bets.temp' is opened by 9644@DESKTOP-LV0FIAS

[2022-04-06 17:02:21 #2 type] 
Type domain.Competicion is not enhanced.

[2022-04-06 17:02:21 #3 type] 
Type domain.Actor is not enhanced.

[2022-04-06 17:02:21 #4 type] 
Type domain.Administrador is not enhanced.

[2022-04-06 17:02:21 #5 type] 
Type domain.Evento is not enhanced.

[2022-04-06 17:02:21 #6 type] 
Type domain.Pregunta is not enhanced.

[2022-04-06 17:02:21 #7 type] 
Type domain.Pronostico is not enhanced.

[2022-04-06 17:02:21 #8 type] 
Type domain.Apuesta is not enhanced.

[2022-04-06 17:02:21 #9 type] 
Type domain.Usuario is not enhanced.

------------------------------------------------------------------------------------------------------------------------

[2022-04-06 17:06:19 #1 store] 
Database 'C:\Users\Usuario\git\RepositorioBets2221\Bets21\src\main\resources\bets.temp' is opened by 13624@DESKTOP-LV0FIAS

[2022-04-06 17:06:19 #2 type] 
Type domain.Competicion is not enhanced.

[2022-04-06 17:06:19 #3 type] 
Type domain.Actor is not enhanced.

[2022-04-06 17:06:19 #4 type] 
Type domain.Administrador is not enhanced.

[2022-04-06 17:06:19 #5 type] 
Type domain.Evento is not enhanced.

[2022-04-06 17:06:19 #6 type] 
Type domain.Pregunta is not enhanced.

[2022-04-06 17:06:19 #7 type] 
Type domain.Pronostico is not enhanced.

[2022-04-06 17:06:19 #8 type] 
Type domain.Apuesta is not enhanced.

[2022-04-06 17:06:19 #9 type] 
Type domain.Usuario is not enhanced.

------------------------------------------------------------------------------------------------------------------------

[2022-04-06 17:07:07 #1 store] 
Database 'C:\Users\Usuario\git\RepositorioBets2221\Bets21\src\main\resources\bets.temp' is opened by 1540@DESKTOP-LV0FIAS

[2022-04-06 17:07:07 #2 type] 
Type domain.Competicion is not enhanced.

[2022-04-06 17:07:07 #3 type] 
Type domain.Actor is not enhanced.

[2022-04-06 17:07:07 #4 type] 
Type domain.Administrador is not enhanced.

[2022-04-06 17:07:07 #5 type] 
Type domain.Evento is not enhanced.

[2022-04-06 17:07:07 #6 type] 
Type domain.Pregunta is not enhanced.

[2022-04-06 17:07:07 #7 type] 
Type domain.Pronostico is not enhanced.

[2022-04-06 17:07:07 #8 type] 
Type domain.Apuesta is not enhanced.

[2022-04-06 17:07:07 #9 type] 
Type domain.Usuario is not enhanced.

------------------------------------------------------------------------------------------------------------------------

[2022-04-06 17:07:53 #1 store] 
Database 'C:\Users\Usuario\git\RepositorioBets2221\Bets21\src\main\resources\bets.temp' is opened by 16888@DESKTOP-LV0FIAS

[2022-04-06 17:07:53 #2 type] 
Type domain.Competicion is not enhanced.

[2022-04-06 17:07:53 #3 type] 
Type domain.Actor is not enhanced.

[2022-04-06 17:07:53 #4 type] 
Type domain.Administrador is not enhanced.

[2022-04-06 17:07:53 #5 type] 
Type domain.Evento is not enhanced.

[2022-04-06 17:07:53 #6 type] 
Type domain.Pregunta is not enhanced.

[2022-04-06 17:07:53 #7 type] 
Type domain.Pronostico is not enhanced.

[2022-04-06 17:07:53 #8 type] 
Type domain.Apuesta is not enhanced.

[2022-04-06 17:07:53 #9 type] 
Type domain.Usuario is not enhanced.

------------------------------------------------------------------------------------------------------------------------

[2022-04-06 17:08:15 #1 store] 
Database 'C:\Users\Usuario\git\RepositorioBets2221\Bets21\src\main\resources\bets.temp' is opened by 7588@DESKTOP-LV0FIAS

[2022-04-06 17:08:15 #2 type] 
Type domain.Competicion is not enhanced.

[2022-04-06 17:08:15 #3 type] 
Type domain.Actor is not enhanced.

[2022-04-06 17:08:15 #4 type] 
Type domain.Administrador is not enhanced.

[2022-04-06 17:08:15 #5 type] 
Type domain.Evento is not enhanced.

[2022-04-06 17:08:15 #6 type] 
Type domain.Pregunta is not enhanced.

[2022-04-06 17:08:15 #7 type] 
Type domain.Pronostico is not enhanced.

[2022-04-06 17:08:15 #8 type] 
Type domain.Apuesta is not enhanced.

[2022-04-06 17:08:15 #9 type] 
Type domain.Usuario is not enhanced.

------------------------------------------------------------------------------------------------------------------------

[2022-04-06 17:09:27 #1 store] 
Database 'C:\Users\Usuario\git\RepositorioBets2221\Bets21\src\main\resources\bets.temp' is opened by 14504@DESKTOP-LV0FIAS

[2022-04-06 17:09:27 #2 type] 
Type domain.Competicion is not enhanced.

[2022-04-06 17:09:27 #3 type] 
Type domain.Actor is not enhanced.

[2022-04-06 17:09:27 #4 type] 
Type domain.Administrador is not enhanced.

[2022-04-06 17:09:27 #5 type] 
Type domain.Evento is not enhanced.

[2022-04-06 17:09:27 #6 type] 
Type domain.Pregunta is not enhanced.

[2022-04-06 17:09:27 #7 type] 
Type domain.Pronostico is not enhanced.

[2022-04-06 17:09:27 #8 type] 
Type domain.Apuesta is not enhanced.

[2022-04-06 17:09:27 #9 type] 
Type domain.Usuario is not enhanced.

------------------------------------------------------------------------------------------------------------------------

[2022-04-06 17:10:05 #1 store] 
Database 'C:\Users\Usuario\git\RepositorioBets2221\Bets21\src\main\resources\bets.temp' is opened by 24560@DESKTOP-LV0FIAS

[2022-04-06 17:10:05 #2 type] 
Type domain.Competicion is not enhanced.

[2022-04-06 17:10:05 #3 type] 
Type domain.Actor is not enhanced.

[2022-04-06 17:10:05 #4 type] 
Type domain.Administrador is not enhanced.

[2022-04-06 17:10:05 #5 type] 
Type domain.Evento is not enhanced.

[2022-04-06 17:10:05 #6 type] 
Type domain.Pregunta is not enhanced.

[2022-04-06 17:10:05 #7 type] 
Type domain.Pronostico is not enhanced.

[2022-04-06 17:10:05 #8 type] 
Type domain.Apuesta is not enhanced.

[2022-04-06 17:10:05 #9 type] 
Type domain.Usuario is not enhanced.

------------------------------------------------------------------------------------------------------------------------

[2022-04-06 17:11:35 #1 store] 
Database 'C:\Users\Usuario\git\RepositorioBets2221\Bets21\src\main\resources\bets.temp' is opened by 9376@DESKTOP-LV0FIAS

[2022-04-06 17:11:35 #2 type] 
Type domain.Competicion is not enhanced.

[2022-04-06 17:11:35 #3 type] 
Type domain.Actor is not enhanced.

[2022-04-06 17:11:35 #4 type] 
Type domain.Administrador is not enhanced.

[2022-04-06 17:11:35 #5 type] 
Type domain.Evento is not enhanced.

[2022-04-06 17:11:35 #6 type] 
Type domain.Pregunta is not enhanced.

[2022-04-06 17:11:35 #7 type] 
Type domain.Pronostico is not enhanced.

[2022-04-06 17:11:35 #8 type] 
Type domain.Apuesta is not enhanced.

[2022-04-06 17:11:35 #9 type] 
Type domain.Usuario is not enhanced.

------------------------------------------------------------------------------------------------------------------------

[2022-04-06 17:14:35 #1 store] 
Database 'C:\Users\Usuario\git\RepositorioBets2221\Bets21\src\main\resources\bets.temp' has been recovered (tr. 13-14)

[2022-04-06 17:14:35 #2 store] 
Database 'C:\Users\Usuario\git\RepositorioBets2221\Bets21\src\main\resources\bets.temp' is opened by 19792@DESKTOP-LV0FIAS

[2022-04-06 17:14:35 #3 type] 
Type domain.Competicion is not enhanced.

[2022-04-06 17:14:35 #4 type] 
Type domain.Actor is not enhanced.

[2022-04-06 17:14:35 #5 type] 
Type domain.Administrador is not enhanced.

[2022-04-06 17:14:35 #6 type] 
Type domain.Evento is not enhanced.

[2022-04-06 17:14:35 #7 type] 
Type domain.Pregunta is not enhanced.

[2022-04-06 17:14:35 #8 type] 
Type domain.Pronostico is not enhanced.

[2022-04-06 17:14:35 #9 type] 
Type domain.Apuesta is not enhanced.

[2022-04-06 17:14:35 #10 type] 
Type domain.Usuario is not enhanced.

------------------------------------------------------------------------------------------------------------------------

[2022-04-06 21:05:35 #1 store] 
Database 'C:\Users\Usuario\git\RepositorioBets22222\Bets21\src\main\resources\bets.temp' is opened by 7228@DESKTOP-LV0FIAS

[2022-04-06 21:05:35 #2 type] 
Type domain.Competicion is not enhanced.

[2022-04-06 21:05:35 #3 type] 
Type domain.Actor is not enhanced.

[2022-04-06 21:05:35 #4 type] 
Type domain.Administrador is not enhanced.

[2022-04-06 21:05:35 #5 type] 
Type domain.Evento is not enhanced.

[2022-04-06 21:05:35 #6 type] 
Type domain.Pregunta is not enhanced.

[2022-04-06 21:05:35 #7 type] 
Type domain.Pronostico is not enhanced.

[2022-04-06 21:05:35 #8 type] 
Type domain.Apuesta is not enhanced.

[2022-04-06 21:05:35 #9 type] 
Type domain.Usuario is not enhanced.

------------------------------------------------------------------------------------------------------------------------

[2022-04-06 21:07:53 #1 store] 
Database 'C:\Users\Usuario\git\RepositorioBets22222\Bets21\src\main\resources\bets.temp' is opened by 13412@DESKTOP-LV0FIAS

[2022-04-06 21:07:53 #2 type.registry] 
New type domain.Competicion

[2022-04-06 21:07:53 #3 type] 
Type domain.Competicion is not enhanced.

[2022-04-06 21:07:53 #4 type.registry] 
New type domain.Actor

[2022-04-06 21:07:53 #5 type.registry] 
New type domain.Administrador

[2022-04-06 21:07:53 #6 type.registry] 
New type domain.Evento

[2022-04-06 21:07:53 #7 type.registry] 
New type java.util.Vector<domain.Evento>

[2022-04-06 21:07:53 #8 type] 
Type domain.Actor is not enhanced.

[2022-04-06 21:07:53 #9 type] 
Type domain.Administrador is not enhanced.

[2022-04-06 21:07:53 #10 type.registry] 
New type java.util.ArrayList<domain.Competicion>

[2022-04-06 21:07:53 #11 type.registry] 
New type java.util.ArrayList<domain.Evento>

[2022-04-06 21:07:53 #12 type.registry] 
New type domain.Pregunta

[2022-04-06 21:07:53 #13 type.registry] 
New type java.util.ArrayList<domain.Pregunta>

[2022-04-06 21:07:53 #14 type.registry] 
New type domain.Pronostico

[2022-04-06 21:07:53 #15 type.registry] 
New type java.util.ArrayList<domain.Pronostico>

[2022-04-06 21:07:53 #16 type] 
Type domain.Evento is not enhanced.

[2022-04-06 21:07:53 #17 type.registry] 
New type java.util.Vector<domain.Pregunta>

[2022-04-06 21:07:53 #18 type] 
Type domain.Pregunta is not enhanced.

[2022-04-06 21:07:53 #19 type.registry] 
New type java.util.Vector<domain.Pronostico>

[2022-04-06 21:07:53 #20 type] 
Type domain.Pronostico is not enhanced.

[2022-04-06 21:07:53 #21 type.registry] 
New type domain.Apuesta

[2022-04-06 21:07:53 #22 type.registry] 
New type java.util.Vector<domain.Apuesta>

[2022-04-06 21:07:53 #23 type] 
Type domain.Apuesta is not enhanced.

[2022-04-06 21:07:53 #24 type.registry] 
New type java.util.Date[]

[2022-04-06 21:07:53 #25 type.registry] 
New type double[]

[2022-04-06 21:07:53 #26 type.registry] 
New type domain.Usuario

[2022-04-06 21:07:53 #27 type] 
Type domain.Usuario is not enhanced.

[2022-04-06 21:07:53 #28 type.registry] 
New type java.util.ArrayList<domain.Apuesta>

[2022-04-06 21:07:53 #29 type.registry] 
New type java.util.Vector<java.lang.Object>

[2022-04-06 21:07:53 #30 type.registry] 
New type java.util.ArrayList<java.lang.Object>

------------------------------------------------------------------------------------------------------------------------

[2022-04-06 21:08:01 #1 store] 
Database 'C:\Users\Usuario\git\RepositorioBets22222\Bets21\src\main\resources\bets.temp' has been recovered (tr. 1-6)

[2022-04-06 21:08:01 #2 store] 
Database 'C:\Users\Usuario\git\RepositorioBets22222\Bets21\src\main\resources\bets.temp' is opened by 14016@DESKTOP-LV0FIAS

[2022-04-06 21:08:02 #3 type] 
Type domain.Competicion is not enhanced.

[2022-04-06 21:08:02 #4 type] 
Type domain.Actor is not enhanced.

[2022-04-06 21:08:02 #5 type] 
Type domain.Administrador is not enhanced.

[2022-04-06 21:08:02 #6 type] 
Type domain.Evento is not enhanced.

[2022-04-06 21:08:02 #7 type] 
Type domain.Pregunta is not enhanced.

[2022-04-06 21:08:02 #8 type] 
Type domain.Pronostico is not enhanced.

[2022-04-06 21:08:02 #9 type] 
Type domain.Apuesta is not enhanced.

[2022-04-06 21:08:02 #10 type] 
Type domain.Usuario is not enhanced.

------------------------------------------------------------------------------------------------------------------------

[2022-04-06 21:08:35 #1 store] 
Database 'C:\Users\Usuario\git\RepositorioBets22222\Bets21\src\main\resources\bets.temp' is opened by 24584@DESKTOP-LV0FIAS

[2022-04-06 21:08:35 #2 type] 
Type domain.Competicion is not enhanced.

[2022-04-06 21:08:35 #3 type] 
Type domain.Actor is not enhanced.

[2022-04-06 21:08:35 #4 type] 
Type domain.Administrador is not enhanced.

[2022-04-06 21:08:35 #5 type] 
Type domain.Evento is not enhanced.

[2022-04-06 21:08:35 #6 type] 
Type domain.Pregunta is not enhanced.

[2022-04-06 21:08:35 #7 type] 
Type domain.Pronostico is not enhanced.

[2022-04-06 21:08:35 #8 type] 
Type domain.Apuesta is not enhanced.

[2022-04-06 21:08:35 #9 type] 
Type domain.Usuario is not enhanced.

------------------------------------------------------------------------------------------------------------------------

[2022-04-06 21:08:41 #1 store] 
Database 'C:\Users\Usuario\git\RepositorioBets22222\Bets21\src\main\resources\bets.temp' is opened by 22100@DESKTOP-LV0FIAS

[2022-04-06 21:08:41 #2 type] 
Type domain.Competicion is not enhanced.

[2022-04-06 21:08:41 #3 type] 
Type domain.Actor is not enhanced.

[2022-04-06 21:08:41 #4 type] 
Type domain.Administrador is not enhanced.

[2022-04-06 21:08:41 #5 type] 
Type domain.Evento is not enhanced.

[2022-04-06 21:08:41 #6 type] 
Type domain.Pregunta is not enhanced.

[2022-04-06 21:08:41 #7 type] 
Type domain.Pronostico is not enhanced.

[2022-04-06 21:08:41 #8 type] 
Type domain.Apuesta is not enhanced.

[2022-04-06 21:08:41 #9 type] 
Type domain.Usuario is not enhanced.

------------------------------------------------------------------------------------------------------------------------

[2022-04-06 21:08:49 #1 store] 
Database 'C:\Users\Usuario\git\RepositorioBets22222\Bets21\src\main\resources\bets.temp' is opened by 15412@DESKTOP-LV0FIAS

[2022-04-06 21:08:50 #2 type] 
Type domain.Competicion is not enhanced.

[2022-04-06 21:08:50 #3 type] 
Type domain.Actor is not enhanced.

[2022-04-06 21:08:50 #4 type] 
Type domain.Administrador is not enhanced.

[2022-04-06 21:08:50 #5 type] 
Type domain.Evento is not enhanced.

[2022-04-06 21:08:50 #6 type] 
Type domain.Pregunta is not enhanced.

[2022-04-06 21:08:50 #7 type] 
Type domain.Pronostico is not enhanced.

[2022-04-06 21:08:50 #8 type] 
Type domain.Apuesta is not enhanced.

[2022-04-06 21:08:50 #9 type] 
Type domain.Usuario is not enhanced.

------------------------------------------------------------------------------------------------------------------------

[2022-04-06 21:11:40 #1 store] 
Database 'C:\Users\Usuario\git\RepositorioBets22222\Bets21\src\main\resources\bets.temp' has been recovered (tr. 7-11)

[2022-04-06 21:11:41 #2 store] 
Database 'C:\Users\Usuario\git\RepositorioBets22222\Bets21\src\main\resources\bets.temp' is opened by 7656@DESKTOP-LV0FIAS

[2022-04-06 21:11:41 #3 type] 
Type domain.Competicion is not enhanced.

[2022-04-06 21:11:41 #4 type] 
Type domain.Actor is not enhanced.

[2022-04-06 21:11:41 #5 type] 
Type domain.Administrador is not enhanced.

[2022-04-06 21:11:41 #6 type] 
Type domain.Evento is not enhanced.

[2022-04-06 21:11:41 #7 type] 
Type domain.Pregunta is not enhanced.

[2022-04-06 21:11:41 #8 type] 
Type domain.Pronostico is not enhanced.

[2022-04-06 21:11:41 #9 type] 
Type domain.Apuesta is not enhanced.

[2022-04-06 21:11:41 #10 type] 
Type domain.Usuario is not enhanced.

------------------------------------------------------------------------------------------------------------------------

[2022-04-06 21:16:34 #1 store] 
Database 'C:\Users\Usuario\git\RepositorioBets22222\Bets21\src\main\resources\bets.temp' has been recovered (tr. 12-17)

[2022-04-06 21:16:35 #2 store] 
Database 'C:\Users\Usuario\git\RepositorioBets22222\Bets21\src\main\resources\bets.temp' is opened by 16976@DESKTOP-LV0FIAS

[2022-04-06 21:16:35 #3 type] 
Type domain.Competicion is not enhanced.

[2022-04-06 21:16:35 #4 type] 
Type domain.Actor is not enhanced.

[2022-04-06 21:16:35 #5 type] 
Type domain.Administrador is not enhanced.

[2022-04-06 21:16:35 #6 type] 
Type domain.Evento is not enhanced.

[2022-04-06 21:16:35 #7 type] 
Type domain.Pregunta is not enhanced.

[2022-04-06 21:16:35 #8 type] 
Type domain.Pronostico is not enhanced.

[2022-04-06 21:16:35 #9 type] 
Type domain.Apuesta is not enhanced.

[2022-04-06 21:16:35 #10 type] 
Type domain.Usuario is not enhanced.

------------------------------------------------------------------------------------------------------------------------

[2022-04-06 21:17:21 #1 store] 
Database 'C:\Users\Usuario\git\RepositorioBets22222\Bets21\src\main\resources\bets.temp' is opened by 9704@DESKTOP-LV0FIAS

[2022-04-06 21:17:21 #2 type] 
Type domain.Competicion is not enhanced.

[2022-04-06 21:17:21 #3 type] 
Type domain.Actor is not enhanced.

[2022-04-06 21:17:21 #4 type] 
Type domain.Administrador is not enhanced.

[2022-04-06 21:17:21 #5 type] 
Type domain.Evento is not enhanced.

[2022-04-06 21:17:21 #6 type] 
Type domain.Pregunta is not enhanced.

[2022-04-06 21:17:21 #7 type] 
Type domain.Pronostico is not enhanced.

[2022-04-06 21:17:21 #8 type] 
Type domain.Apuesta is not enhanced.

[2022-04-06 21:17:21 #9 type] 
Type domain.Usuario is not enhanced.

------------------------------------------------------------------------------------------------------------------------

[2022-04-06 21:17:32 #1 store] 
Database 'C:\Users\Usuario\git\RepositorioBets22222\Bets21\src\main\resources\bets.temp' is opened by 12936@DESKTOP-LV0FIAS

[2022-04-06 21:17:32 #2 type] 
Type domain.Competicion is not enhanced.

[2022-04-06 21:17:32 #3 type] 
Type domain.Actor is not enhanced.

[2022-04-06 21:17:32 #4 type] 
Type domain.Administrador is not enhanced.

[2022-04-06 21:17:32 #5 type] 
Type domain.Evento is not enhanced.

[2022-04-06 21:17:32 #6 type] 
Type domain.Pregunta is not enhanced.

[2022-04-06 21:17:32 #7 type] 
Type domain.Pronostico is not enhanced.

[2022-04-06 21:17:32 #8 type] 
Type domain.Apuesta is not enhanced.

[2022-04-06 21:17:32 #9 type] 
Type domain.Usuario is not enhanced.

------------------------------------------------------------------------------------------------------------------------

[2022-04-06 21:21:32 #1 store] 
Database 'C:\Users\Usuario\git\RepositorioBets22222\Bets21\src\main\resources\bets.temp' has been recovered (tr. 18-22)

[2022-04-06 21:21:32 #2 store] 
Database 'C:\Users\Usuario\git\RepositorioBets22222\Bets21\src\main\resources\bets.temp' is opened by 21368@DESKTOP-LV0FIAS

[2022-04-06 21:21:32 #3 type] 
Type domain.Competicion is not enhanced.

[2022-04-06 21:21:32 #4 type] 
Type domain.Actor is not enhanced.

[2022-04-06 21:21:32 #5 type] 
Type domain.Administrador is not enhanced.

[2022-04-06 21:21:32 #6 type] 
Type domain.Evento is not enhanced.

[2022-04-06 21:21:32 #7 type] 
Type domain.Pregunta is not enhanced.

[2022-04-06 21:21:32 #8 type] 
Type domain.Pronostico is not enhanced.

[2022-04-06 21:21:32 #9 type] 
Type domain.Apuesta is not enhanced.

[2022-04-06 21:21:32 #10 type] 
Type domain.Usuario is not enhanced.

------------------------------------------------------------------------------------------------------------------------

[2022-04-06 21:23:24 #1 store] 
Database 'C:\Users\Usuario\git\RepositorioBets22222\Bets21\src\main\resources\bets.temp' is opened by 18916@DESKTOP-LV0FIAS

[2022-04-06 21:23:24 #2 type] 
Type domain.Competicion is not enhanced.

[2022-04-06 21:23:24 #3 type] 
Type domain.Actor is not enhanced.

[2022-04-06 21:23:24 #4 type] 
Type domain.Administrador is not enhanced.

[2022-04-06 21:23:24 #5 type] 
Type domain.Evento is not enhanced.

[2022-04-06 21:23:24 #6 type] 
Type domain.Pregunta is not enhanced.

[2022-04-06 21:23:24 #7 type] 
Type domain.Pronostico is not enhanced.

[2022-04-06 21:23:24 #8 type] 
Type domain.Apuesta is not enhanced.

[2022-04-06 21:23:24 #9 type] 
Type domain.Usuario is not enhanced.

------------------------------------------------------------------------------------------------------------------------

[2022-04-06 21:23:27 #1 store] 
Database 'C:\Users\Usuario\git\RepositorioBets22222\Bets21\src\main\resources\bets.temp' is opened by 15912@DESKTOP-LV0FIAS

[2022-04-06 21:23:27 #2 type] 
Type domain.Competicion is not enhanced.

[2022-04-06 21:23:27 #3 type] 
Type domain.Actor is not enhanced.

[2022-04-06 21:23:27 #4 type] 
Type domain.Administrador is not enhanced.

[2022-04-06 21:23:27 #5 type] 
Type domain.Evento is not enhanced.

[2022-04-06 21:23:27 #6 type] 
Type domain.Pregunta is not enhanced.

[2022-04-06 21:23:27 #7 type] 
Type domain.Pronostico is not enhanced.

[2022-04-06 21:23:27 #8 type] 
Type domain.Apuesta is not enhanced.

[2022-04-06 21:23:27 #9 type] 
Type domain.Usuario is not enhanced.

------------------------------------------------------------------------------------------------------------------------

[2022-04-06 21:25:07 #1 store] 
Database 'C:\Users\Usuario\git\RepositorioBets22222\Bets21\src\main\resources\bets.temp' is opened by 12272@DESKTOP-LV0FIAS

[2022-04-06 21:25:08 #2 type] 
Type domain.Competicion is not enhanced.

[2022-04-06 21:25:08 #3 type] 
Type domain.Actor is not enhanced.

[2022-04-06 21:25:08 #4 type] 
Type domain.Administrador is not enhanced.

[2022-04-06 21:25:08 #5 type] 
Type domain.Evento is not enhanced.

[2022-04-06 21:25:08 #6 type] 
Type domain.Pregunta is not enhanced.

[2022-04-06 21:25:08 #7 type] 
Type domain.Pronostico is not enhanced.

[2022-04-06 21:25:08 #8 type] 
Type domain.Apuesta is not enhanced.

[2022-04-06 21:25:08 #9 type] 
Type domain.Usuario is not enhanced.

------------------------------------------------------------------------------------------------------------------------

[2022-04-06 21:26:34 #1 store] 
Database 'C:\Users\Usuario\git\RepositorioBets22222\Bets21\src\main\resources\bets.temp' is opened by 25376@DESKTOP-LV0FIAS

[2022-04-06 21:26:34 #2 type] 
Type domain.Competicion is not enhanced.

[2022-04-06 21:26:34 #3 type] 
Type domain.Actor is not enhanced.

[2022-04-06 21:26:34 #4 type] 
Type domain.Administrador is not enhanced.

[2022-04-06 21:26:34 #5 type] 
Type domain.Evento is not enhanced.

[2022-04-06 21:26:34 #6 type] 
Type domain.Pregunta is not enhanced.

[2022-04-06 21:26:34 #7 type] 
Type domain.Pronostico is not enhanced.

[2022-04-06 21:26:34 #8 type] 
Type domain.Apuesta is not enhanced.

[2022-04-06 21:26:34 #9 type] 
Type domain.Usuario is not enhanced.

------------------------------------------------------------------------------------------------------------------------

[2022-04-06 21:27:41 #1 store] 
Database 'C:\Users\Usuario\git\RepositorioBets22222\Bets21\src\main\resources\bets.temp' is opened by 10136@DESKTOP-LV0FIAS

[2022-04-06 21:27:41 #2 type] 
Type domain.Competicion is not enhanced.

[2022-04-06 21:27:41 #3 type] 
Type domain.Actor is not enhanced.

[2022-04-06 21:27:41 #4 type] 
Type domain.Administrador is not enhanced.

[2022-04-06 21:27:41 #5 type] 
Type domain.Evento is not enhanced.

[2022-04-06 21:27:41 #6 type] 
Type domain.Pregunta is not enhanced.

[2022-04-06 21:27:41 #7 type] 
Type domain.Pronostico is not enhanced.

[2022-04-06 21:27:41 #8 type] 
Type domain.Apuesta is not enhanced.

[2022-04-06 21:27:41 #9 type] 
Type domain.Usuario is not enhanced.

------------------------------------------------------------------------------------------------------------------------

[2022-04-06 21:30:45 #1 store] 
Database 'C:\Users\Usuario\git\RepositorioBets22222\Bets21\src\main\resources\bets.temp' is opened by 24208@DESKTOP-LV0FIAS

[2022-04-06 21:30:46 #2 type] 
Type domain.Competicion is not enhanced.

[2022-04-06 21:30:46 #3 type] 
Type domain.Actor is not enhanced.

[2022-04-06 21:30:46 #4 type] 
Type domain.Administrador is not enhanced.

[2022-04-06 21:30:46 #5 type] 
Type domain.Evento is not enhanced.

[2022-04-06 21:30:46 #6 type] 
Type domain.Pregunta is not enhanced.

[2022-04-06 21:30:46 #7 type] 
Type domain.Pronostico is not enhanced.

[2022-04-06 21:30:46 #8 type] 
Type domain.Apuesta is not enhanced.

[2022-04-06 21:30:46 #9 type] 
Type domain.Usuario is not enhanced.

------------------------------------------------------------------------------------------------------------------------

[2022-04-06 21:30:51 #1 store] 
Database 'C:\Users\Usuario\git\RepositorioBets22222\Bets21\src\main\resources\bets.temp' is opened by 1360@DESKTOP-LV0FIAS

[2022-04-06 21:30:51 #2 type] 
Type domain.Competicion is not enhanced.

[2022-04-06 21:30:51 #3 type] 
Type domain.Actor is not enhanced.

[2022-04-06 21:30:51 #4 type] 
Type domain.Administrador is not enhanced.

[2022-04-06 21:30:51 #5 type] 
Type domain.Evento is not enhanced.

[2022-04-06 21:30:51 #6 type] 
Type domain.Pregunta is not enhanced.

[2022-04-06 21:30:51 #7 type] 
Type domain.Pronostico is not enhanced.

[2022-04-06 21:30:51 #8 type] 
Type domain.Apuesta is not enhanced.

[2022-04-06 21:30:51 #9 type] 
Type domain.Usuario is not enhanced.

------------------------------------------------------------------------------------------------------------------------

[2022-04-06 21:30:56 #1 store] 
Database 'C:\Users\Usuario\git\RepositorioBets22222\Bets21\src\main\resources\bets.temp' is opened by 3060@DESKTOP-LV0FIAS

[2022-04-06 21:30:56 #2 type] 
Type domain.Competicion is not enhanced.

[2022-04-06 21:30:57 #3 type] 
Type domain.Actor is not enhanced.

[2022-04-06 21:30:57 #4 type] 
Type domain.Administrador is not enhanced.

[2022-04-06 21:30:57 #5 type] 
Type domain.Evento is not enhanced.

[2022-04-06 21:30:57 #6 type] 
Type domain.Pregunta is not enhanced.

[2022-04-06 21:30:57 #7 type] 
Type domain.Pronostico is not enhanced.

[2022-04-06 21:30:57 #8 type] 
Type domain.Apuesta is not enhanced.

[2022-04-06 21:30:57 #9 type] 
Type domain.Usuario is not enhanced.

------------------------------------------------------------------------------------------------------------------------

[2022-04-06 21:32:21 #1 store] 
Database 'C:\Users\Usuario\git\RepositorioBets22222\Bets21\src\main\resources\bets.temp' is opened by 10680@DESKTOP-LV0FIAS

[2022-04-06 21:32:21 #2 type.registry] 
New type domain.Competicion

[2022-04-06 21:32:21 #3 type] 
Type domain.Competicion is not enhanced.

[2022-04-06 21:32:21 #4 type.registry] 
New type domain.Actor

[2022-04-06 21:32:21 #5 type.registry] 
New type domain.Administrador

[2022-04-06 21:32:21 #6 type.registry] 
New type domain.Evento

[2022-04-06 21:32:21 #7 type.registry] 
New type java.util.Vector<domain.Evento>

[2022-04-06 21:32:21 #8 type] 
Type domain.Actor is not enhanced.

[2022-04-06 21:32:21 #9 type] 
Type domain.Administrador is not enhanced.

[2022-04-06 21:32:21 #10 type.registry] 
New type java.util.ArrayList<domain.Competicion>

[2022-04-06 21:32:21 #11 type.registry] 
New type java.util.ArrayList<domain.Evento>

[2022-04-06 21:32:21 #12 type.registry] 
New type domain.Pregunta

[2022-04-06 21:32:21 #13 type.registry] 
New type java.util.ArrayList<domain.Pregunta>

[2022-04-06 21:32:21 #14 type.registry] 
New type domain.Pronostico

[2022-04-06 21:32:21 #15 type.registry] 
New type java.util.ArrayList<domain.Pronostico>

[2022-04-06 21:32:21 #16 type] 
Type domain.Evento is not enhanced.

[2022-04-06 21:32:21 #17 type.registry] 
New type java.util.Vector<domain.Pregunta>

[2022-04-06 21:32:21 #18 type] 
Type domain.Pregunta is not enhanced.

[2022-04-06 21:32:21 #19 type.registry] 
New type java.util.Vector<domain.Pronostico>

[2022-04-06 21:32:21 #20 type] 
Type domain.Pronostico is not enhanced.

[2022-04-06 21:32:21 #21 type.registry] 
New type domain.Apuesta

[2022-04-06 21:32:21 #22 type.registry] 
New type java.util.Vector<domain.Apuesta>

[2022-04-06 21:32:21 #23 type] 
Type domain.Apuesta is not enhanced.

[2022-04-06 21:32:21 #24 type.registry] 
New type java.util.Date[]

[2022-04-06 21:32:21 #25 type.registry] 
New type double[]

[2022-04-06 21:32:21 #26 type.registry] 
New type domain.Usuario

[2022-04-06 21:32:21 #27 type] 
Type domain.Usuario is not enhanced.

[2022-04-06 21:32:21 #28 type.registry] 
New type java.util.ArrayList<domain.Apuesta>

[2022-04-06 21:32:21 #29 type.registry] 
New type java.util.Vector<java.lang.Object>

[2022-04-06 21:32:21 #30 type.registry] 
New type java.util.ArrayList<java.lang.Object>

------------------------------------------------------------------------------------------------------------------------

[2022-04-06 21:32:29 #1 store] 
Database 'C:\Users\Usuario\git\RepositorioBets22222\Bets21\src\main\resources\bets.temp' has been recovered (tr. 1-6)

[2022-04-06 21:32:29 #2 store] 
Database 'C:\Users\Usuario\git\RepositorioBets22222\Bets21\src\main\resources\bets.temp' is opened by 25032@DESKTOP-LV0FIAS

[2022-04-06 21:32:29 #3 type] 
Type domain.Competicion is not enhanced.

[2022-04-06 21:32:29 #4 type] 
Type domain.Actor is not enhanced.

[2022-04-06 21:32:29 #5 type] 
Type domain.Administrador is not enhanced.

[2022-04-06 21:32:29 #6 type] 
Type domain.Evento is not enhanced.

[2022-04-06 21:32:29 #7 type] 
Type domain.Pregunta is not enhanced.

[2022-04-06 21:32:29 #8 type] 
Type domain.Pronostico is not enhanced.

[2022-04-06 21:32:29 #9 type] 
Type domain.Apuesta is not enhanced.

[2022-04-06 21:32:30 #10 type] 
Type domain.Usuario is not enhanced.

------------------------------------------------------------------------------------------------------------------------

[2022-04-06 21:34:51 #1 store] 
Database 'C:\Users\Usuario\git\RepositorioBets22222\Bets21\src\main\resources\bets.temp' is opened by 15716@DESKTOP-LV0FIAS

[2022-04-06 21:34:51 #2 type] 
Type domain.Competicion is not enhanced.

[2022-04-06 21:34:51 #3 type] 
Type domain.Actor is not enhanced.

[2022-04-06 21:34:51 #4 type] 
Type domain.Administrador is not enhanced.

[2022-04-06 21:34:51 #5 type] 
Type domain.Evento is not enhanced.

[2022-04-06 21:34:51 #6 type] 
Type domain.Pregunta is not enhanced.

[2022-04-06 21:34:51 #7 type] 
Type domain.Pronostico is not enhanced.

[2022-04-06 21:34:51 #8 type] 
Type domain.Apuesta is not enhanced.

[2022-04-06 21:34:51 #9 type] 
Type domain.Usuario is not enhanced.

------------------------------------------------------------------------------------------------------------------------

[2022-04-06 21:35:48 #1 store] 
Database 'C:\Users\Usuario\git\RepositorioBets22222\Bets21\src\main\resources\bets.temp' is opened by 296@DESKTOP-LV0FIAS

[2022-04-06 21:35:48 #2 type] 
Type domain.Competicion is not enhanced.

[2022-04-06 21:35:48 #3 type] 
Type domain.Actor is not enhanced.

[2022-04-06 21:35:48 #4 type] 
Type domain.Administrador is not enhanced.

[2022-04-06 21:35:48 #5 type] 
Type domain.Evento is not enhanced.

[2022-04-06 21:35:48 #6 type] 
Type domain.Pregunta is not enhanced.

[2022-04-06 21:35:48 #7 type] 
Type domain.Pronostico is not enhanced.

[2022-04-06 21:35:48 #8 type] 
Type domain.Apuesta is not enhanced.

[2022-04-06 21:35:48 #9 type] 
Type domain.Usuario is not enhanced.

------------------------------------------------------------------------------------------------------------------------

[2022-04-06 21:35:54 #1 store] 
Database 'C:\Users\Usuario\git\RepositorioBets22222\Bets21\src\main\resources\bets.temp' is opened by 19784@DESKTOP-LV0FIAS

[2022-04-06 21:35:54 #2 type] 
Type domain.Competicion is not enhanced.

[2022-04-06 21:35:54 #3 type] 
Type domain.Actor is not enhanced.

[2022-04-06 21:35:54 #4 type] 
Type domain.Administrador is not enhanced.

[2022-04-06 21:35:54 #5 type] 
Type domain.Evento is not enhanced.

[2022-04-06 21:35:54 #6 type] 
Type domain.Pregunta is not enhanced.

[2022-04-06 21:35:54 #7 type] 
Type domain.Pronostico is not enhanced.

[2022-04-06 21:35:54 #8 type] 
Type domain.Apuesta is not enhanced.

[2022-04-06 21:35:54 #9 type] 
Type domain.Usuario is not enhanced.

