------------------------------------------------------------------------------------------------------------------------

[2022-03-30 16:47:34 #1 store] 
Database 'C:\Users\xelab\git\RepositorioBets22\Bets21\src\main\resources\bets.temp' has been recovered (tr. 16-16)

[2022-03-30 16:47:34 #2 store] 
Database 'C:\Users\xelab\git\RepositorioBets22\Bets21\src\main\resources\bets.temp' is opened by 12292@LAPTOP-DU2S2TVN

[2022-03-30 16:47:34 #3 type] 
Type domain.Competicion is not enhanced.

[2022-03-30 16:47:35 #4 type] 
Type domain.Evento is not enhanced.

[2022-03-30 16:47:35 #5 type] 
Type domain.Pregunta is not enhanced.

[2022-03-30 16:47:35 #6 type] 
Type domain.Pronostico is not enhanced.

[2022-03-30 16:47:35 #7 type] 
Type domain.Actor is not enhanced.

[2022-03-30 16:47:35 #8 type] 
Type domain.Usuario is not enhanced.

[2022-03-30 16:47:35 #9 type] 
Type domain.Administrador is not enhanced.

------------------------------------------------------------------------------------------------------------------------

[2022-03-30 16:48:29 #1 store] 
Database 'C:\Users\xelab\git\RepositorioBets22\Bets21\src\main\resources\bets.temp' is opened by 5716@LAPTOP-DU2S2TVN

[2022-03-30 16:48:29 #2 type] 
Type domain.Competicion is not enhanced.

[2022-03-30 16:48:29 #3 type] 
Type domain.Evento is not enhanced.

[2022-03-30 16:48:29 #4 type] 
Type domain.Pregunta is not enhanced.

[2022-03-30 16:48:29 #5 type] 
Type domain.Pronostico is not enhanced.

[2022-03-30 16:48:29 #6 type] 
Type domain.Actor is not enhanced.

[2022-03-30 16:48:29 #7 type] 
Type domain.Usuario is not enhanced.

[2022-03-30 16:48:29 #8 type] 
Type domain.Administrador is not enhanced.

------------------------------------------------------------------------------------------------------------------------

[2022-03-30 16:49:22 #1 store] 
Database 'C:\Users\xelab\git\RepositorioBets22\Bets21\src\main\resources\bets.temp' is opened by 16192@LAPTOP-DU2S2TVN

[2022-03-30 16:49:22 #2 type] 
Type domain.Competicion is not enhanced.

[2022-03-30 16:49:22 #3 type] 
Type domain.Evento is not enhanced.

[2022-03-30 16:49:22 #4 type] 
Type domain.Pregunta is not enhanced.

[2022-03-30 16:49:22 #5 type] 
Type domain.Pronostico is not enhanced.

[2022-03-30 16:49:22 #6 type] 
Type domain.Actor is not enhanced.

[2022-03-30 16:49:22 #7 type] 
Type domain.Usuario is not enhanced.

[2022-03-30 16:49:22 #8 type] 
Type domain.Administrador is not enhanced.

------------------------------------------------------------------------------------------------------------------------

[2022-03-30 16:50:07 #1 store] 
Database 'C:\Users\xelab\git\RepositorioBets22\Bets21\src\main\resources\bets.temp' is opened by 13304@LAPTOP-DU2S2TVN

[2022-03-30 16:50:07 #2 type] 
Type domain.Competicion is not enhanced.

[2022-03-30 16:50:07 #3 type] 
Type domain.Evento is not enhanced.

[2022-03-30 16:50:07 #4 type] 
Type domain.Pregunta is not enhanced.

[2022-03-30 16:50:07 #5 type] 
Type domain.Pronostico is not enhanced.

[2022-03-30 16:50:07 #6 type] 
Type domain.Actor is not enhanced.

[2022-03-30 16:50:07 #7 type] 
Type domain.Usuario is not enhanced.

[2022-03-30 16:50:07 #8 type] 
Type domain.Administrador is not enhanced.

------------------------------------------------------------------------------------------------------------------------

[2022-03-30 16:50:30 #1 store] 
Database 'C:\Users\xelab\git\RepositorioBets22\Bets21\src\main\resources\bets.temp' is opened by 6460@LAPTOP-DU2S2TVN

[2022-03-30 16:50:30 #2 type] 
Type domain.Competicion is not enhanced.

[2022-03-30 16:50:30 #3 type] 
Type domain.Evento is not enhanced.

[2022-03-30 16:50:30 #4 type] 
Type domain.Pregunta is not enhanced.

[2022-03-30 16:50:30 #5 type] 
Type domain.Pronostico is not enhanced.

[2022-03-30 16:50:30 #6 type] 
Type domain.Actor is not enhanced.

[2022-03-30 16:50:30 #7 type] 
Type domain.Usuario is not enhanced.

[2022-03-30 16:50:30 #8 type] 
Type domain.Administrador is not enhanced.

------------------------------------------------------------------------------------------------------------------------

[2022-03-30 17:45:25 #1 store] 
Database 'C:\Users\xelab\git\RepositorioBets22\Bets21\src\main\resources\bets.temp' is opened by 10476@LAPTOP-DU2S2TVN

[2022-03-30 17:45:25 #2 type] 
Type domain.Competicion is not enhanced.

[2022-03-30 17:45:25 #3 type] 
Type domain.Evento is not enhanced.

[2022-03-30 17:45:25 #4 type] 
Type domain.Pregunta is not enhanced.

[2022-03-30 17:45:25 #5 type] 
Type domain.Pronostico is not enhanced.

[2022-03-30 17:45:25 #6 type] 
Type domain.Actor is not enhanced.

[2022-03-30 17:45:25 #7 type] 
Type domain.Usuario is not enhanced.

[2022-03-30 17:45:25 #8 type] 
Type domain.Administrador is not enhanced.

------------------------------------------------------------------------------------------------------------------------

[2022-03-30 18:02:06 #1 store] 
Database 'C:\Users\xelab\git\RepositorioBets22\Bets21\src\main\resources\bets.temp' is opened by 17916@LAPTOP-DU2S2TVN

[2022-03-30 18:02:06 #2 type] 
Type domain.Competicion is not enhanced.

[2022-03-30 18:02:06 #3 type] 
Type domain.Evento is not enhanced.

[2022-03-30 18:02:06 #4 type] 
Type domain.Pregunta is not enhanced.

[2022-03-30 18:02:06 #5 type] 
Type domain.Pronostico is not enhanced.

[2022-03-30 18:02:06 #6 type] 
Type domain.Actor is not enhanced.

[2022-03-30 18:02:06 #7 type] 
Type domain.Usuario is not enhanced.

[2022-03-30 18:02:06 #8 type] 
Type domain.Administrador is not enhanced.

------------------------------------------------------------------------------------------------------------------------

[2022-03-30 18:02:50 #1 store] 
Database 'C:\Users\xelab\git\RepositorioBets22\Bets21\src\main\resources\bets.temp' is opened by 19832@LAPTOP-DU2S2TVN

[2022-03-30 18:02:50 #2 type] 
Type domain.Competicion is not enhanced.

[2022-03-30 18:02:50 #3 type] 
Type domain.Evento is not enhanced.

[2022-03-30 18:02:50 #4 type] 
Type domain.Pregunta is not enhanced.

[2022-03-30 18:02:50 #5 type] 
Type domain.Pronostico is not enhanced.

[2022-03-30 18:02:50 #6 type] 
Type domain.Actor is not enhanced.

[2022-03-30 18:02:50 #7 type] 
Type domain.Usuario is not enhanced.

[2022-03-30 18:02:50 #8 type] 
Type domain.Administrador is not enhanced.

------------------------------------------------------------------------------------------------------------------------

[2022-03-30 18:04:13 #1 store] 
Database 'C:\Users\xelab\git\RepositorioBets22\Bets21\src\main\resources\bets.temp' is opened by 17416@LAPTOP-DU2S2TVN

[2022-03-30 18:04:13 #2 type] 
Type domain.Competicion is not enhanced.

[2022-03-30 18:04:13 #3 type] 
Type domain.Evento is not enhanced.

[2022-03-30 18:04:13 #4 type] 
Type domain.Pregunta is not enhanced.

[2022-03-30 18:04:13 #5 type] 
Type domain.Pronostico is not enhanced.

[2022-03-30 18:04:13 #6 type] 
Type domain.Actor is not enhanced.

[2022-03-30 18:04:13 #7 type] 
Type domain.Usuario is not enhanced.

[2022-03-30 18:04:13 #8 type] 
Type domain.Administrador is not enhanced.

------------------------------------------------------------------------------------------------------------------------

[2022-03-30 18:04:56 #1 store] 
Database 'C:\Users\xelab\git\RepositorioBets22\Bets21\src\main\resources\bets.temp' is opened by 20444@LAPTOP-DU2S2TVN

[2022-03-30 18:04:57 #2 type] 
Type domain.Competicion is not enhanced.

[2022-03-30 18:04:57 #3 type] 
Type domain.Evento is not enhanced.

[2022-03-30 18:04:57 #4 type] 
Type domain.Pregunta is not enhanced.

[2022-03-30 18:04:57 #5 type] 
Type domain.Pronostico is not enhanced.

[2022-03-30 18:04:57 #6 type] 
Type domain.Actor is not enhanced.

[2022-03-30 18:04:57 #7 type] 
Type domain.Usuario is not enhanced.

[2022-03-30 18:04:57 #8 type] 
Type domain.Administrador is not enhanced.

------------------------------------------------------------------------------------------------------------------------

[2022-03-30 18:05:45 #1 store] 
Database 'C:\Users\xelab\git\RepositorioBets22\Bets21\src\main\resources\bets.temp' is opened by 2176@LAPTOP-DU2S2TVN

[2022-03-30 18:05:46 #2 type] 
Type domain.Competicion is not enhanced.

[2022-03-30 18:05:46 #3 type] 
Type domain.Evento is not enhanced.

[2022-03-30 18:05:46 #4 type] 
Type domain.Pregunta is not enhanced.

[2022-03-30 18:05:46 #5 type] 
Type domain.Pronostico is not enhanced.

[2022-03-30 18:05:46 #6 type] 
Type domain.Actor is not enhanced.

[2022-03-30 18:05:46 #7 type] 
Type domain.Usuario is not enhanced.

[2022-03-30 18:05:46 #8 type] 
Type domain.Administrador is not enhanced.

------------------------------------------------------------------------------------------------------------------------

[2022-03-30 18:07:31 #1 store] 
Database 'C:\Users\xelab\git\RepositorioBets22\Bets21\src\main\resources\bets.temp' is opened by 18764@LAPTOP-DU2S2TVN

[2022-03-30 18:07:31 #2 type] 
Type domain.Competicion is not enhanced.

[2022-03-30 18:07:31 #3 type] 
Type domain.Evento is not enhanced.

[2022-03-30 18:07:31 #4 type] 
Type domain.Pregunta is not enhanced.

[2022-03-30 18:07:31 #5 type] 
Type domain.Pronostico is not enhanced.

[2022-03-30 18:07:31 #6 type] 
Type domain.Actor is not enhanced.

[2022-03-30 18:07:31 #7 type] 
Type domain.Usuario is not enhanced.

[2022-03-30 18:07:31 #8 type] 
Type domain.Administrador is not enhanced.

------------------------------------------------------------------------------------------------------------------------

[2022-03-30 18:09:11 #1 store] 
Database 'C:\Users\xelab\git\RepositorioBets22\Bets21\src\main\resources\bets.temp' is opened by 18576@LAPTOP-DU2S2TVN

[2022-03-30 18:09:11 #2 type] 
Type domain.Competicion is not enhanced.

[2022-03-30 18:09:11 #3 type] 
Type domain.Evento is not enhanced.

[2022-03-30 18:09:11 #4 type] 
Type domain.Pregunta is not enhanced.

[2022-03-30 18:09:11 #5 type] 
Type domain.Pronostico is not enhanced.

[2022-03-30 18:09:11 #6 type] 
Type domain.Actor is not enhanced.

[2022-03-30 18:09:11 #7 type] 
Type domain.Usuario is not enhanced.

[2022-03-30 18:09:11 #8 type] 
Type domain.Administrador is not enhanced.

------------------------------------------------------------------------------------------------------------------------

[2022-03-30 19:00:58 #1 store] 
Database 'C:\Users\xelab\git\RepositorioBets22\Bets21\src\main\resources\bets.temp' is opened by 6692@LAPTOP-DU2S2TVN

[2022-03-30 19:00:58 #2 type] 
Type domain.Competicion is not enhanced.

[2022-03-30 19:00:58 #3 type] 
Type domain.Evento is not enhanced.

[2022-03-30 19:00:58 #4 type] 
Type domain.Pregunta is not enhanced.

[2022-03-30 19:00:58 #5 type] 
Type domain.Pronostico is not enhanced.

[2022-03-30 19:00:58 #6 type] 
Type domain.Actor is not enhanced.

[2022-03-30 19:00:58 #7 type] 
Type domain.Usuario is not enhanced.

[2022-03-30 19:00:58 #8 type] 
Type domain.Administrador is not enhanced.

