------------------------------------------------------------------------------------------------------------------------

[2022-04-03 21:58:09 #1 store] 
Database 'C:\Users\Usuario\git\RepositorioBets222\Bets21\src\main\resources\bets.temp' is opened by 2956@DESKTOP-LV0FIAS

[2022-04-03 21:58:09 #2 type] 
Type domain.Competicion is not enhanced.

[2022-04-03 21:58:09 #3 type] 
Type domain.Evento is not enhanced.

[2022-04-03 21:58:09 #4 type] 
Type domain.Pregunta is not enhanced.

[2022-04-03 21:58:09 #5 type] 
Type domain.Pronostico is not enhanced.

[2022-04-03 21:58:09 #6 type] 
Type domain.Apuesta is not enhanced.

[2022-04-03 21:58:09 #7 type] 
Type domain.Actor is not enhanced.

[2022-04-03 21:58:09 #8 type] 
Type domain.Usuario is not enhanced.

[2022-04-03 21:58:09 #9 type] 
Type domain.Administrador is not enhanced.

------------------------------------------------------------------------------------------------------------------------

[2022-04-03 22:02:23 #1 store] 
Database 'C:\Users\Usuario\git\RepositorioBets222\Bets21\src\main\resources\bets.temp' is opened by 26600@DESKTOP-LV0FIAS

[2022-04-03 22:02:24 #2 type] 
Type domain.Competicion is not enhanced.

[2022-04-03 22:02:24 #3 type] 
Type domain.Evento is not enhanced.

[2022-04-03 22:02:24 #4 type] 
Type domain.Pregunta is not enhanced.

[2022-04-03 22:02:24 #5 type] 
Type domain.Pronostico is not enhanced.

[2022-04-03 22:02:24 #6 type] 
Type domain.Apuesta is not enhanced.

[2022-04-03 22:02:24 #7 type] 
Type domain.Actor is not enhanced.

[2022-04-03 22:02:24 #8 type] 
Type domain.Usuario is not enhanced.

[2022-04-03 22:02:24 #9 type] 
Type domain.Administrador is not enhanced.

------------------------------------------------------------------------------------------------------------------------

[2022-04-03 22:03:44 #1 store] 
Database 'C:\Users\Usuario\git\RepositorioBets222\Bets21\src\main\resources\bets.temp' is opened by 9368@DESKTOP-LV0FIAS

[2022-04-03 22:03:44 #2 type] 
Type domain.Competicion is not enhanced.

[2022-04-03 22:03:44 #3 type] 
Type domain.Evento is not enhanced.

[2022-04-03 22:03:44 #4 type] 
Type domain.Pregunta is not enhanced.

[2022-04-03 22:03:44 #5 type] 
Type domain.Pronostico is not enhanced.

[2022-04-03 22:03:44 #6 type] 
Type domain.Apuesta is not enhanced.

[2022-04-03 22:03:44 #7 type] 
Type domain.Actor is not enhanced.

[2022-04-03 22:03:44 #8 type] 
Type domain.Usuario is not enhanced.

[2022-04-03 22:03:44 #9 type] 
Type domain.Administrador is not enhanced.

------------------------------------------------------------------------------------------------------------------------

[2022-04-03 22:06:48 #1 store] 
Database 'C:\Users\Usuario\git\RepositorioBets222\Bets21\src\main\resources\bets.temp' is opened by 12168@DESKTOP-LV0FIAS

[2022-04-03 22:06:49 #2 type] 
Type domain.Competicion is not enhanced.

[2022-04-03 22:06:49 #3 type] 
Type domain.Evento is not enhanced.

[2022-04-03 22:06:49 #4 type] 
Type domain.Pregunta is not enhanced.

[2022-04-03 22:06:49 #5 type] 
Type domain.Pronostico is not enhanced.

[2022-04-03 22:06:49 #6 type] 
Type domain.Apuesta is not enhanced.

[2022-04-03 22:06:49 #7 type] 
Type domain.Actor is not enhanced.

[2022-04-03 22:06:49 #8 type] 
Type domain.Usuario is not enhanced.

[2022-04-03 22:06:49 #9 type] 
Type domain.Administrador is not enhanced.

------------------------------------------------------------------------------------------------------------------------

[2022-04-03 22:08:01 #1 store] 
Database 'C:\Users\Usuario\git\RepositorioBets222\Bets21\src\main\resources\bets.temp' is opened by 26512@DESKTOP-LV0FIAS

[2022-04-03 22:08:01 #2 type] 
Type domain.Competicion is not enhanced.

[2022-04-03 22:08:01 #3 type] 
Type domain.Evento is not enhanced.

[2022-04-03 22:08:01 #4 type] 
Type domain.Pregunta is not enhanced.

[2022-04-03 22:08:01 #5 type] 
Type domain.Pronostico is not enhanced.

[2022-04-03 22:08:01 #6 type] 
Type domain.Apuesta is not enhanced.

[2022-04-03 22:08:01 #7 type] 
Type domain.Actor is not enhanced.

[2022-04-03 22:08:01 #8 type] 
Type domain.Usuario is not enhanced.

[2022-04-03 22:08:01 #9 type] 
Type domain.Administrador is not enhanced.

------------------------------------------------------------------------------------------------------------------------

[2022-04-03 22:09:27 #1 store] 
Database 'C:\Users\Usuario\git\RepositorioBets222\Bets21\src\main\resources\bets.temp' is opened by 11708@DESKTOP-LV0FIAS

[2022-04-03 22:09:28 #2 type] 
Type domain.Competicion is not enhanced.

[2022-04-03 22:09:28 #3 type] 
Type domain.Evento is not enhanced.

[2022-04-03 22:09:28 #4 type] 
Type domain.Pregunta is not enhanced.

[2022-04-03 22:09:28 #5 type] 
Type domain.Pronostico is not enhanced.

[2022-04-03 22:09:28 #6 type] 
Type domain.Apuesta is not enhanced.

[2022-04-03 22:09:28 #7 type] 
Type domain.Actor is not enhanced.

[2022-04-03 22:09:28 #8 type] 
Type domain.Usuario is not enhanced.

[2022-04-03 22:09:28 #9 type] 
Type domain.Administrador is not enhanced.

------------------------------------------------------------------------------------------------------------------------

[2022-04-03 22:13:04 #1 store] 
Database 'C:\Users\Usuario\git\RepositorioBets222\Bets21\src\main\resources\bets.temp' is opened by 11664@DESKTOP-LV0FIAS

[2022-04-03 22:13:04 #2 type] 
Type domain.Competicion is not enhanced.

[2022-04-03 22:13:04 #3 type] 
Type domain.Evento is not enhanced.

[2022-04-03 22:13:04 #4 type] 
Type domain.Pregunta is not enhanced.

[2022-04-03 22:13:04 #5 type] 
Type domain.Pronostico is not enhanced.

[2022-04-03 22:13:04 #6 type] 
Type domain.Apuesta is not enhanced.

[2022-04-03 22:13:04 #7 type] 
Type domain.Actor is not enhanced.

[2022-04-03 22:13:04 #8 type] 
Type domain.Usuario is not enhanced.

[2022-04-03 22:13:04 #9 type] 
Type domain.Administrador is not enhanced.

------------------------------------------------------------------------------------------------------------------------

[2022-04-03 22:13:20 #1 store] 
Database 'C:\Users\Usuario\git\RepositorioBets222\Bets21\src\main\resources\bets.temp' is opened by 21032@DESKTOP-LV0FIAS

[2022-04-03 22:13:20 #2 type] 
Type domain.Competicion is not enhanced.

[2022-04-03 22:13:20 #3 type] 
Type domain.Evento is not enhanced.

[2022-04-03 22:13:20 #4 type] 
Type domain.Pregunta is not enhanced.

[2022-04-03 22:13:20 #5 type] 
Type domain.Pronostico is not enhanced.

[2022-04-03 22:13:20 #6 type] 
Type domain.Apuesta is not enhanced.

[2022-04-03 22:13:20 #7 type] 
Type domain.Actor is not enhanced.

[2022-04-03 22:13:20 #8 type] 
Type domain.Usuario is not enhanced.

[2022-04-03 22:13:20 #9 type] 
Type domain.Administrador is not enhanced.

------------------------------------------------------------------------------------------------------------------------

[2022-04-03 22:15:53 #1 store] 
Database 'C:\Users\Usuario\git\RepositorioBets222\Bets21\src\main\resources\bets.temp' is opened by 14132@DESKTOP-LV0FIAS

[2022-04-03 22:15:53 #2 type] 
Type domain.Competicion is not enhanced.

[2022-04-03 22:15:53 #3 type] 
Type domain.Evento is not enhanced.

[2022-04-03 22:15:53 #4 type] 
Type domain.Pregunta is not enhanced.

[2022-04-03 22:15:53 #5 type] 
Type domain.Pronostico is not enhanced.

[2022-04-03 22:15:53 #6 type] 
Type domain.Apuesta is not enhanced.

[2022-04-03 22:15:53 #7 type] 
Type domain.Actor is not enhanced.

[2022-04-03 22:15:53 #8 type] 
Type domain.Usuario is not enhanced.

[2022-04-03 22:15:53 #9 type] 
Type domain.Administrador is not enhanced.

------------------------------------------------------------------------------------------------------------------------

[2022-04-03 22:45:16 #1 store] 
Database 'C:\Users\Usuario\git\RepositorioBets222\Bets21\src\main\resources\bets.temp' is opened by 1868@DESKTOP-LV0FIAS

[2022-04-03 22:45:16 #2 type] 
Type domain.Competicion is not enhanced.

[2022-04-03 22:45:16 #3 type] 
Type domain.Evento is not enhanced.

[2022-04-03 22:45:16 #4 type] 
Type domain.Pregunta is not enhanced.

[2022-04-03 22:45:16 #5 type] 
Type domain.Pronostico is not enhanced.

[2022-04-03 22:45:16 #6 type] 
Type domain.Apuesta is not enhanced.

[2022-04-03 22:45:17 #7 type] 
Type domain.Actor is not enhanced.

[2022-04-03 22:45:17 #8 type] 
Type domain.Usuario is not enhanced.

[2022-04-03 22:45:17 #9 type] 
Type domain.Administrador is not enhanced.

------------------------------------------------------------------------------------------------------------------------

[2022-04-03 22:45:57 #1 store] 
Database 'C:\Users\Usuario\git\RepositorioBets222\Bets21\src\main\resources\bets.temp' has been recovered (tr. 13-13)

[2022-04-03 22:45:57 #2 store] 
Database 'C:\Users\Usuario\git\RepositorioBets222\Bets21\src\main\resources\bets.temp' is opened by 9828@DESKTOP-LV0FIAS

[2022-04-03 22:45:58 #3 type] 
Type domain.Competicion is not enhanced.

[2022-04-03 22:45:58 #4 type] 
Type domain.Evento is not enhanced.

[2022-04-03 22:45:58 #5 type] 
Type domain.Pregunta is not enhanced.

[2022-04-03 22:45:58 #6 type] 
Type domain.Pronostico is not enhanced.

[2022-04-03 22:45:58 #7 type] 
Type domain.Apuesta is not enhanced.

[2022-04-03 22:45:58 #8 type] 
Type domain.Actor is not enhanced.

[2022-04-03 22:45:58 #9 type] 
Type domain.Usuario is not enhanced.

[2022-04-03 22:45:58 #10 type] 
Type domain.Administrador is not enhanced.

------------------------------------------------------------------------------------------------------------------------

[2022-04-03 22:49:31 #1 store] 
Database 'C:\Users\Usuario\git\RepositorioBets222\Bets21\src\main\resources\bets.temp' is opened by 21276@DESKTOP-LV0FIAS

[2022-04-03 22:49:31 #2 type] 
Type domain.Competicion is not enhanced.

[2022-04-03 22:49:31 #3 type] 
Type domain.Evento is not enhanced.

[2022-04-03 22:49:31 #4 type] 
Type domain.Pregunta is not enhanced.

[2022-04-03 22:49:31 #5 type] 
Type domain.Pronostico is not enhanced.

[2022-04-03 22:49:31 #6 type] 
Type domain.Apuesta is not enhanced.

[2022-04-03 22:49:31 #7 type] 
Type domain.Actor is not enhanced.

[2022-04-03 22:49:31 #8 type] 
Type domain.Usuario is not enhanced.

[2022-04-03 22:49:31 #9 type] 
Type domain.Administrador is not enhanced.

------------------------------------------------------------------------------------------------------------------------

[2022-04-03 22:50:42 #1 store] 
Database 'C:\Users\Usuario\git\RepositorioBets222\Bets21\src\main\resources\bets.temp' is opened by 10796@DESKTOP-LV0FIAS

[2022-04-03 22:50:42 #2 type] 
Type domain.Competicion is not enhanced.

[2022-04-03 22:50:42 #3 type] 
Type domain.Evento is not enhanced.

[2022-04-03 22:50:42 #4 type] 
Type domain.Pregunta is not enhanced.

[2022-04-03 22:50:42 #5 type] 
Type domain.Pronostico is not enhanced.

[2022-04-03 22:50:42 #6 type] 
Type domain.Apuesta is not enhanced.

[2022-04-03 22:50:42 #7 type] 
Type domain.Actor is not enhanced.

[2022-04-03 22:50:42 #8 type] 
Type domain.Usuario is not enhanced.

[2022-04-03 22:50:42 #9 type] 
Type domain.Administrador is not enhanced.

------------------------------------------------------------------------------------------------------------------------

[2022-04-03 22:51:37 #1 store] 
Database 'C:\Users\Usuario\git\RepositorioBets222\Bets21\src\main\resources\bets.temp' is opened by 2264@DESKTOP-LV0FIAS

[2022-04-03 22:51:37 #2 type] 
Type domain.Competicion is not enhanced.

[2022-04-03 22:51:37 #3 type] 
Type domain.Evento is not enhanced.

[2022-04-03 22:51:37 #4 type] 
Type domain.Pregunta is not enhanced.

[2022-04-03 22:51:37 #5 type] 
Type domain.Pronostico is not enhanced.

[2022-04-03 22:51:37 #6 type] 
Type domain.Apuesta is not enhanced.

[2022-04-03 22:51:37 #7 type] 
Type domain.Actor is not enhanced.

[2022-04-03 22:51:37 #8 type] 
Type domain.Usuario is not enhanced.

[2022-04-03 22:51:37 #9 type] 
Type domain.Administrador is not enhanced.

------------------------------------------------------------------------------------------------------------------------

[2022-04-03 23:02:44 #1 store] 
Database 'C:\Users\Usuario\git\RepositorioBets222\Bets21\src\main\resources\bets.temp' is opened by 14448@DESKTOP-LV0FIAS

[2022-04-03 23:02:44 #2 type] 
Type domain.Competicion is not enhanced.

[2022-04-03 23:02:44 #3 type] 
Type domain.Evento is not enhanced.

[2022-04-03 23:02:44 #4 type] 
Type domain.Pregunta is not enhanced.

[2022-04-03 23:02:44 #5 type] 
Type domain.Pronostico is not enhanced.

[2022-04-03 23:02:44 #6 type] 
Type domain.Apuesta is not enhanced.

[2022-04-03 23:02:44 #7 type] 
Type domain.Actor is not enhanced.

[2022-04-03 23:02:44 #8 type] 
Type domain.Usuario is not enhanced.

[2022-04-03 23:02:44 #9 type] 
Type domain.Administrador is not enhanced.

------------------------------------------------------------------------------------------------------------------------

[2022-04-03 23:03:47 #1 store] 
Database 'C:\Users\Usuario\git\RepositorioBets222\Bets21\src\main\resources\bets.temp' is opened by 9644@DESKTOP-LV0FIAS

[2022-04-03 23:03:47 #2 type] 
Type domain.Competicion is not enhanced.

[2022-04-03 23:03:47 #3 type] 
Type domain.Evento is not enhanced.

[2022-04-03 23:03:47 #4 type] 
Type domain.Pregunta is not enhanced.

[2022-04-03 23:03:47 #5 type] 
Type domain.Pronostico is not enhanced.

[2022-04-03 23:03:47 #6 type] 
Type domain.Apuesta is not enhanced.

[2022-04-03 23:03:47 #7 type] 
Type domain.Actor is not enhanced.

[2022-04-03 23:03:47 #8 type] 
Type domain.Usuario is not enhanced.

[2022-04-03 23:03:47 #9 type] 
Type domain.Administrador is not enhanced.

------------------------------------------------------------------------------------------------------------------------

[2022-04-03 23:05:47 #1 store] 
Database 'C:\Users\Usuario\git\RepositorioBets222\Bets21\src\main\resources\bets.temp' is opened by 12988@DESKTOP-LV0FIAS

[2022-04-03 23:05:47 #2 type] 
Type domain.Competicion is not enhanced.

[2022-04-03 23:05:47 #3 type] 
Type domain.Evento is not enhanced.

[2022-04-03 23:05:47 #4 type] 
Type domain.Pregunta is not enhanced.

[2022-04-03 23:05:47 #5 type] 
Type domain.Pronostico is not enhanced.

[2022-04-03 23:05:47 #6 type] 
Type domain.Apuesta is not enhanced.

[2022-04-03 23:05:47 #7 type] 
Type domain.Actor is not enhanced.

[2022-04-03 23:05:47 #8 type] 
Type domain.Usuario is not enhanced.

[2022-04-03 23:05:47 #9 type] 
Type domain.Administrador is not enhanced.

