------------------------------------------------------------------------------------------------------------------------

[2022-05-04 16:35:10 #1 store] 
Database 'C:\Users\Usuario\git\RepositorioBets22-It3\Bets21\src\main\resources\bets.temp' has been recovered (tr. 10-13)

[2022-05-04 16:35:11 #2 store] 
Database 'C:\Users\Usuario\git\RepositorioBets22-It3\Bets21\src\main\resources\bets.temp' is opened by 19444@DESKTOP-D1FDVAS

[2022-05-04 16:35:11 #3 type] 
Type domain.Competicion is not enhanced.

[2022-05-04 16:35:11 #4 type] 
Type domain.Actor is not enhanced.

[2022-05-04 16:35:11 #5 type] 
Type domain.Administrador is not enhanced.

[2022-05-04 16:35:11 #6 type] 
Type domain.Evento is not enhanced.

[2022-05-04 16:35:11 #7 type] 
Type domain.Pregunta is not enhanced.

[2022-05-04 16:35:11 #8 type] 
Type domain.Pronostico is not enhanced.

[2022-05-04 16:35:11 #9 type] 
Type domain.Apuesta is not enhanced.

[2022-05-04 16:35:11 #10 type] 
Type domain.Usuario is not enhanced.

------------------------------------------------------------------------------------------------------------------------

[2022-05-04 16:56:58 #1 store] 
Database 'C:\Users\Usuario\git\RepositorioBets22-It3\Bets21\src\main\resources\bets.temp' is opened by 14716@DESKTOP-D1FDVAS

[2022-05-04 16:56:58 #2 type] 
Type domain.Competicion is not enhanced.

[2022-05-04 16:56:58 #3 type] 
Type domain.Actor is not enhanced.

[2022-05-04 16:56:58 #4 type] 
Type domain.Administrador is not enhanced.

[2022-05-04 16:56:58 #5 type] 
Type domain.Evento is not enhanced.

[2022-05-04 16:56:58 #6 type] 
Type domain.Pregunta is not enhanced.

[2022-05-04 16:56:58 #7 type] 
Type domain.Pronostico is not enhanced.

[2022-05-04 16:56:58 #8 type] 
Type domain.Apuesta is not enhanced.

[2022-05-04 16:56:58 #9 type] 
Type domain.Usuario is not enhanced.

------------------------------------------------------------------------------------------------------------------------

[2022-05-04 16:57:03 #1 store] 
Database 'C:\Users\Usuario\git\RepositorioBets22-It3\Bets21\src\main\resources\bets.temp' is opened by 15692@DESKTOP-D1FDVAS

[2022-05-04 16:57:03 #2 type] 
Type domain.Competicion is not enhanced.

[2022-05-04 16:57:03 #3 type] 
Type domain.Actor is not enhanced.

[2022-05-04 16:57:03 #4 type] 
Type domain.Administrador is not enhanced.

[2022-05-04 16:57:03 #5 type] 
Type domain.Evento is not enhanced.

[2022-05-04 16:57:03 #6 type] 
Type domain.Pregunta is not enhanced.

[2022-05-04 16:57:03 #7 type] 
Type domain.Pronostico is not enhanced.

[2022-05-04 16:57:03 #8 type] 
Type domain.Apuesta is not enhanced.

[2022-05-04 16:57:03 #9 type] 
Type domain.Usuario is not enhanced.

------------------------------------------------------------------------------------------------------------------------

[2022-05-04 16:57:16 #1 store] 
Database 'C:\Users\Usuario\git\RepositorioBets22-It3\Bets21\src\main\resources\bets.temp' is opened by 12520@DESKTOP-D1FDVAS

[2022-05-04 16:57:16 #2 type] 
Type domain.Competicion is not enhanced.

[2022-05-04 16:57:16 #3 type] 
Type domain.Actor is not enhanced.

[2022-05-04 16:57:16 #4 type] 
Type domain.Administrador is not enhanced.

[2022-05-04 16:57:16 #5 type] 
Type domain.Evento is not enhanced.

[2022-05-04 16:57:16 #6 type] 
Type domain.Pregunta is not enhanced.

[2022-05-04 16:57:16 #7 type] 
Type domain.Pronostico is not enhanced.

[2022-05-04 16:57:16 #8 type] 
Type domain.Apuesta is not enhanced.

[2022-05-04 16:57:16 #9 type] 
Type domain.Usuario is not enhanced.

