------------------------------------------------------------------------------------------------------------------------

[2022-10-08 12:26:13 #1 store] 
Database 'C:\Users\MIKEL\git\betsProject\src\main\resources\bets.temp' is opened by 29188@DESKTOP-SLHH47P

[2022-10-08 12:26:13 #2 type] 
Type domain.Competicion is not enhanced.

[2022-10-08 12:26:13 #3 type] 
Type domain.Actor is not enhanced.

[2022-10-08 12:26:13 #4 type] 
Type domain.Evento is not enhanced.

[2022-10-08 12:26:13 #5 type] 
Type domain.Pregunta is not enhanced.

[2022-10-08 12:26:13 #6 type] 
Type domain.Pronostico is not enhanced.

[2022-10-08 12:26:13 #7 type] 
Type domain.Administrador is not enhanced.

[2022-10-08 12:26:13 #8 type] 
Type domain.Apuesta is not enhanced.

[2022-10-08 12:26:13 #9 type] 
Type domain.Usuario is not enhanced.

[2022-10-08 12:26:13 #10 type] 
Type domain.InformeError is not enhanced.

[2022-10-08 12:26:13 #11 type] 
Type domain.Promocion is not enhanced.

------------------------------------------------------------------------------------------------------------------------

[2022-10-08 13:18:05 #1 store] 
Database 'C:\Users\MIKEL\git\betsProject\src\main\resources\bets.temp' is opened by 11404@DESKTOP-SLHH47P

[2022-10-08 13:18:05 #2 type] 
Type domain.Competicion is not enhanced.

[2022-10-08 13:18:06 #3 type] 
Type domain.Actor is not enhanced.

[2022-10-08 13:18:06 #4 type] 
Type domain.Evento is not enhanced.

[2022-10-08 13:18:06 #5 type] 
Type domain.Pregunta is not enhanced.

[2022-10-08 13:18:06 #6 type] 
Type domain.Pronostico is not enhanced.

[2022-10-08 13:18:06 #7 type] 
Type domain.Administrador is not enhanced.

[2022-10-08 13:18:06 #8 type] 
Type domain.Apuesta is not enhanced.

[2022-10-08 13:18:06 #9 type] 
Type domain.Usuario is not enhanced.

[2022-10-08 13:18:06 #10 type] 
Type domain.InformeError is not enhanced.

[2022-10-08 13:18:06 #11 type] 
Type domain.Promocion is not enhanced.

------------------------------------------------------------------------------------------------------------------------

[2022-10-08 13:19:50 #1 store] 
Database 'C:\Users\MIKEL\git\betsProject\src\main\resources\bets.temp' has been recovered (tr. 22-22)

[2022-10-08 13:19:50 #2 store] 
Database 'C:\Users\MIKEL\git\betsProject\src\main\resources\bets.temp' is opened by 31240@DESKTOP-SLHH47P

[2022-10-08 13:19:50 #3 type] 
Type domain.Competicion is not enhanced.

[2022-10-08 13:19:50 #4 type] 
Type domain.Actor is not enhanced.

[2022-10-08 13:19:50 #5 type] 
Type domain.Evento is not enhanced.

[2022-10-08 13:19:50 #6 type] 
Type domain.Pregunta is not enhanced.

[2022-10-08 13:19:50 #7 type] 
Type domain.Pronostico is not enhanced.

[2022-10-08 13:19:50 #8 type] 
Type domain.Administrador is not enhanced.

[2022-10-08 13:19:50 #9 type] 
Type domain.Apuesta is not enhanced.

[2022-10-08 13:19:50 #10 type] 
Type domain.Usuario is not enhanced.

[2022-10-08 13:19:50 #11 type] 
Type domain.InformeError is not enhanced.

[2022-10-08 13:19:50 #12 type] 
Type domain.Promocion is not enhanced.

------------------------------------------------------------------------------------------------------------------------

[2022-10-08 13:24:11 #1 store] 
Database 'C:\Users\MIKEL\git\betsProject\src\main\resources\bets.temp' is opened by 2632@DESKTOP-SLHH47P

[2022-10-08 13:24:12 #2 type] 
Type domain.Competicion is not enhanced.

[2022-10-08 13:24:12 #3 type] 
Type domain.Actor is not enhanced.

[2022-10-08 13:24:12 #4 type] 
Type domain.Evento is not enhanced.

[2022-10-08 13:24:12 #5 type] 
Type domain.Pregunta is not enhanced.

[2022-10-08 13:24:12 #6 type] 
Type domain.Pronostico is not enhanced.

[2022-10-08 13:24:12 #7 type] 
Type domain.Administrador is not enhanced.

[2022-10-08 13:24:12 #8 type] 
Type domain.Apuesta is not enhanced.

[2022-10-08 13:24:12 #9 type] 
Type domain.Usuario is not enhanced.

[2022-10-08 13:24:12 #10 type] 
Type domain.InformeError is not enhanced.

[2022-10-08 13:24:12 #11 type] 
Type domain.Promocion is not enhanced.

------------------------------------------------------------------------------------------------------------------------

[2022-10-08 13:28:33 #1 store] 
Database 'C:\Users\MIKEL\git\betsProject\src\main\resources\bets.temp' is opened by 9932@DESKTOP-SLHH47P

[2022-10-08 13:28:33 #2 type] 
Type domain.Competicion is not enhanced.

[2022-10-08 13:28:33 #3 type] 
Type domain.Actor is not enhanced.

[2022-10-08 13:28:33 #4 type] 
Type domain.Evento is not enhanced.

[2022-10-08 13:28:33 #5 type] 
Type domain.Pregunta is not enhanced.

[2022-10-08 13:28:33 #6 type] 
Type domain.Pronostico is not enhanced.

[2022-10-08 13:28:33 #7 type] 
Type domain.Administrador is not enhanced.

[2022-10-08 13:28:33 #8 type] 
Type domain.Apuesta is not enhanced.

[2022-10-08 13:28:33 #9 type] 
Type domain.Usuario is not enhanced.

[2022-10-08 13:28:33 #10 type] 
Type domain.InformeError is not enhanced.

[2022-10-08 13:28:33 #11 type] 
Type domain.Promocion is not enhanced.

------------------------------------------------------------------------------------------------------------------------

[2022-10-08 13:33:52 #1 store] 
Database 'C:\Users\MIKEL\git\betsProject\src\main\resources\bets.temp' is opened by 23536@DESKTOP-SLHH47P

[2022-10-08 13:33:52 #2 type] 
Type domain.Competicion is not enhanced.

[2022-10-08 13:33:52 #3 type] 
Type domain.Actor is not enhanced.

[2022-10-08 13:33:52 #4 type] 
Type domain.Evento is not enhanced.

[2022-10-08 13:33:52 #5 type] 
Type domain.Pregunta is not enhanced.

[2022-10-08 13:33:52 #6 type] 
Type domain.Pronostico is not enhanced.

[2022-10-08 13:33:52 #7 type] 
Type domain.Administrador is not enhanced.

[2022-10-08 13:33:52 #8 type] 
Type domain.Apuesta is not enhanced.

[2022-10-08 13:33:52 #9 type] 
Type domain.Usuario is not enhanced.

[2022-10-08 13:33:52 #10 type] 
Type domain.InformeError is not enhanced.

[2022-10-08 13:33:52 #11 type] 
Type domain.Promocion is not enhanced.

------------------------------------------------------------------------------------------------------------------------

[2022-10-08 14:49:35 #1 store] 
Database 'C:\Users\MIKEL\git\betsProject\src\main\resources\bets.temp' has been recovered (tr. 23-24)

[2022-10-08 14:49:35 #2 store] 
Database 'C:\Users\MIKEL\git\betsProject\src\main\resources\bets.temp' is opened by 12916@DESKTOP-SLHH47P

[2022-10-08 14:49:35 #3 type] 
Type domain.Competicion is not enhanced.

[2022-10-08 14:49:35 #4 type] 
Type domain.Actor is not enhanced.

[2022-10-08 14:49:35 #5 type] 
Type domain.Evento is not enhanced.

[2022-10-08 14:49:35 #6 type] 
Type domain.Pregunta is not enhanced.

[2022-10-08 14:49:35 #7 type] 
Type domain.Pronostico is not enhanced.

[2022-10-08 14:49:35 #8 type] 
Type domain.Administrador is not enhanced.

[2022-10-08 14:49:35 #9 type] 
Type domain.Apuesta is not enhanced.

[2022-10-08 14:49:35 #10 type] 
Type domain.Usuario is not enhanced.

[2022-10-08 14:49:35 #11 type] 
Type domain.InformeError is not enhanced.

[2022-10-08 14:49:35 #12 type] 
Type domain.Promocion is not enhanced.

------------------------------------------------------------------------------------------------------------------------

[2022-10-08 14:52:49 #1 store] 
Database 'C:\Users\MIKEL\git\betsProject\src\main\resources\bets.temp' is opened by 10700@DESKTOP-SLHH47P

[2022-10-08 14:52:49 #2 type] 
Type domain.Competicion is not enhanced.

[2022-10-08 14:52:49 #3 type] 
Type domain.Actor is not enhanced.

[2022-10-08 14:52:49 #4 type] 
Type domain.Evento is not enhanced.

[2022-10-08 14:52:49 #5 type] 
Type domain.Pregunta is not enhanced.

[2022-10-08 14:52:49 #6 type] 
Type domain.Pronostico is not enhanced.

[2022-10-08 14:52:49 #7 type] 
Type domain.Administrador is not enhanced.

[2022-10-08 14:52:49 #8 type] 
Type domain.Apuesta is not enhanced.

[2022-10-08 14:52:49 #9 type] 
Type domain.Usuario is not enhanced.

[2022-10-08 14:52:49 #10 type] 
Type domain.InformeError is not enhanced.

[2022-10-08 14:52:49 #11 type] 
Type domain.Promocion is not enhanced.

------------------------------------------------------------------------------------------------------------------------

[2022-10-08 14:54:16 #1 store] 
Database 'C:\Users\MIKEL\git\betsProject\src\main\resources\bets.temp' is opened by 12196@DESKTOP-SLHH47P

[2022-10-08 14:54:16 #2 type] 
Type domain.Competicion is not enhanced.

[2022-10-08 14:54:16 #3 type] 
Type domain.Actor is not enhanced.

[2022-10-08 14:54:16 #4 type] 
Type domain.Evento is not enhanced.

[2022-10-08 14:54:16 #5 type] 
Type domain.Pregunta is not enhanced.

[2022-10-08 14:54:16 #6 type] 
Type domain.Pronostico is not enhanced.

[2022-10-08 14:54:16 #7 type] 
Type domain.Administrador is not enhanced.

[2022-10-08 14:54:16 #8 type] 
Type domain.Apuesta is not enhanced.

[2022-10-08 14:54:16 #9 type] 
Type domain.Usuario is not enhanced.

[2022-10-08 14:54:16 #10 type] 
Type domain.InformeError is not enhanced.

[2022-10-08 14:54:16 #11 type] 
Type domain.Promocion is not enhanced.

