------------------------------------------------------------------------------------------------------------------------

[2022-05-03 19:47:34 #1 store] 
Database 'C:\Users\Usuario\git\RepositorioBets22-It3\Bets21\src\main\resources\bets.temp' is opened by 14932@DESKTOP-D1FDVAS

[2022-05-03 19:47:34 #2 type] 
Type domain.Competicion is not enhanced.

[2022-05-03 19:47:34 #3 type] 
Type domain.Actor is not enhanced.

[2022-05-03 19:47:34 #4 type] 
Type domain.Administrador is not enhanced.

[2022-05-03 19:47:34 #5 type] 
Type domain.Evento is not enhanced.

[2022-05-03 19:47:34 #6 type] 
Type domain.Pregunta is not enhanced.

[2022-05-03 19:47:34 #7 type] 
Type domain.Pronostico is not enhanced.

[2022-05-03 19:47:34 #8 type] 
Type domain.Apuesta is not enhanced.

[2022-05-03 19:47:34 #9 type] 
Type domain.Usuario is not enhanced.

------------------------------------------------------------------------------------------------------------------------

[2022-05-03 19:54:13 #1 store] 
Database 'C:\Users\Usuario\git\RepositorioBets22-It3\Bets21\src\main\resources\bets.temp' has been recovered (tr. 7-9)

[2022-05-03 19:54:13 #2 store] 
Database 'C:\Users\Usuario\git\RepositorioBets22-It3\Bets21\src\main\resources\bets.temp' is opened by 15904@DESKTOP-D1FDVAS

[2022-05-03 19:54:13 #3 type] 
Type domain.Competicion is not enhanced.

[2022-05-03 19:54:13 #4 type] 
Type domain.Actor is not enhanced.

[2022-05-03 19:54:13 #5 type] 
Type domain.Administrador is not enhanced.

[2022-05-03 19:54:13 #6 type] 
Type domain.Evento is not enhanced.

[2022-05-03 19:54:13 #7 type] 
Type domain.Pregunta is not enhanced.

[2022-05-03 19:54:13 #8 type] 
Type domain.Pronostico is not enhanced.

[2022-05-03 19:54:13 #9 type] 
Type domain.Apuesta is not enhanced.

[2022-05-03 19:54:13 #10 type] 
Type domain.Usuario is not enhanced.

------------------------------------------------------------------------------------------------------------------------

[2022-05-03 19:54:31 #1 store] 
Database 'C:\Users\Usuario\git\RepositorioBets22-It3\Bets21\src\main\resources\bets.temp' is opened by 18000@DESKTOP-D1FDVAS

[2022-05-03 19:54:31 #2 type] 
Type domain.Competicion is not enhanced.

[2022-05-03 19:54:31 #3 type] 
Type domain.Actor is not enhanced.

[2022-05-03 19:54:31 #4 type] 
Type domain.Administrador is not enhanced.

[2022-05-03 19:54:31 #5 type] 
Type domain.Evento is not enhanced.

[2022-05-03 19:54:31 #6 type] 
Type domain.Pregunta is not enhanced.

[2022-05-03 19:54:31 #7 type] 
Type domain.Pronostico is not enhanced.

[2022-05-03 19:54:31 #8 type] 
Type domain.Apuesta is not enhanced.

[2022-05-03 19:54:31 #9 type] 
Type domain.Usuario is not enhanced.

